#
# There is insufficient memory for the Java Runtime Environment to continue.
# Native memory allocation (malloc) failed to allocate 713872 bytes. Error detail: Chunk::new
# Possible reasons:
#   The system is out of physical RAM or swap space
#   This process is running with CompressedOops enabled, and the Java Heap may be blocking the growth of the native heap
# Possible solutions:
#   Reduce memory load on the system
#   Increase physical memory or swap space
#   Check if swap backing store is full
#   Decrease Java heap size (-Xmx/-Xms)
#   Decrease number of Java threads
#   Decrease Java thread stack sizes (-Xss)
#   Set larger code cache with -XX:ReservedCodeCacheSize=
#   JVM is running with Unscaled Compressed Oops mode in which the Java heap is
#     placed in the first 4GB address space. The Java Heap base address is the
#     maximum limit for the native heap growth. Please use -XX:HeapBaseMinAddress
#     to set the Java Heap base and to place the Java Heap above 4GB virtual address.
# This output file may be truncated or incomplete.
#
#  Out of Memory Error (arena.cpp:162), pid=30660, tid=37456
#
# JRE version: Java(TM) SE Runtime Environment (24.0.1+9) (build 24.0.1+9-30)
# Java VM: Java HotSpot(TM) 64-Bit Server VM (24.0.1+9-30, mixed mode, sharing, tiered, compressed oops, compressed class ptrs, g1 gc, windows-amd64)
# No core dump will be written. Minidumps are not enabled by default on client versions of Windows
#

---------------  S U M M A R Y ------------

Command Line: -Dorg.gradle.internal.worker.tmpdir=D:\workspace\github\spring-framework\buildSrc\build\tmp\test\work --add-opens=java.base/java.lang=ALL-UNNAMED -Xmx512m -Dfile.encoding=UTF-8 -Duser.country=CN -Duser.language=zh -Duser.variant -ea worker.org.gradle.process.internal.worker.GradleWorkerMain 'Gradle Test Executor 3'

Host: 13th Gen Intel(R) Core(TM) i5-13500H, 16 cores, 15G,  Windows 11 , 64 bit Build 26100 (10.0.26100.7019)
Time: Tue Nov 25 14:28:21 2025  Windows 11 , 64 bit Build 26100 (10.0.26100.7019) elapsed time: 3.646546 seconds (0d 0h 0m 3s)

---------------  T H R E A D  ---------------

Current thread (0x0000026f6f771750):  JavaThread "C2 CompilerThread0" daemon [_thread_in_native, id=37456, stack(0x0000007234c00000,0x0000007234d00000) (1024K)]


Current CompileTask:
C2:3646 1094       4       java.lang.String::substring (58 bytes)

Stack: [0x0000007234c00000,0x0000007234d00000]
Native frames: (J=compiled Java code, j=interpreted, Vv=VM code, C=native code)
V  [jvm.dll+0x730739]  (no source info available)
V  [jvm.dll+0x8d9b23]  (no source info available)
V  [jvm.dll+0x8dc00d]  (no source info available)
V  [jvm.dll+0x8dc683]  (no source info available)
V  [jvm.dll+0x2aa086]  (no source info available)
V  [jvm.dll+0xcedef]  (no source info available)
V  [jvm.dll+0xcf04f]  (no source info available)
V  [jvm.dll+0x154d83]  (no source info available)
V  [jvm.dll+0x735f5f]  (no source info available)
V  [jvm.dll+0x26fa1c]  (no source info available)
V  [jvm.dll+0x26ea3f]  (no source info available)
V  [jvm.dll+0x1e9d60]  (no source info available)
V  [jvm.dll+0x27e1fb]  (no source info available)
V  [jvm.dll+0x27c49a]  (no source info available)
V  [jvm.dll+0x42f456]  (no source info available)
V  [jvm.dll+0x87d76b]  (no source info available)
V  [jvm.dll+0x72ee55]  (no source info available)
C  [ucrtbase.dll+0x37b0]  (no source info available)
C  [KERNEL32.DLL+0x2e8d7]  (no source info available)
C  [ntdll.dll+0x8c53c]  (no source info available)

Lock stack of current Java thread (top to bottom):


---------------  P R O C E S S  ---------------

Threads class SMR info:
_java_thread_list=0x0000026f46157d20, length=15, elements={
0x0000026f53ca3b90, 0x0000026f6f76bbe0, 0x0000026f6f76c320, 0x0000026f6f76ce70,
0x0000026f6f76d9a0, 0x0000026f6f76e4d0, 0x0000026f6f770650, 0x0000026f6f771750,
0x0000026f6f79a6f0, 0x0000026f4116cc20, 0x0000026f411c5b80, 0x0000026f411c6b20,
0x0000026f411da830, 0x0000026f46147900, 0x0000026f461d2210
}

Java Threads: ( => current thread )
  0x0000026f53ca3b90 JavaThread "main"                              [_thread_in_vm, id=26380, stack(0x0000007233e00000,0x0000007233f00000) (1024K)]
  0x0000026f6f76bbe0 JavaThread "Reference Handler"          daemon [_thread_blocked, id=39608, stack(0x0000007234600000,0x0000007234700000) (1024K)]
  0x0000026f6f76c320 JavaThread "Finalizer"                  daemon [_thread_blocked, id=47592, stack(0x0000007234700000,0x0000007234800000) (1024K)]
  0x0000026f6f76ce70 JavaThread "Signal Dispatcher"          daemon [_thread_blocked, id=44296, stack(0x0000007234800000,0x0000007234900000) (1024K)]
  0x0000026f6f76d9a0 JavaThread "Attach Listener"            daemon [_thread_blocked, id=39636, stack(0x0000007234900000,0x0000007234a00000) (1024K)]
  0x0000026f6f76e4d0 JavaThread "Service Thread"             daemon [_thread_blocked, id=46340, stack(0x0000007234a00000,0x0000007234b00000) (1024K)]
  0x0000026f6f770650 JavaThread "Monitor Deflation Thread"   daemon [_thread_blocked, id=19172, stack(0x0000007234b00000,0x0000007234c00000) (1024K)]
=>0x0000026f6f771750 JavaThread "C2 CompilerThread0"         daemon [_thread_in_native, id=37456, stack(0x0000007234c00000,0x0000007234d00000) (1024K)]
  0x0000026f6f79a6f0 JavaThread "C1 CompilerThread0"         daemon [_thread_blocked, id=12988, stack(0x0000007234d00000,0x0000007234e00000) (1024K)]
  0x0000026f4116cc20 JavaThread "C1 CompilerThread1"         daemon [_thread_blocked, id=45112, stack(0x0000007234e00000,0x0000007234f00000) (1024K)]
  0x0000026f411c5b80 JavaThread "Notification Thread"        daemon [_thread_blocked, id=45444, stack(0x0000007234f00000,0x0000007235000000) (1024K)]
  0x0000026f411c6b20 JavaThread "Common-Cleaner"             daemon [_thread_blocked, id=24188, stack(0x0000007235000000,0x0000007235100000) (1024K)]
  0x0000026f411da830 JavaThread "C2 CompilerThread1"         daemon [_thread_in_native, id=46296, stack(0x0000007235100000,0x0000007235200000) (1024K)]
  0x0000026f46147900 JavaThread "C1 CompilerThread2"         daemon [_thread_in_native, id=23484, stack(0x0000007235200000,0x0000007235300000) (1024K)]
  0x0000026f461d2210 JavaThread "C2 CompilerThread2"         daemon [_thread_blocked, id=46828, stack(0x0000007235300000,0x0000007235400000) (1024K)]
Total: 15

Other Threads:
  0x0000026f6f75ade0 VMThread "VM Thread"                           [id=36000, stack(0x0000007234500000,0x0000007234600000) (1024K)]
  0x0000026f410819e0 WatcherThread "VM Periodic Task Thread"        [id=44024, stack(0x0000007234400000,0x0000007234500000) (1024K)]
  0x0000026f53cd37d0 WorkerThread "GC Thread#0"                     [id=43756, stack(0x0000007233f00000,0x0000007234000000) (1024K)]
  0x0000026f53cea720 ConcurrentGCThread "G1 Main Marker"            [id=45880, stack(0x0000007234000000,0x0000007234100000) (1024K)]
  0x0000026f53ced890 WorkerThread "G1 Conc#0"                       [id=34044, stack(0x0000007234100000,0x0000007234200000) (1024K)]
  0x0000026f6f695720 ConcurrentGCThread "G1 Refine#0"               [id=9868, stack(0x0000007234200000,0x0000007234300000) (1024K)]
  0x0000026f6f696050 ConcurrentGCThread "G1 Service"                [id=45508, stack(0x0000007234300000,0x0000007234400000) (1024K)]
Total: 7

Threads with active compile tasks:
C2 CompilerThread0  5645 1094       4       java.lang.String::substring (58 bytes)
C2 CompilerThread1  5645 1099   !   4       java.util.concurrent.ConcurrentHashMap::putVal (432 bytes)
Total: 2

VM state: not at safepoint (normal execution)

VM Mutex/Monitor currently owned by a thread: None

Heap address: 0x00000000e0000000, size: 512 MB, Compressed Oops mode: 32-bit

CDS archive(s) mapped at: [0x0000026f00000000-0x0000026f00d40000-0x0000026f00d40000), size 13893632, SharedBaseAddress: 0x0000026f00000000, ArchiveRelocationMode: 1.
Compressed class space mapped at: 0x0000026f01000000-0x0000026f41000000, reserved size: 1073741824
UseCompressedClassPointers 1, UseCompactObjectHeaders 0
Narrow klass pointer bits 32, Max shift 3
Narrow klass base: 0x0000026f00000000, Narrow klass shift: 0
Encoding Range: [0x0000026f00000000 - 0x0000027000000000), (4294967296 bytes)
Klass Range:    [0x0000026f00000000 - 0x0000026f41000000), (1090519040 bytes)
Klass ID Range:  [8 - 1090519033) (1090519025)

GC Precious Log:
 CardTable entry size: 512
 Card Set container configuration: InlinePtr #cards 5 size 8 Array Of Cards #cards 10 size 36 Howl #buckets 4 coarsen threshold 1843 Howl Bitmap #cards 512 size 80 coarsen threshold 460 Card regions per heap region 1 cards per card region 2048
 CPUs: 16 total, 16 available
 Memory: 16123M
 Large Page Support: Disabled
 NUMA Support: Disabled
 Compressed Oops: Enabled (32-bit)
 Heap Region Size: 1M
 Heap Min Capacity: 8M
 Heap Initial Capacity: 252M
 Heap Max Capacity: 512M
 Pre-touch: Disabled
 Parallel Workers: 13
 Concurrent Workers: 3
 Concurrent Refinement Workers: 13
 Periodic GC: Disabled

Heap:
 garbage-first heap   total reserved 524288K, committed 260096K, used 29812K [0x00000000e0000000, 0x0000000100000000)
  region size 1024K, 19 young (19456K), 0 survivors (0K)
 Metaspace       used 3966K, committed 4160K, reserved 1114112K
  class space    used 348K, committed 448K, reserved 1048576K

Heap Regions: E=young(eden), S=young(survivor), O=old, HS=humongous(starts), HC=humongous(continues), CS=collection set, F=free, TAMS=top-at-mark-start, PB=parsable bottom
|   0|0x00000000e0000000, 0x00000000e0100000, 0x00000000e0100000|100%|HS|  |TAMS 0x00000000e0000000| PB 0x00000000e0000000| Complete |  0
|   1|0x00000000e0100000, 0x00000000e0200000, 0x00000000e0200000|100%|HC|  |TAMS 0x00000000e0100000| PB 0x00000000e0100000| Complete |  0
|   2|0x00000000e0200000, 0x00000000e0300000, 0x00000000e0300000|100%|HC|  |TAMS 0x00000000e0200000| PB 0x00000000e0200000| Complete |  0
|   3|0x00000000e0300000, 0x00000000e0400000, 0x00000000e0400000|100%|HC|  |TAMS 0x00000000e0300000| PB 0x00000000e0300000| Complete |  0
|   4|0x00000000e0400000, 0x00000000e0500000, 0x00000000e0500000|100%|HC|  |TAMS 0x00000000e0400000| PB 0x00000000e0400000| Complete |  0
|   5|0x00000000e0500000, 0x00000000e0600000, 0x00000000e0600000|100%|HC|  |TAMS 0x00000000e0500000| PB 0x00000000e0500000| Complete |  0
|   6|0x00000000e0600000, 0x00000000e0700000, 0x00000000e0700000|100%|HS|  |TAMS 0x00000000e0600000| PB 0x00000000e0600000| Complete |  0
|   7|0x00000000e0700000, 0x00000000e0800000, 0x00000000e0800000|100%|HS|  |TAMS 0x00000000e0700000| PB 0x00000000e0700000| Complete |  0
|   8|0x00000000e0800000, 0x00000000e0900000, 0x00000000e0900000|100%|HC|  |TAMS 0x00000000e0800000| PB 0x00000000e0800000| Complete |  0
|   9|0x00000000e0900000, 0x00000000e0a00000, 0x00000000e0a00000|100%|HS|  |TAMS 0x00000000e0900000| PB 0x00000000e0900000| Complete |  0
|  10|0x00000000e0a00000, 0x00000000e0b00000, 0x00000000e0b00000|100%|HS|  |TAMS 0x00000000e0a00000| PB 0x00000000e0a00000| Complete |  0
|  11|0x00000000e0b00000, 0x00000000e0b00000, 0x00000000e0c00000|  0%| F|  |TAMS 0x00000000e0b00000| PB 0x00000000e0b00000| Untracked |  0
|  12|0x00000000e0c00000, 0x00000000e0c00000, 0x00000000e0d00000|  0%| F|  |TAMS 0x00000000e0c00000| PB 0x00000000e0c00000| Untracked |  0
|  13|0x00000000e0d00000, 0x00000000e0d00000, 0x00000000e0e00000|  0%| F|  |TAMS 0x00000000e0d00000| PB 0x00000000e0d00000| Untracked |  0
|  14|0x00000000e0e00000, 0x00000000e0e00000, 0x00000000e0f00000|  0%| F|  |TAMS 0x00000000e0e00000| PB 0x00000000e0e00000| Untracked |  0
|  15|0x00000000e0f00000, 0x00000000e0f00000, 0x00000000e1000000|  0%| F|  |TAMS 0x00000000e0f00000| PB 0x00000000e0f00000| Untracked |  0
|  16|0x00000000e1000000, 0x00000000e1000000, 0x00000000e1100000|  0%| F|  |TAMS 0x00000000e1000000| PB 0x00000000e1000000| Untracked |  0
|  17|0x00000000e1100000, 0x00000000e1100000, 0x00000000e1200000|  0%| F|  |TAMS 0x00000000e1100000| PB 0x00000000e1100000| Untracked |  0
|  18|0x00000000e1200000, 0x00000000e1200000, 0x00000000e1300000|  0%| F|  |TAMS 0x00000000e1200000| PB 0x00000000e1200000| Untracked |  0
|  19|0x00000000e1300000, 0x00000000e1300000, 0x00000000e1400000|  0%| F|  |TAMS 0x00000000e1300000| PB 0x00000000e1300000| Untracked |  0
|  20|0x00000000e1400000, 0x00000000e1400000, 0x00000000e1500000|  0%| F|  |TAMS 0x00000000e1400000| PB 0x00000000e1400000| Untracked |  0
|  21|0x00000000e1500000, 0x00000000e1500000, 0x00000000e1600000|  0%| F|  |TAMS 0x00000000e1500000| PB 0x00000000e1500000| Untracked |  0
|  22|0x00000000e1600000, 0x00000000e1600000, 0x00000000e1700000|  0%| F|  |TAMS 0x00000000e1600000| PB 0x00000000e1600000| Untracked |  0
|  23|0x00000000e1700000, 0x00000000e1700000, 0x00000000e1800000|  0%| F|  |TAMS 0x00000000e1700000| PB 0x00000000e1700000| Untracked |  0
|  24|0x00000000e1800000, 0x00000000e1800000, 0x00000000e1900000|  0%| F|  |TAMS 0x00000000e1800000| PB 0x00000000e1800000| Untracked |  0
|  25|0x00000000e1900000, 0x00000000e1900000, 0x00000000e1a00000|  0%| F|  |TAMS 0x00000000e1900000| PB 0x00000000e1900000| Untracked |  0
|  26|0x00000000e1a00000, 0x00000000e1a00000, 0x00000000e1b00000|  0%| F|  |TAMS 0x00000000e1a00000| PB 0x00000000e1a00000| Untracked |  0
|  27|0x00000000e1b00000, 0x00000000e1b00000, 0x00000000e1c00000|  0%| F|  |TAMS 0x00000000e1b00000| PB 0x00000000e1b00000| Untracked |  0
|  28|0x00000000e1c00000, 0x00000000e1c00000, 0x00000000e1d00000|  0%| F|  |TAMS 0x00000000e1c00000| PB 0x00000000e1c00000| Untracked |  0
|  29|0x00000000e1d00000, 0x00000000e1d00000, 0x00000000e1e00000|  0%| F|  |TAMS 0x00000000e1d00000| PB 0x00000000e1d00000| Untracked |  0
|  30|0x00000000e1e00000, 0x00000000e1e00000, 0x00000000e1f00000|  0%| F|  |TAMS 0x00000000e1e00000| PB 0x00000000e1e00000| Untracked |  0
|  31|0x00000000e1f00000, 0x00000000e1f00000, 0x00000000e2000000|  0%| F|  |TAMS 0x00000000e1f00000| PB 0x00000000e1f00000| Untracked |  0
|  32|0x00000000e2000000, 0x00000000e2000000, 0x00000000e2100000|  0%| F|  |TAMS 0x00000000e2000000| PB 0x00000000e2000000| Untracked |  0
|  33|0x00000000e2100000, 0x00000000e2100000, 0x00000000e2200000|  0%| F|  |TAMS 0x00000000e2100000| PB 0x00000000e2100000| Untracked |  0
|  34|0x00000000e2200000, 0x00000000e2200000, 0x00000000e2300000|  0%| F|  |TAMS 0x00000000e2200000| PB 0x00000000e2200000| Untracked |  0
|  35|0x00000000e2300000, 0x00000000e2300000, 0x00000000e2400000|  0%| F|  |TAMS 0x00000000e2300000| PB 0x00000000e2300000| Untracked |  0
|  36|0x00000000e2400000, 0x00000000e2400000, 0x00000000e2500000|  0%| F|  |TAMS 0x00000000e2400000| PB 0x00000000e2400000| Untracked |  0
|  37|0x00000000e2500000, 0x00000000e2500000, 0x00000000e2600000|  0%| F|  |TAMS 0x00000000e2500000| PB 0x00000000e2500000| Untracked |  0
|  38|0x00000000e2600000, 0x00000000e2600000, 0x00000000e2700000|  0%| F|  |TAMS 0x00000000e2600000| PB 0x00000000e2600000| Untracked |  0
|  39|0x00000000e2700000, 0x00000000e2700000, 0x00000000e2800000|  0%| F|  |TAMS 0x00000000e2700000| PB 0x00000000e2700000| Untracked |  0
|  40|0x00000000e2800000, 0x00000000e2800000, 0x00000000e2900000|  0%| F|  |TAMS 0x00000000e2800000| PB 0x00000000e2800000| Untracked |  0
|  41|0x00000000e2900000, 0x00000000e2900000, 0x00000000e2a00000|  0%| F|  |TAMS 0x00000000e2900000| PB 0x00000000e2900000| Untracked |  0
|  42|0x00000000e2a00000, 0x00000000e2a00000, 0x00000000e2b00000|  0%| F|  |TAMS 0x00000000e2a00000| PB 0x00000000e2a00000| Untracked |  0
|  43|0x00000000e2b00000, 0x00000000e2b00000, 0x00000000e2c00000|  0%| F|  |TAMS 0x00000000e2b00000| PB 0x00000000e2b00000| Untracked |  0
|  44|0x00000000e2c00000, 0x00000000e2c00000, 0x00000000e2d00000|  0%| F|  |TAMS 0x00000000e2c00000| PB 0x00000000e2c00000| Untracked |  0
|  45|0x00000000e2d00000, 0x00000000e2d00000, 0x00000000e2e00000|  0%| F|  |TAMS 0x00000000e2d00000| PB 0x00000000e2d00000| Untracked |  0
|  46|0x00000000e2e00000, 0x00000000e2e00000, 0x00000000e2f00000|  0%| F|  |TAMS 0x00000000e2e00000| PB 0x00000000e2e00000| Untracked |  0
|  47|0x00000000e2f00000, 0x00000000e2f00000, 0x00000000e3000000|  0%| F|  |TAMS 0x00000000e2f00000| PB 0x00000000e2f00000| Untracked |  0
|  48|0x00000000e3000000, 0x00000000e3000000, 0x00000000e3100000|  0%| F|  |TAMS 0x00000000e3000000| PB 0x00000000e3000000| Untracked |  0
|  49|0x00000000e3100000, 0x00000000e3100000, 0x00000000e3200000|  0%| F|  |TAMS 0x00000000e3100000| PB 0x00000000e3100000| Untracked |  0
|  50|0x00000000e3200000, 0x00000000e3200000, 0x00000000e3300000|  0%| F|  |TAMS 0x00000000e3200000| PB 0x00000000e3200000| Untracked |  0
|  51|0x00000000e3300000, 0x00000000e3300000, 0x00000000e3400000|  0%| F|  |TAMS 0x00000000e3300000| PB 0x00000000e3300000| Untracked |  0
|  52|0x00000000e3400000, 0x00000000e3400000, 0x00000000e3500000|  0%| F|  |TAMS 0x00000000e3400000| PB 0x00000000e3400000| Untracked |  0
|  53|0x00000000e3500000, 0x00000000e3500000, 0x00000000e3600000|  0%| F|  |TAMS 0x00000000e3500000| PB 0x00000000e3500000| Untracked |  0
|  54|0x00000000e3600000, 0x00000000e3600000, 0x00000000e3700000|  0%| F|  |TAMS 0x00000000e3600000| PB 0x00000000e3600000| Untracked |  0
|  55|0x00000000e3700000, 0x00000000e3700000, 0x00000000e3800000|  0%| F|  |TAMS 0x00000000e3700000| PB 0x00000000e3700000| Untracked |  0
|  56|0x00000000e3800000, 0x00000000e3800000, 0x00000000e3900000|  0%| F|  |TAMS 0x00000000e3800000| PB 0x00000000e3800000| Untracked |  0
|  57|0x00000000e3900000, 0x00000000e3900000, 0x00000000e3a00000|  0%| F|  |TAMS 0x00000000e3900000| PB 0x00000000e3900000| Untracked |  0
|  58|0x00000000e3a00000, 0x00000000e3a00000, 0x00000000e3b00000|  0%| F|  |TAMS 0x00000000e3a00000| PB 0x00000000e3a00000| Untracked |  0
|  59|0x00000000e3b00000, 0x00000000e3b00000, 0x00000000e3c00000|  0%| F|  |TAMS 0x00000000e3b00000| PB 0x00000000e3b00000| Untracked |  0
|  60|0x00000000e3c00000, 0x00000000e3c00000, 0x00000000e3d00000|  0%| F|  |TAMS 0x00000000e3c00000| PB 0x00000000e3c00000| Untracked |  0
|  61|0x00000000e3d00000, 0x00000000e3d00000, 0x00000000e3e00000|  0%| F|  |TAMS 0x00000000e3d00000| PB 0x00000000e3d00000| Untracked |  0
|  62|0x00000000e3e00000, 0x00000000e3e00000, 0x00000000e3f00000|  0%| F|  |TAMS 0x00000000e3e00000| PB 0x00000000e3e00000| Untracked |  0
|  63|0x00000000e3f00000, 0x00000000e3f00000, 0x00000000e4000000|  0%| F|  |TAMS 0x00000000e3f00000| PB 0x00000000e3f00000| Untracked |  0
|  64|0x00000000e4000000, 0x00000000e4000000, 0x00000000e4100000|  0%| F|  |TAMS 0x00000000e4000000| PB 0x00000000e4000000| Untracked |  0
|  65|0x00000000e4100000, 0x00000000e4100000, 0x00000000e4200000|  0%| F|  |TAMS 0x00000000e4100000| PB 0x00000000e4100000| Untracked |  0
|  66|0x00000000e4200000, 0x00000000e4200000, 0x00000000e4300000|  0%| F|  |TAMS 0x00000000e4200000| PB 0x00000000e4200000| Untracked |  0
|  67|0x00000000e4300000, 0x00000000e4300000, 0x00000000e4400000|  0%| F|  |TAMS 0x00000000e4300000| PB 0x00000000e4300000| Untracked |  0
|  68|0x00000000e4400000, 0x00000000e4400000, 0x00000000e4500000|  0%| F|  |TAMS 0x00000000e4400000| PB 0x00000000e4400000| Untracked |  0
|  69|0x00000000e4500000, 0x00000000e4500000, 0x00000000e4600000|  0%| F|  |TAMS 0x00000000e4500000| PB 0x00000000e4500000| Untracked |  0
|  70|0x00000000e4600000, 0x00000000e4600000, 0x00000000e4700000|  0%| F|  |TAMS 0x00000000e4600000| PB 0x00000000e4600000| Untracked |  0
|  71|0x00000000e4700000, 0x00000000e4700000, 0x00000000e4800000|  0%| F|  |TAMS 0x00000000e4700000| PB 0x00000000e4700000| Untracked |  0
|  72|0x00000000e4800000, 0x00000000e4800000, 0x00000000e4900000|  0%| F|  |TAMS 0x00000000e4800000| PB 0x00000000e4800000| Untracked |  0
|  73|0x00000000e4900000, 0x00000000e4900000, 0x00000000e4a00000|  0%| F|  |TAMS 0x00000000e4900000| PB 0x00000000e4900000| Untracked |  0
|  74|0x00000000e4a00000, 0x00000000e4a00000, 0x00000000e4b00000|  0%| F|  |TAMS 0x00000000e4a00000| PB 0x00000000e4a00000| Untracked |  0
|  75|0x00000000e4b00000, 0x00000000e4b00000, 0x00000000e4c00000|  0%| F|  |TAMS 0x00000000e4b00000| PB 0x00000000e4b00000| Untracked |  0
|  76|0x00000000e4c00000, 0x00000000e4c00000, 0x00000000e4d00000|  0%| F|  |TAMS 0x00000000e4c00000| PB 0x00000000e4c00000| Untracked |  0
|  77|0x00000000e4d00000, 0x00000000e4d00000, 0x00000000e4e00000|  0%| F|  |TAMS 0x00000000e4d00000| PB 0x00000000e4d00000| Untracked |  0
|  78|0x00000000e4e00000, 0x00000000e4e00000, 0x00000000e4f00000|  0%| F|  |TAMS 0x00000000e4e00000| PB 0x00000000e4e00000| Untracked |  0
|  79|0x00000000e4f00000, 0x00000000e4f00000, 0x00000000e5000000|  0%| F|  |TAMS 0x00000000e4f00000| PB 0x00000000e4f00000| Untracked |  0
|  80|0x00000000e5000000, 0x00000000e5000000, 0x00000000e5100000|  0%| F|  |TAMS 0x00000000e5000000| PB 0x00000000e5000000| Untracked |  0
|  81|0x00000000e5100000, 0x00000000e5100000, 0x00000000e5200000|  0%| F|  |TAMS 0x00000000e5100000| PB 0x00000000e5100000| Untracked |  0
|  82|0x00000000e5200000, 0x00000000e5200000, 0x00000000e5300000|  0%| F|  |TAMS 0x00000000e5200000| PB 0x00000000e5200000| Untracked |  0
|  83|0x00000000e5300000, 0x00000000e5300000, 0x00000000e5400000|  0%| F|  |TAMS 0x00000000e5300000| PB 0x00000000e5300000| Untracked |  0
|  84|0x00000000e5400000, 0x00000000e5400000, 0x00000000e5500000|  0%| F|  |TAMS 0x00000000e5400000| PB 0x00000000e5400000| Untracked |  0
|  85|0x00000000e5500000, 0x00000000e5500000, 0x00000000e5600000|  0%| F|  |TAMS 0x00000000e5500000| PB 0x00000000e5500000| Untracked |  0
|  86|0x00000000e5600000, 0x00000000e5600000, 0x00000000e5700000|  0%| F|  |TAMS 0x00000000e5600000| PB 0x00000000e5600000| Untracked |  0
|  87|0x00000000e5700000, 0x00000000e5700000, 0x00000000e5800000|  0%| F|  |TAMS 0x00000000e5700000| PB 0x00000000e5700000| Untracked |  0
|  88|0x00000000e5800000, 0x00000000e5800000, 0x00000000e5900000|  0%| F|  |TAMS 0x00000000e5800000| PB 0x00000000e5800000| Untracked |  0
|  89|0x00000000e5900000, 0x00000000e5900000, 0x00000000e5a00000|  0%| F|  |TAMS 0x00000000e5900000| PB 0x00000000e5900000| Untracked |  0
|  90|0x00000000e5a00000, 0x00000000e5a00000, 0x00000000e5b00000|  0%| F|  |TAMS 0x00000000e5a00000| PB 0x00000000e5a00000| Untracked |  0
|  91|0x00000000e5b00000, 0x00000000e5b00000, 0x00000000e5c00000|  0%| F|  |TAMS 0x00000000e5b00000| PB 0x00000000e5b00000| Untracked |  0
|  92|0x00000000e5c00000, 0x00000000e5c00000, 0x00000000e5d00000|  0%| F|  |TAMS 0x00000000e5c00000| PB 0x00000000e5c00000| Untracked |  0
|  93|0x00000000e5d00000, 0x00000000e5d00000, 0x00000000e5e00000|  0%| F|  |TAMS 0x00000000e5d00000| PB 0x00000000e5d00000| Untracked |  0
|  94|0x00000000e5e00000, 0x00000000e5e00000, 0x00000000e5f00000|  0%| F|  |TAMS 0x00000000e5e00000| PB 0x00000000e5e00000| Untracked |  0
|  95|0x00000000e5f00000, 0x00000000e5f00000, 0x00000000e6000000|  0%| F|  |TAMS 0x00000000e5f00000| PB 0x00000000e5f00000| Untracked |  0
|  96|0x00000000e6000000, 0x00000000e6000000, 0x00000000e6100000|  0%| F|  |TAMS 0x00000000e6000000| PB 0x00000000e6000000| Untracked |  0
|  97|0x00000000e6100000, 0x00000000e6100000, 0x00000000e6200000|  0%| F|  |TAMS 0x00000000e6100000| PB 0x00000000e6100000| Untracked |  0
|  98|0x00000000e6200000, 0x00000000e6200000, 0x00000000e6300000|  0%| F|  |TAMS 0x00000000e6200000| PB 0x00000000e6200000| Untracked |  0
|  99|0x00000000e6300000, 0x00000000e6300000, 0x00000000e6400000|  0%| F|  |TAMS 0x00000000e6300000| PB 0x00000000e6300000| Untracked |  0
| 100|0x00000000e6400000, 0x00000000e6400000, 0x00000000e6500000|  0%| F|  |TAMS 0x00000000e6400000| PB 0x00000000e6400000| Untracked |  0
| 101|0x00000000e6500000, 0x00000000e6500000, 0x00000000e6600000|  0%| F|  |TAMS 0x00000000e6500000| PB 0x00000000e6500000| Untracked |  0
| 102|0x00000000e6600000, 0x00000000e6600000, 0x00000000e6700000|  0%| F|  |TAMS 0x00000000e6600000| PB 0x00000000e6600000| Untracked |  0
| 103|0x00000000e6700000, 0x00000000e6700000, 0x00000000e6800000|  0%| F|  |TAMS 0x00000000e6700000| PB 0x00000000e6700000| Untracked |  0
| 104|0x00000000e6800000, 0x00000000e6800000, 0x00000000e6900000|  0%| F|  |TAMS 0x00000000e6800000| PB 0x00000000e6800000| Untracked |  0
| 105|0x00000000e6900000, 0x00000000e6900000, 0x00000000e6a00000|  0%| F|  |TAMS 0x00000000e6900000| PB 0x00000000e6900000| Untracked |  0
| 106|0x00000000e6a00000, 0x00000000e6a00000, 0x00000000e6b00000|  0%| F|  |TAMS 0x00000000e6a00000| PB 0x00000000e6a00000| Untracked |  0
| 107|0x00000000e6b00000, 0x00000000e6b00000, 0x00000000e6c00000|  0%| F|  |TAMS 0x00000000e6b00000| PB 0x00000000e6b00000| Untracked |  0
| 108|0x00000000e6c00000, 0x00000000e6c00000, 0x00000000e6d00000|  0%| F|  |TAMS 0x00000000e6c00000| PB 0x00000000e6c00000| Untracked |  0
| 109|0x00000000e6d00000, 0x00000000e6d00000, 0x00000000e6e00000|  0%| F|  |TAMS 0x00000000e6d00000| PB 0x00000000e6d00000| Untracked |  0
| 110|0x00000000e6e00000, 0x00000000e6e00000, 0x00000000e6f00000|  0%| F|  |TAMS 0x00000000e6e00000| PB 0x00000000e6e00000| Untracked |  0
| 111|0x00000000e6f00000, 0x00000000e6f00000, 0x00000000e7000000|  0%| F|  |TAMS 0x00000000e6f00000| PB 0x00000000e6f00000| Untracked |  0
| 112|0x00000000e7000000, 0x00000000e7000000, 0x00000000e7100000|  0%| F|  |TAMS 0x00000000e7000000| PB 0x00000000e7000000| Untracked |  0
| 113|0x00000000e7100000, 0x00000000e7100000, 0x00000000e7200000|  0%| F|  |TAMS 0x00000000e7100000| PB 0x00000000e7100000| Untracked |  0
| 114|0x00000000e7200000, 0x00000000e7200000, 0x00000000e7300000|  0%| F|  |TAMS 0x00000000e7200000| PB 0x00000000e7200000| Untracked |  0
| 115|0x00000000e7300000, 0x00000000e7300000, 0x00000000e7400000|  0%| F|  |TAMS 0x00000000e7300000| PB 0x00000000e7300000| Untracked |  0
| 116|0x00000000e7400000, 0x00000000e7400000, 0x00000000e7500000|  0%| F|  |TAMS 0x00000000e7400000| PB 0x00000000e7400000| Untracked |  0
| 117|0x00000000e7500000, 0x00000000e7500000, 0x00000000e7600000|  0%| F|  |TAMS 0x00000000e7500000| PB 0x00000000e7500000| Untracked |  0
| 118|0x00000000e7600000, 0x00000000e7600000, 0x00000000e7700000|  0%| F|  |TAMS 0x00000000e7600000| PB 0x00000000e7600000| Untracked |  0
| 119|0x00000000e7700000, 0x00000000e7700000, 0x00000000e7800000|  0%| F|  |TAMS 0x00000000e7700000| PB 0x00000000e7700000| Untracked |  0
| 120|0x00000000e7800000, 0x00000000e7800000, 0x00000000e7900000|  0%| F|  |TAMS 0x00000000e7800000| PB 0x00000000e7800000| Untracked |  0
| 121|0x00000000e7900000, 0x00000000e7900000, 0x00000000e7a00000|  0%| F|  |TAMS 0x00000000e7900000| PB 0x00000000e7900000| Untracked |  0
| 122|0x00000000e7a00000, 0x00000000e7a00000, 0x00000000e7b00000|  0%| F|  |TAMS 0x00000000e7a00000| PB 0x00000000e7a00000| Untracked |  0
| 123|0x00000000e7b00000, 0x00000000e7b00000, 0x00000000e7c00000|  0%| F|  |TAMS 0x00000000e7b00000| PB 0x00000000e7b00000| Untracked |  0
| 124|0x00000000e7c00000, 0x00000000e7c00000, 0x00000000e7d00000|  0%| F|  |TAMS 0x00000000e7c00000| PB 0x00000000e7c00000| Untracked |  0
| 125|0x00000000e7d00000, 0x00000000e7d00000, 0x00000000e7e00000|  0%| F|  |TAMS 0x00000000e7d00000| PB 0x00000000e7d00000| Untracked |  0
| 126|0x00000000e7e00000, 0x00000000e7e00000, 0x00000000e7f00000|  0%| F|  |TAMS 0x00000000e7e00000| PB 0x00000000e7e00000| Untracked |  0
| 127|0x00000000e7f00000, 0x00000000e7f00000, 0x00000000e8000000|  0%| F|  |TAMS 0x00000000e7f00000| PB 0x00000000e7f00000| Untracked |  0
| 128|0x00000000e8000000, 0x00000000e8000000, 0x00000000e8100000|  0%| F|  |TAMS 0x00000000e8000000| PB 0x00000000e8000000| Untracked |  0
| 129|0x00000000e8100000, 0x00000000e8100000, 0x00000000e8200000|  0%| F|  |TAMS 0x00000000e8100000| PB 0x00000000e8100000| Untracked |  0
| 130|0x00000000e8200000, 0x00000000e8200000, 0x00000000e8300000|  0%| F|  |TAMS 0x00000000e8200000| PB 0x00000000e8200000| Untracked |  0
| 131|0x00000000e8300000, 0x00000000e8300000, 0x00000000e8400000|  0%| F|  |TAMS 0x00000000e8300000| PB 0x00000000e8300000| Untracked |  0
| 132|0x00000000e8400000, 0x00000000e8400000, 0x00000000e8500000|  0%| F|  |TAMS 0x00000000e8400000| PB 0x00000000e8400000| Untracked |  0
| 133|0x00000000e8500000, 0x00000000e8500000, 0x00000000e8600000|  0%| F|  |TAMS 0x00000000e8500000| PB 0x00000000e8500000| Untracked |  0
| 134|0x00000000e8600000, 0x00000000e8600000, 0x00000000e8700000|  0%| F|  |TAMS 0x00000000e8600000| PB 0x00000000e8600000| Untracked |  0
| 135|0x00000000e8700000, 0x00000000e8700000, 0x00000000e8800000|  0%| F|  |TAMS 0x00000000e8700000| PB 0x00000000e8700000| Untracked |  0
| 136|0x00000000e8800000, 0x00000000e8800000, 0x00000000e8900000|  0%| F|  |TAMS 0x00000000e8800000| PB 0x00000000e8800000| Untracked |  0
| 137|0x00000000e8900000, 0x00000000e8900000, 0x00000000e8a00000|  0%| F|  |TAMS 0x00000000e8900000| PB 0x00000000e8900000| Untracked |  0
| 138|0x00000000e8a00000, 0x00000000e8a00000, 0x00000000e8b00000|  0%| F|  |TAMS 0x00000000e8a00000| PB 0x00000000e8a00000| Untracked |  0
| 139|0x00000000e8b00000, 0x00000000e8b00000, 0x00000000e8c00000|  0%| F|  |TAMS 0x00000000e8b00000| PB 0x00000000e8b00000| Untracked |  0
| 140|0x00000000e8c00000, 0x00000000e8c00000, 0x00000000e8d00000|  0%| F|  |TAMS 0x00000000e8c00000| PB 0x00000000e8c00000| Untracked |  0
| 141|0x00000000e8d00000, 0x00000000e8d00000, 0x00000000e8e00000|  0%| F|  |TAMS 0x00000000e8d00000| PB 0x00000000e8d00000| Untracked |  0
| 142|0x00000000e8e00000, 0x00000000e8e00000, 0x00000000e8f00000|  0%| F|  |TAMS 0x00000000e8e00000| PB 0x00000000e8e00000| Untracked |  0
| 143|0x00000000e8f00000, 0x00000000e8f00000, 0x00000000e9000000|  0%| F|  |TAMS 0x00000000e8f00000| PB 0x00000000e8f00000| Untracked |  0
| 144|0x00000000e9000000, 0x00000000e9000000, 0x00000000e9100000|  0%| F|  |TAMS 0x00000000e9000000| PB 0x00000000e9000000| Untracked |  0
| 145|0x00000000e9100000, 0x00000000e9100000, 0x00000000e9200000|  0%| F|  |TAMS 0x00000000e9100000| PB 0x00000000e9100000| Untracked |  0
| 146|0x00000000e9200000, 0x00000000e9200000, 0x00000000e9300000|  0%| F|  |TAMS 0x00000000e9200000| PB 0x00000000e9200000| Untracked |  0
| 147|0x00000000e9300000, 0x00000000e9300000, 0x00000000e9400000|  0%| F|  |TAMS 0x00000000e9300000| PB 0x00000000e9300000| Untracked |  0
| 148|0x00000000e9400000, 0x00000000e9400000, 0x00000000e9500000|  0%| F|  |TAMS 0x00000000e9400000| PB 0x00000000e9400000| Untracked |  0
| 149|0x00000000e9500000, 0x00000000e9500000, 0x00000000e9600000|  0%| F|  |TAMS 0x00000000e9500000| PB 0x00000000e9500000| Untracked |  0
| 150|0x00000000e9600000, 0x00000000e9600000, 0x00000000e9700000|  0%| F|  |TAMS 0x00000000e9600000| PB 0x00000000e9600000| Untracked |  0
| 151|0x00000000e9700000, 0x00000000e9700000, 0x00000000e9800000|  0%| F|  |TAMS 0x00000000e9700000| PB 0x00000000e9700000| Untracked |  0
| 152|0x00000000e9800000, 0x00000000e9800000, 0x00000000e9900000|  0%| F|  |TAMS 0x00000000e9800000| PB 0x00000000e9800000| Untracked |  0
| 153|0x00000000e9900000, 0x00000000e9900000, 0x00000000e9a00000|  0%| F|  |TAMS 0x00000000e9900000| PB 0x00000000e9900000| Untracked |  0
| 154|0x00000000e9a00000, 0x00000000e9a00000, 0x00000000e9b00000|  0%| F|  |TAMS 0x00000000e9a00000| PB 0x00000000e9a00000| Untracked |  0
| 155|0x00000000e9b00000, 0x00000000e9b00000, 0x00000000e9c00000|  0%| F|  |TAMS 0x00000000e9b00000| PB 0x00000000e9b00000| Untracked |  0
| 156|0x00000000e9c00000, 0x00000000e9c00000, 0x00000000e9d00000|  0%| F|  |TAMS 0x00000000e9c00000| PB 0x00000000e9c00000| Untracked |  0
| 157|0x00000000e9d00000, 0x00000000e9d00000, 0x00000000e9e00000|  0%| F|  |TAMS 0x00000000e9d00000| PB 0x00000000e9d00000| Untracked |  0
| 158|0x00000000e9e00000, 0x00000000e9e00000, 0x00000000e9f00000|  0%| F|  |TAMS 0x00000000e9e00000| PB 0x00000000e9e00000| Untracked |  0
| 159|0x00000000e9f00000, 0x00000000e9f00000, 0x00000000ea000000|  0%| F|  |TAMS 0x00000000e9f00000| PB 0x00000000e9f00000| Untracked |  0
| 160|0x00000000ea000000, 0x00000000ea000000, 0x00000000ea100000|  0%| F|  |TAMS 0x00000000ea000000| PB 0x00000000ea000000| Untracked |  0
| 161|0x00000000ea100000, 0x00000000ea100000, 0x00000000ea200000|  0%| F|  |TAMS 0x00000000ea100000| PB 0x00000000ea100000| Untracked |  0
| 162|0x00000000ea200000, 0x00000000ea200000, 0x00000000ea300000|  0%| F|  |TAMS 0x00000000ea200000| PB 0x00000000ea200000| Untracked |  0
| 163|0x00000000ea300000, 0x00000000ea300000, 0x00000000ea400000|  0%| F|  |TAMS 0x00000000ea300000| PB 0x00000000ea300000| Untracked |  0
| 164|0x00000000ea400000, 0x00000000ea400000, 0x00000000ea500000|  0%| F|  |TAMS 0x00000000ea400000| PB 0x00000000ea400000| Untracked |  0
| 165|0x00000000ea500000, 0x00000000ea500000, 0x00000000ea600000|  0%| F|  |TAMS 0x00000000ea500000| PB 0x00000000ea500000| Untracked |  0
| 166|0x00000000ea600000, 0x00000000ea600000, 0x00000000ea700000|  0%| F|  |TAMS 0x00000000ea600000| PB 0x00000000ea600000| Untracked |  0
| 167|0x00000000ea700000, 0x00000000ea700000, 0x00000000ea800000|  0%| F|  |TAMS 0x00000000ea700000| PB 0x00000000ea700000| Untracked |  0
| 168|0x00000000ea800000, 0x00000000ea800000, 0x00000000ea900000|  0%| F|  |TAMS 0x00000000ea800000| PB 0x00000000ea800000| Untracked |  0
| 169|0x00000000ea900000, 0x00000000ea900000, 0x00000000eaa00000|  0%| F|  |TAMS 0x00000000ea900000| PB 0x00000000ea900000| Untracked |  0
| 170|0x00000000eaa00000, 0x00000000eaa00000, 0x00000000eab00000|  0%| F|  |TAMS 0x00000000eaa00000| PB 0x00000000eaa00000| Untracked |  0
| 171|0x00000000eab00000, 0x00000000eab00000, 0x00000000eac00000|  0%| F|  |TAMS 0x00000000eab00000| PB 0x00000000eab00000| Untracked |  0
| 172|0x00000000eac00000, 0x00000000eac00000, 0x00000000ead00000|  0%| F|  |TAMS 0x00000000eac00000| PB 0x00000000eac00000| Untracked |  0
| 173|0x00000000ead00000, 0x00000000ead00000, 0x00000000eae00000|  0%| F|  |TAMS 0x00000000ead00000| PB 0x00000000ead00000| Untracked |  0
| 174|0x00000000eae00000, 0x00000000eae00000, 0x00000000eaf00000|  0%| F|  |TAMS 0x00000000eae00000| PB 0x00000000eae00000| Untracked |  0
| 175|0x00000000eaf00000, 0x00000000eaf00000, 0x00000000eb000000|  0%| F|  |TAMS 0x00000000eaf00000| PB 0x00000000eaf00000| Untracked |  0
| 176|0x00000000eb000000, 0x00000000eb000000, 0x00000000eb100000|  0%| F|  |TAMS 0x00000000eb000000| PB 0x00000000eb000000| Untracked |  0
| 177|0x00000000eb100000, 0x00000000eb100000, 0x00000000eb200000|  0%| F|  |TAMS 0x00000000eb100000| PB 0x00000000eb100000| Untracked |  0
| 178|0x00000000eb200000, 0x00000000eb200000, 0x00000000eb300000|  0%| F|  |TAMS 0x00000000eb200000| PB 0x00000000eb200000| Untracked |  0
| 179|0x00000000eb300000, 0x00000000eb300000, 0x00000000eb400000|  0%| F|  |TAMS 0x00000000eb300000| PB 0x00000000eb300000| Untracked |  0
| 180|0x00000000eb400000, 0x00000000eb400000, 0x00000000eb500000|  0%| F|  |TAMS 0x00000000eb400000| PB 0x00000000eb400000| Untracked |  0
| 181|0x00000000eb500000, 0x00000000eb500000, 0x00000000eb600000|  0%| F|  |TAMS 0x00000000eb500000| PB 0x00000000eb500000| Untracked |  0
| 182|0x00000000eb600000, 0x00000000eb600000, 0x00000000eb700000|  0%| F|  |TAMS 0x00000000eb600000| PB 0x00000000eb600000| Untracked |  0
| 183|0x00000000eb700000, 0x00000000eb700000, 0x00000000eb800000|  0%| F|  |TAMS 0x00000000eb700000| PB 0x00000000eb700000| Untracked |  0
| 184|0x00000000eb800000, 0x00000000eb800000, 0x00000000eb900000|  0%| F|  |TAMS 0x00000000eb800000| PB 0x00000000eb800000| Untracked |  0
| 185|0x00000000eb900000, 0x00000000eb900000, 0x00000000eba00000|  0%| F|  |TAMS 0x00000000eb900000| PB 0x00000000eb900000| Untracked |  0
| 186|0x00000000eba00000, 0x00000000eba00000, 0x00000000ebb00000|  0%| F|  |TAMS 0x00000000eba00000| PB 0x00000000eba00000| Untracked |  0
| 187|0x00000000ebb00000, 0x00000000ebb00000, 0x00000000ebc00000|  0%| F|  |TAMS 0x00000000ebb00000| PB 0x00000000ebb00000| Untracked |  0
| 188|0x00000000ebc00000, 0x00000000ebc00000, 0x00000000ebd00000|  0%| F|  |TAMS 0x00000000ebc00000| PB 0x00000000ebc00000| Untracked |  0
| 189|0x00000000ebd00000, 0x00000000ebd00000, 0x00000000ebe00000|  0%| F|  |TAMS 0x00000000ebd00000| PB 0x00000000ebd00000| Untracked |  0
| 190|0x00000000ebe00000, 0x00000000ebe00000, 0x00000000ebf00000|  0%| F|  |TAMS 0x00000000ebe00000| PB 0x00000000ebe00000| Untracked |  0
| 191|0x00000000ebf00000, 0x00000000ebf00000, 0x00000000ec000000|  0%| F|  |TAMS 0x00000000ebf00000| PB 0x00000000ebf00000| Untracked |  0
| 192|0x00000000ec000000, 0x00000000ec000000, 0x00000000ec100000|  0%| F|  |TAMS 0x00000000ec000000| PB 0x00000000ec000000| Untracked |  0
| 193|0x00000000ec100000, 0x00000000ec100000, 0x00000000ec200000|  0%| F|  |TAMS 0x00000000ec100000| PB 0x00000000ec100000| Untracked |  0
| 194|0x00000000ec200000, 0x00000000ec200000, 0x00000000ec300000|  0%| F|  |TAMS 0x00000000ec200000| PB 0x00000000ec200000| Untracked |  0
| 195|0x00000000ec300000, 0x00000000ec300000, 0x00000000ec400000|  0%| F|  |TAMS 0x00000000ec300000| PB 0x00000000ec300000| Untracked |  0
| 196|0x00000000ec400000, 0x00000000ec400000, 0x00000000ec500000|  0%| F|  |TAMS 0x00000000ec400000| PB 0x00000000ec400000| Untracked |  0
| 197|0x00000000ec500000, 0x00000000ec500000, 0x00000000ec600000|  0%| F|  |TAMS 0x00000000ec500000| PB 0x00000000ec500000| Untracked |  0
| 198|0x00000000ec600000, 0x00000000ec600000, 0x00000000ec700000|  0%| F|  |TAMS 0x00000000ec600000| PB 0x00000000ec600000| Untracked |  0
| 199|0x00000000ec700000, 0x00000000ec700000, 0x00000000ec800000|  0%| F|  |TAMS 0x00000000ec700000| PB 0x00000000ec700000| Untracked |  0
| 200|0x00000000ec800000, 0x00000000ec800000, 0x00000000ec900000|  0%| F|  |TAMS 0x00000000ec800000| PB 0x00000000ec800000| Untracked |  0
| 201|0x00000000ec900000, 0x00000000ec900000, 0x00000000eca00000|  0%| F|  |TAMS 0x00000000ec900000| PB 0x00000000ec900000| Untracked |  0
| 202|0x00000000eca00000, 0x00000000eca00000, 0x00000000ecb00000|  0%| F|  |TAMS 0x00000000eca00000| PB 0x00000000eca00000| Untracked |  0
| 203|0x00000000ecb00000, 0x00000000ecb00000, 0x00000000ecc00000|  0%| F|  |TAMS 0x00000000ecb00000| PB 0x00000000ecb00000| Untracked |  0
| 204|0x00000000ecc00000, 0x00000000ecc00000, 0x00000000ecd00000|  0%| F|  |TAMS 0x00000000ecc00000| PB 0x00000000ecc00000| Untracked |  0
| 205|0x00000000ecd00000, 0x00000000ecd00000, 0x00000000ece00000|  0%| F|  |TAMS 0x00000000ecd00000| PB 0x00000000ecd00000| Untracked |  0
| 206|0x00000000ece00000, 0x00000000ece00000, 0x00000000ecf00000|  0%| F|  |TAMS 0x00000000ece00000| PB 0x00000000ece00000| Untracked |  0
| 207|0x00000000ecf00000, 0x00000000ecf00000, 0x00000000ed000000|  0%| F|  |TAMS 0x00000000ecf00000| PB 0x00000000ecf00000| Untracked |  0
| 208|0x00000000ed000000, 0x00000000ed000000, 0x00000000ed100000|  0%| F|  |TAMS 0x00000000ed000000| PB 0x00000000ed000000| Untracked |  0
| 209|0x00000000ed100000, 0x00000000ed100000, 0x00000000ed200000|  0%| F|  |TAMS 0x00000000ed100000| PB 0x00000000ed100000| Untracked |  0
| 210|0x00000000ed200000, 0x00000000ed200000, 0x00000000ed300000|  0%| F|  |TAMS 0x00000000ed200000| PB 0x00000000ed200000| Untracked |  0
| 211|0x00000000ed300000, 0x00000000ed300000, 0x00000000ed400000|  0%| F|  |TAMS 0x00000000ed300000| PB 0x00000000ed300000| Untracked |  0
| 212|0x00000000ed400000, 0x00000000ed400000, 0x00000000ed500000|  0%| F|  |TAMS 0x00000000ed400000| PB 0x00000000ed400000| Untracked |  0
| 213|0x00000000ed500000, 0x00000000ed500000, 0x00000000ed600000|  0%| F|  |TAMS 0x00000000ed500000| PB 0x00000000ed500000| Untracked |  0
| 214|0x00000000ed600000, 0x00000000ed600000, 0x00000000ed700000|  0%| F|  |TAMS 0x00000000ed600000| PB 0x00000000ed600000| Untracked |  0
| 215|0x00000000ed700000, 0x00000000ed700000, 0x00000000ed800000|  0%| F|  |TAMS 0x00000000ed700000| PB 0x00000000ed700000| Untracked |  0
| 216|0x00000000ed800000, 0x00000000ed800000, 0x00000000ed900000|  0%| F|  |TAMS 0x00000000ed800000| PB 0x00000000ed800000| Untracked |  0
| 217|0x00000000ed900000, 0x00000000ed900000, 0x00000000eda00000|  0%| F|  |TAMS 0x00000000ed900000| PB 0x00000000ed900000| Untracked |  0
| 218|0x00000000eda00000, 0x00000000eda00000, 0x00000000edb00000|  0%| F|  |TAMS 0x00000000eda00000| PB 0x00000000eda00000| Untracked |  0
| 219|0x00000000edb00000, 0x00000000edb00000, 0x00000000edc00000|  0%| F|  |TAMS 0x00000000edb00000| PB 0x00000000edb00000| Untracked |  0
| 220|0x00000000edc00000, 0x00000000edc00000, 0x00000000edd00000|  0%| F|  |TAMS 0x00000000edc00000| PB 0x00000000edc00000| Untracked |  0
| 221|0x00000000edd00000, 0x00000000edd00000, 0x00000000ede00000|  0%| F|  |TAMS 0x00000000edd00000| PB 0x00000000edd00000| Untracked |  0
| 222|0x00000000ede00000, 0x00000000ede00000, 0x00000000edf00000|  0%| F|  |TAMS 0x00000000ede00000| PB 0x00000000ede00000| Untracked |  0
| 223|0x00000000edf00000, 0x00000000edf00000, 0x00000000ee000000|  0%| F|  |TAMS 0x00000000edf00000| PB 0x00000000edf00000| Untracked |  0
| 224|0x00000000ee000000, 0x00000000ee000000, 0x00000000ee100000|  0%| F|  |TAMS 0x00000000ee000000| PB 0x00000000ee000000| Untracked |  0
| 225|0x00000000ee100000, 0x00000000ee100000, 0x00000000ee200000|  0%| F|  |TAMS 0x00000000ee100000| PB 0x00000000ee100000| Untracked |  0
| 226|0x00000000ee200000, 0x00000000ee200000, 0x00000000ee300000|  0%| F|  |TAMS 0x00000000ee200000| PB 0x00000000ee200000| Untracked |  0
| 227|0x00000000ee300000, 0x00000000ee300000, 0x00000000ee400000|  0%| F|  |TAMS 0x00000000ee300000| PB 0x00000000ee300000| Untracked |  0
| 228|0x00000000ee400000, 0x00000000ee400000, 0x00000000ee500000|  0%| F|  |TAMS 0x00000000ee400000| PB 0x00000000ee400000| Untracked |  0
| 229|0x00000000ee500000, 0x00000000ee500000, 0x00000000ee600000|  0%| F|  |TAMS 0x00000000ee500000| PB 0x00000000ee500000| Untracked |  0
| 230|0x00000000ee600000, 0x00000000ee600000, 0x00000000ee700000|  0%| F|  |TAMS 0x00000000ee600000| PB 0x00000000ee600000| Untracked |  0
| 231|0x00000000ee700000, 0x00000000ee700000, 0x00000000ee800000|  0%| F|  |TAMS 0x00000000ee700000| PB 0x00000000ee700000| Untracked |  0
| 232|0x00000000ee800000, 0x00000000ee800000, 0x00000000ee900000|  0%| F|  |TAMS 0x00000000ee800000| PB 0x00000000ee800000| Untracked |  0
| 233|0x00000000ee900000, 0x00000000ee980000, 0x00000000eea00000| 50%| E|  |TAMS 0x00000000ee900000| PB 0x00000000ee900000| Complete |  0
| 234|0x00000000eea00000, 0x00000000eeb00000, 0x00000000eeb00000|100%| E|CS|TAMS 0x00000000eea00000| PB 0x00000000eea00000| Complete |  0
| 235|0x00000000eeb00000, 0x00000000eec00000, 0x00000000eec00000|100%| E|CS|TAMS 0x00000000eeb00000| PB 0x00000000eeb00000| Complete |  0
| 236|0x00000000eec00000, 0x00000000eed00000, 0x00000000eed00000|100%| E|CS|TAMS 0x00000000eec00000| PB 0x00000000eec00000| Complete |  0
| 237|0x00000000eed00000, 0x00000000eee00000, 0x00000000eee00000|100%| E|CS|TAMS 0x00000000eed00000| PB 0x00000000eed00000| Complete |  0
| 238|0x00000000eee00000, 0x00000000eef00000, 0x00000000eef00000|100%| E|CS|TAMS 0x00000000eee00000| PB 0x00000000eee00000| Complete |  0
| 239|0x00000000eef00000, 0x00000000ef000000, 0x00000000ef000000|100%| E|CS|TAMS 0x00000000eef00000| PB 0x00000000eef00000| Complete |  0
| 240|0x00000000ef000000, 0x00000000ef100000, 0x00000000ef100000|100%| E|CS|TAMS 0x00000000ef000000| PB 0x00000000ef000000| Complete |  0
| 241|0x00000000ef100000, 0x00000000ef200000, 0x00000000ef200000|100%| E|CS|TAMS 0x00000000ef100000| PB 0x00000000ef100000| Complete |  0
| 242|0x00000000ef200000, 0x00000000ef300000, 0x00000000ef300000|100%| E|CS|TAMS 0x00000000ef200000| PB 0x00000000ef200000| Complete |  0
| 243|0x00000000ef300000, 0x00000000ef400000, 0x00000000ef400000|100%| E|  |TAMS 0x00000000ef300000| PB 0x00000000ef300000| Complete |  0
| 244|0x00000000ef400000, 0x00000000ef500000, 0x00000000ef500000|100%| E|CS|TAMS 0x00000000ef400000| PB 0x00000000ef400000| Complete |  0
| 245|0x00000000ef500000, 0x00000000ef600000, 0x00000000ef600000|100%| E|CS|TAMS 0x00000000ef500000| PB 0x00000000ef500000| Complete |  0
| 246|0x00000000ef600000, 0x00000000ef700000, 0x00000000ef700000|100%| E|CS|TAMS 0x00000000ef600000| PB 0x00000000ef600000| Complete |  0
| 247|0x00000000ef700000, 0x00000000ef800000, 0x00000000ef800000|100%| E|CS|TAMS 0x00000000ef700000| PB 0x00000000ef700000| Complete |  0
| 248|0x00000000ef800000, 0x00000000ef900000, 0x00000000ef900000|100%| E|CS|TAMS 0x00000000ef800000| PB 0x00000000ef800000| Complete |  0
| 249|0x00000000ef900000, 0x00000000efa00000, 0x00000000efa00000|100%| E|CS|TAMS 0x00000000ef900000| PB 0x00000000ef900000| Complete |  0
| 250|0x00000000efa00000, 0x00000000efb00000, 0x00000000efb00000|100%| E|CS|TAMS 0x00000000efa00000| PB 0x00000000efa00000| Complete |  0
| 251|0x00000000efb00000, 0x00000000efc00000, 0x00000000efc00000|100%| E|CS|TAMS 0x00000000efb00000| PB 0x00000000efb00000| Complete |  0
| 510|0x00000000ffe00000, 0x00000000fff00000, 0x00000000fff00000|100%| O|  |TAMS 0x00000000ffe00000| PB 0x00000000ffe00000| Untracked |  0
| 511|0x00000000fff00000, 0x00000000fff1d1c0, 0x0000000100000000| 11%| O|  |TAMS 0x00000000fff00000| PB 0x00000000fff00000| Untracked |  0

Card table byte_map: [0x0000026f6bed0000,0x0000026f6bfd0000] _byte_map_base: 0x0000026f6b7d0000

Marking Bits: (CMBitMap*) 0x0000026f53cd3ee0
 Bits: [0x0000026f6bfd0000, 0x0000026f6c7d0000)

Polling page: 0x0000026f51c20000

Metaspace:

Usage:
  Non-class:      3.54 MB used.
      Class:    348.90 KB used.
       Both:      3.88 MB used.

Virtual space:
  Non-class space:       64.00 MB reserved,       3.62 MB (  6%) committed,  1 nodes.
      Class space:        1.00 GB reserved,     448.00 KB ( <1%) committed,  1 nodes.
             Both:        1.06 GB reserved,       4.06 MB ( <1%) committed. 

Chunk freelists:
   Non-Class:  10.94 MB
       Class:  15.59 MB
        Both:  26.53 MB

MaxMetaspaceSize: unlimited
CompressedClassSpaceSize: 1.00 GB
Initial GC threshold: 21.00 MB
Current GC threshold: 21.00 MB
CDS: on
 - commit_granule_bytes: 65536.
 - commit_granule_words: 8192.
 - virtual_space_node_default_size: 8388608.
 - enlarge_chunks_in_place: 1.
UseCompressedClassPointers 1, UseCompactObjectHeaders 0
Narrow klass pointer bits 32, Max shift 3
Narrow klass base: 0x0000026f00000000, Narrow klass shift: 0
Encoding Range: [0x0000026f00000000 - 0x0000027000000000), (4294967296 bytes)
Klass Range:    [0x0000026f00000000 - 0x0000026f41000000), (1090519040 bytes)
Klass ID Range:  [8 - 1090519033) (1090519025)


Internal statistics:

num_allocs_failed_limit: 0.
num_arena_births: 76.
num_arena_deaths: 0.
num_vsnodes_births: 2.
num_vsnodes_deaths: 0.
num_space_committed: 65.
num_space_uncommitted: 0.
num_chunks_returned_to_freelist: 0.
num_chunks_taken_from_freelist: 151.
num_chunk_merges: 0.
num_chunk_splits: 86.
num_chunks_enlarged: 60.
num_inconsistent_stats: 0.

CodeHeap 'non-profiled nmethods': size=119232Kb used=279Kb max_used=279Kb free=118952Kb
 bounds [0x0000026f640d0000, 0x0000026f64340000, 0x0000026f6b540000]
CodeHeap 'profiled nmethods': size=119104Kb used=1762Kb max_used=1762Kb free=117341Kb
 bounds [0x0000026f5c540000, 0x0000026f5c7b0000, 0x0000026f63990000]
CodeHeap 'non-nmethods': size=7424Kb used=2417Kb max_used=2970Kb free=5006Kb
 bounds [0x0000026f63990000, 0x0000026f63c80000, 0x0000026f640d0000]
CodeCache: size=245760Kb, used=4458Kb, max_used=5011Kb, free=241299Kb
 total_blobs=1592, nmethods=1140, adapters=354, full_count=0
Compilation: enabled, stopped_count=0, restarted_count=0

Compilation events (20 events):
Event: 1.629 Thread 0x0000026f46158090 nmethod 1091 0x0000026f5c6e5688 code [0x0000026f5c6e5840, 0x0000026f5c6e6530]
Event: 1.629 Thread 0x0000026f4116cc20 nmethod 1093 0x0000026f5c6e6608 code [0x0000026f5c6e6880, 0x0000026f5c6e80e0]
Event: 1.630 Thread 0x0000026f6f79a6f0 nmethod 1086 0x0000026f5c6e8188 code [0x0000026f5c6e84e0, 0x0000026f5c6ea2e0]
Event: 1.630 Thread 0x0000026f46158090 1096       3       java.util.Map::computeIfAbsent (45 bytes)
Event: 1.630 Thread 0x0000026f411da830 nmethod 1098 0x0000026f64112208 code [0x0000026f64112300, 0x0000026f641123b8]
Event: 1.630 Thread 0x0000026f46158090 nmethod 1096 0x0000026f5c6ea408 code [0x0000026f5c6ea580, 0x0000026f5c6eaae8]
Event: 1.630 Thread 0x0000026f46147900 nmethod 1095 0x0000026f5c6eab08 code [0x0000026f5c6eac80, 0x0000026f5c6eb378]
Event: 1.630 Thread 0x0000026f4116cc20 1097       3       java.util.Locale$LocaleCache::apply (43 bytes)
Event: 1.631 Thread 0x0000026f46158090 1092       3       sun.util.locale.LanguageTag::isScript (21 bytes)
Event: 1.631 Thread 0x0000026f411da830 1099   !   4       java.util.concurrent.ConcurrentHashMap::putVal (432 bytes)
Event: 1.631 Thread 0x0000026f4116cc20 nmethod 1097 0x0000026f5c6eb408 code [0x0000026f5c6eb580, 0x0000026f5c6ebd40]
Event: 1.632 Thread 0x0000026f46158090 nmethod 1092 0x0000026f5c6ebd88 code [0x0000026f5c6ebf40, 0x0000026f5c6ecc30]
Event: 1.636 Thread 0x0000026f4116cc20 1103       3       sun.util.locale.LocaleUtils::caseIgnoreMatch (73 bytes)
Event: 1.636 Thread 0x0000026f6f79a6f0 1104       3       sun.util.locale.BaseLocale::equals (83 bytes)
Event: 1.636 Thread 0x0000026f46147900 1105       3       java.util.Locale::hasExtensions (13 bytes)
Event: 1.636 Thread 0x0000026f46158090 1106       3       java.util.Locale::stripExtensions (20 bytes)
Event: 3.643 Thread 0x0000026f46147900 nmethod 1105 0x0000026f5c6ecd08 code [0x0000026f5c6ece20, 0x0000026f5c6ecf78]
Event: 3.643 Thread 0x0000026f46147900 1107       3       java.util.Locale::equals (75 bytes)
Event: 3.643 Thread 0x0000026f46158090 nmethod 1106 0x0000026f5c6ed008 code [0x0000026f5c6ed140, 0x0000026f5c6ed420]
Event: 3.644 Thread 0x0000026f6f79a6f0 nmethod 1104 0x0000026f5c6ed488 code [0x0000026f5c6ed600, 0x0000026f5c6edbc0]

GC Heap History (0 events):
No events

Dll operation events (6 events):
Event: 0.014 Loaded shared library C:\Program Files\Java\jdk-24\bin\java.dll
Event: 0.045 Loaded shared library C:\Program Files\Java\jdk-24\bin\jsvml.dll
Event: 0.110 Loaded shared library C:\Program Files\Java\jdk-24\bin\net.dll
Event: 0.113 Loaded shared library C:\Program Files\Java\jdk-24\bin\nio.dll
Event: 0.116 Loaded shared library C:\Program Files\Java\jdk-24\bin\zip.dll
Event: 0.370 Loaded shared library C:\Program Files\Java\jdk-24\bin\jimage.dll

Deoptimization events (20 events):
Event: 0.457 Thread 0x0000026f53ca3b90 Uncommon trap: trap_request=0xffffff4d fr.pc=0x0000026f640e2ca4 relative=0x0000000000000124
Event: 0.457 Thread 0x0000026f53ca3b90 Uncommon trap: reason=unstable_if action=reinterpret pc=0x0000026f640e2ca4 method=java.lang.StringCoding.countPositives([BII)I @ 17 c2
Event: 0.457 Thread 0x0000026f53ca3b90 DEOPT PACKING pc=0x0000026f640e2ca4 sp=0x0000007233efca90
Event: 0.457 Thread 0x0000026f53ca3b90 DEOPT UNPACKING pc=0x0000026f63aa9582 sp=0x0000007233efca18 mode 2
Event: 0.464 Thread 0x0000026f53ca3b90 DEOPT PACKING pc=0x0000026f5c5f3a18 sp=0x0000007233efcaa0
Event: 0.464 Thread 0x0000026f53ca3b90 DEOPT UNPACKING pc=0x0000026f639e5722 sp=0x0000007233efbf10 mode 0
Event: 0.488 Thread 0x0000026f53ca3b90 DEOPT PACKING pc=0x0000026f5c5f3a18 sp=0x0000007233efcaa0
Event: 0.488 Thread 0x0000026f53ca3b90 DEOPT UNPACKING pc=0x0000026f639e5722 sp=0x0000007233efbf10 mode 0
Event: 0.489 Thread 0x0000026f53ca3b90 DEOPT PACKING pc=0x0000026f5c5f3a18 sp=0x0000007233efcaa0
Event: 0.489 Thread 0x0000026f53ca3b90 DEOPT UNPACKING pc=0x0000026f639e5722 sp=0x0000007233efbf10 mode 0
Event: 0.493 Thread 0x0000026f53ca3b90 DEOPT PACKING pc=0x0000026f5c5f3a18 sp=0x0000007233efcac0
Event: 0.493 Thread 0x0000026f53ca3b90 DEOPT UNPACKING pc=0x0000026f639e5722 sp=0x0000007233efbf48 mode 0
Event: 0.578 Thread 0x0000026f53ca3b90 DEOPT PACKING pc=0x0000026f5c5f3a18 sp=0x0000007233ef9f80
Event: 0.579 Thread 0x0000026f53ca3b90 DEOPT UNPACKING pc=0x0000026f639e5722 sp=0x0000007233ef93f0 mode 0
Event: 0.609 Thread 0x0000026f53ca3b90 Uncommon trap: trap_request=0xffffff4d fr.pc=0x0000026f640dbc24 relative=0x0000000000000084
Event: 0.609 Thread 0x0000026f53ca3b90 Uncommon trap: reason=unstable_if action=reinterpret pc=0x0000026f640dbc24 method=java.io.BufferedInputStream.getBufIfOpen(Z)[B @ 13 c2
Event: 0.609 Thread 0x0000026f53ca3b90 DEOPT PACKING pc=0x0000026f640dbc24 sp=0x0000007233efdea0
Event: 0.609 Thread 0x0000026f53ca3b90 DEOPT UNPACKING pc=0x0000026f63aa9582 sp=0x0000007233efde20 mode 2
Event: 0.609 Thread 0x0000026f53ca3b90 DEOPT PACKING pc=0x0000026f5c572d30 sp=0x0000007233efdf30
Event: 0.609 Thread 0x0000026f53ca3b90 DEOPT UNPACKING pc=0x0000026f639e5722 sp=0x0000007233efd368 mode 0

Classes loaded (20 events):
Event: 0.595 Loading class java/lang/invoke/MethodHandleImpl$LoopClauses
Event: 0.595 Loading class java/lang/invoke/MethodHandleImpl$LoopClauses done
Event: 0.595 Loading class java/lang/invoke/MethodHandleImpl$ArrayAccess
Event: 0.595 Loading class java/lang/invoke/MethodHandleImpl$ArrayAccess done
Event: 0.595 Loading class java/lang/invoke/MethodHandleImpl$ArrayAccessor
Event: 0.595 Loading class java/lang/invoke/MethodHandleImpl$ArrayAccessor done
Event: 0.595 Loading class java/lang/invoke/MethodHandleImpl$ArrayAccessor$1
Event: 0.595 Loading class java/lang/invoke/MethodHandleImpl$ArrayAccessor$1 done
Event: 0.601 Loading class java/lang/Class$EnclosingMethodInfo
Event: 0.601 Loading class java/lang/Class$EnclosingMethodInfo done
Event: 0.604 Loading class java/util/concurrent/ScheduledExecutorService
Event: 0.605 Loading class java/util/concurrent/ScheduledExecutorService done
Event: 0.605 Loading class java/util/concurrent/CopyOnWriteArraySet
Event: 0.605 Loading class java/util/concurrent/CopyOnWriteArraySet done
Event: 0.611 Loading class sun/util/calendar/ZoneInfoFile$Checksum
Event: 0.611 Loading class sun/util/calendar/ZoneInfoFile$Checksum done
Event: 0.611 Loading class jdk/internal/module/ModulePatcher$PatchedModuleReader
Event: 0.612 Loading class jdk/internal/module/ModulePatcher$PatchedModuleReader done
Event: 0.612 Loading class sun/net/www/protocol/jrt/Handler
Event: 0.612 Loading class sun/net/www/protocol/jrt/Handler done

Classes unloaded (0 events):
No events

Classes redefined (0 events):
No events

Internal exceptions (14 events):
Event: 0.326 Thread 0x0000026f53ca3b90 Exception <a 'java/lang/NoSuchMethodError'{0x00000000ef9c9dd0}: 'void java.lang.invoke.DirectMethodHandle$Holder.invokeInterface(java.lang.Object, java.lang.Object, java.lang.Object)'> (0x00000000ef9c9dd0) 
thrown [s\open\src\hotspot\share\interpreter\linkResolver.cpp, line 805]
Event: 0.372 Thread 0x0000026f53ca3b90 Exception <a 'java/lang/NoSuchMethodError'{0x00000000ef779048}: 'java.lang.Object java.lang.invoke.DirectMethodHandle$Holder.invokeStaticInit(java.lang.Object)'> (0x00000000ef779048) 
thrown [s\open\src\hotspot\share\interpreter\linkResolver.cpp, line 805]
Event: 0.395 Thread 0x0000026f53ca3b90 Exception <a 'java/lang/NoSuchMethodError'{0x00000000ef6784e0}: 'void java.lang.invoke.DirectMethodHandle$Holder.invokeSpecial(java.lang.Object, java.lang.Object, java.lang.Object)'> (0x00000000ef6784e0) 
thrown [s\open\src\hotspot\share\interpreter\linkResolver.cpp, line 805]
Event: 0.532 Thread 0x0000026f53ca3b90 Exception <a 'java/lang/NoSuchMethodError'{0x00000000eef7d090}: static Ljava/lang/Object;.<clinit>()V> (0x00000000eef7d090) 
thrown [s\open\src\hotspot\share\prims\jni.cpp, line 1108]
Event: 0.550 Thread 0x0000026f53ca3b90 Exception <a 'java/lang/NoSuchMethodError'{0x00000000eefdac98}: static Lorg/gradle/api/internal/tasks/testing/junitplatform/JUnitPlatformTestClassProcessorFactory;.<clinit>()V> (0x00000000eefdac98) 
thrown [s\open\src\hotspot\share\prims\jni.cpp, line 1108]
Event: 0.551 Thread 0x0000026f53ca3b90 Exception <a 'java/lang/NoSuchMethodError'{0x00000000eefe5da0}: static Lorg/gradle/api/internal/tasks/testing/junitplatform/JUnitPlatformSpec;.<clinit>()V> (0x00000000eefe5da0) 
thrown [s\open\src\hotspot\share\prims\jni.cpp, line 1108]
Event: 0.551 Thread 0x0000026f53ca3b90 Exception <a 'java/lang/NoSuchMethodError'{0x00000000eefeaad0}: 'long java.lang.invoke.DirectMethodHandle$Holder.invokeSpecial(java.lang.Object, java.lang.Object)'> (0x00000000eefeaad0) 
thrown [s\open\src\hotspot\share\interpreter\linkResolver.cpp, line 805]
Event: 0.552 Thread 0x0000026f53ca3b90 Exception <a 'java/lang/NoSuchMethodError'{0x00000000eeff2988}: 'long java.lang.invoke.Invokers$Holder.invokeExact_MT(java.lang.Object, java.lang.Object)'> (0x00000000eeff2988) 
thrown [s\open\src\hotspot\share\interpreter\linkResolver.cpp, line 805]
Event: 0.555 Thread 0x0000026f53ca3b90 Exception <a 'java/lang/NoSuchMethodError'{0x00000000eee295c8}: static Lorg/gradle/api/internal/tasks/testing/filter/TestFilterSpec;.<clinit>()V> (0x00000000eee295c8) 
thrown [s\open\src\hotspot\share\prims\jni.cpp, line 1108]
Event: 0.577 Thread 0x0000026f53ca3b90 Exception <a 'java/lang/NoSuchMethodError'{0x00000000eed56048}: 'java.lang.Object java.lang.invoke.DirectMethodHandle$Holder.invokeVirtual(java.lang.Object, java.lang.Object, java.lang.Object)'> (0x00000000eed56048) 
thrown [s\open\src\hotspot\share\interpreter\linkResolver.cpp, line 805]
Event: 0.594 Thread 0x0000026f53ca3b90 Exception <a 'java/lang/NoSuchMethodError'{0x00000000eec6ef30}: 'java.lang.Object java.lang.invoke.Invokers$Holder.invoker(java.lang.Object, java.lang.Object, java.lang.Object)'> (0x00000000eec6ef30) 
thrown [s\open\src\hotspot\share\interpreter\linkResolver.cpp, line 805]
Event: 0.595 Thread 0x0000026f53ca3b90 Exception <a 'java/lang/NoSuchMethodError'{0x00000000eec7b4f0}: 'java.lang.Object java.lang.invoke.DirectMethodHandle$Holder.invokeStatic(java.lang.Object, java.lang.Object, int)'> (0x00000000eec7b4f0) 
thrown [s\open\src\hotspot\share\interpreter\linkResolver.cpp, line 805]
Event: 0.596 Thread 0x0000026f53ca3b90 Exception <a 'java/lang/NoSuchMethodError'{0x00000000eec948d8}: 'void java.lang.invoke.DelegatingMethodHandle$Holder.delegate(java.lang.Object, java.lang.Object, int, java.lang.Object)'> (0x00000000eec948d8) 
thrown [s\open\src\hotspot\share\interpreter\linkResolver.cpp, line 805]
Event: 0.596 Thread 0x0000026f53ca3b90 Exception <a 'java/lang/NoSuchMethodError'{0x00000000eec9d5e0}: 'int java.lang.invoke.DirectMethodHandle$Holder.invokeSpecial(java.lang.Object, java.lang.Object, java.lang.Object)'> (0x00000000eec9d5e0) 
thrown [s\open\src\hotspot\share\interpreter\linkResolver.cpp, line 805]

VM Operations (10 events):
Event: 0.333 Executing VM operation: HandshakeAllThreads (Deoptimize)
Event: 0.333 Executing VM operation: HandshakeAllThreads (Deoptimize) done
Event: 0.373 Executing VM operation: HandshakeAllThreads (Deoptimize)
Event: 0.373 Executing VM operation: HandshakeAllThreads (Deoptimize) done
Event: 0.529 Executing VM operation: HandshakeAllThreads (Deoptimize)
Event: 0.529 Executing VM operation: HandshakeAllThreads (Deoptimize) done
Event: 0.590 Executing VM operation: HandshakeAllThreads (Deoptimize)
Event: 0.590 Executing VM operation: HandshakeAllThreads (Deoptimize) done
Event: 0.611 Executing VM operation: HandshakeAllThreads (Deoptimize)
Event: 0.611 Executing VM operation: HandshakeAllThreads (Deoptimize) done

Memory protections (0 events):
No events

Nmethod flushes (0 events):
No events

Events (15 events):
Event: 0.030 Thread 0x0000026f53ca3b90 Thread added: 0x0000026f53ca3b90
Event: 0.042 Thread 0x0000026f53ca3b90 Thread added: 0x0000026f6f76bbe0
Event: 0.042 Thread 0x0000026f53ca3b90 Thread added: 0x0000026f6f76c320
Event: 0.042 Thread 0x0000026f53ca3b90 Thread added: 0x0000026f6f76ce70
Event: 0.042 Thread 0x0000026f53ca3b90 Thread added: 0x0000026f6f76d9a0
Event: 0.042 Thread 0x0000026f53ca3b90 Thread added: 0x0000026f6f76e4d0
Event: 0.042 Thread 0x0000026f53ca3b90 Thread added: 0x0000026f6f770650
Event: 0.043 Thread 0x0000026f53ca3b90 Thread added: 0x0000026f6f771750
Event: 0.043 Thread 0x0000026f53ca3b90 Thread added: 0x0000026f6f79a6f0
Event: 0.093 Thread 0x0000026f6f79a6f0 Thread added: 0x0000026f4116cc20
Event: 0.106 Thread 0x0000026f53ca3b90 Thread added: 0x0000026f411c5b80
Event: 0.108 Thread 0x0000026f53ca3b90 Thread added: 0x0000026f411c6b20
Event: 0.319 Thread 0x0000026f6f771750 Thread added: 0x0000026f411da830
Event: 0.616 Thread 0x0000026f4116cc20 Thread added: 0x0000026f46147900
Event: 0.617 Thread 0x0000026f6f79a6f0 Thread added: 0x0000026f46158090


Dynamic libraries:
0x00007ff644930000 - 0x00007ff644940000 	C:\Program Files\Java\jdk-24\bin\java.exe
0x00007ffeefd00000 - 0x00007ffeeff68000 	C:\Windows\SYSTEM32\ntdll.dll
0x00007ffeeed00000 - 0x00007ffeeedc9000 	C:\Windows\System32\KERNEL32.DLL
0x00007ffeed080000 - 0x00007ffeed478000 	C:\Windows\System32\KERNELBASE.dll
0x00007ffeed8c0000 - 0x00007ffeeda0b000 	C:\Windows\System32\ucrtbase.dll
0x00007ffec1700000 - 0x00007ffec1716000 	C:\Program Files\Java\jdk-24\bin\jli.dll
0x00007ffec05c0000 - 0x00007ffec05db000 	C:\Program Files\Java\jdk-24\bin\VCRUNTIME140.dll
0x00007ffeefaf0000 - 0x00007ffeefcb7000 	C:\Windows\System32\USER32.dll
0x00007ffeed720000 - 0x00007ffeed747000 	C:\Windows\System32\win32u.dll
0x00007ffeeebd0000 - 0x00007ffeeebfb000 	C:\Windows\System32\GDI32.dll
0x00007ffeed480000 - 0x00007ffeed5ac000 	C:\Windows\System32\gdi32full.dll
0x00007ffed26e0000 - 0x00007ffed2974000 	C:\Windows\WinSxS\amd64_microsoft.windows.common-controls_6595b64144ccf1df_6.0.26100.7019_none_3e06ffa0e335b8a8\COMCTL32.dll
0x00007ffeecfd0000 - 0x00007ffeed073000 	C:\Windows\System32\msvcp_win.dll
0x00007ffeef100000 - 0x00007ffeef1a9000 	C:\Windows\System32\msvcrt.dll
0x00007ffeedac0000 - 0x00007ffeedaf1000 	C:\Windows\System32\IMM32.DLL
0x00007ffec2d70000 - 0x00007ffec2d7c000 	C:\Program Files\Java\jdk-24\bin\vcruntime140_1.dll
0x00007ffe77970000 - 0x00007ffe779fe000 	C:\Program Files\Java\jdk-24\bin\msvcp140.dll
0x00007ffe3e0b0000 - 0x00007ffe3ee52000 	C:\Program Files\Java\jdk-24\bin\server\jvm.dll
0x00007ffeeedd0000 - 0x00007ffeeee84000 	C:\Windows\System32\ADVAPI32.dll
0x00007ffeeec00000 - 0x00007ffeeeca6000 	C:\Windows\System32\sechost.dll
0x00007ffeedb10000 - 0x00007ffeedc28000 	C:\Windows\System32\RPCRT4.dll
0x00007ffeee880000 - 0x00007ffeee8f4000 	C:\Windows\System32\WS2_32.dll
0x00007ffee19e0000 - 0x00007ffee1a15000 	C:\Windows\SYSTEM32\WINMM.dll
0x00007ffeeccb0000 - 0x00007ffeecd0e000 	C:\Windows\SYSTEM32\POWRPROF.dll
0x00007ffed96e0000 - 0x00007ffed96eb000 	C:\Windows\SYSTEM32\VERSION.dll
0x00007ffeecc90000 - 0x00007ffeecca4000 	C:\Windows\SYSTEM32\UMPDC.dll
0x00007ffeebc10000 - 0x00007ffeebc2b000 	C:\Windows\SYSTEM32\kernel.appcore.dll
0x00007ffec2a90000 - 0x00007ffec2a9a000 	C:\Program Files\Java\jdk-24\bin\jimage.dll
0x00007ffeea540000 - 0x00007ffeea782000 	C:\Windows\SYSTEM32\DBGHELP.DLL
0x00007ffeef1b0000 - 0x00007ffeef53b000 	C:\Windows\System32\combase.dll
0x00007ffeef890000 - 0x00007ffeef967000 	C:\Windows\System32\OLEAUT32.dll
0x00007ffed96a0000 - 0x00007ffed96dc000 	C:\Windows\SYSTEM32\dbgcore.DLL
0x00007ffeed670000 - 0x00007ffeed715000 	C:\Windows\System32\bcryptPrimitives.dll
0x00007ffeb6de0000 - 0x00007ffeb6dfe000 	C:\Program Files\Java\jdk-24\bin\java.dll
0x00007ffeee990000 - 0x00007ffeeeb27000 	C:\Windows\System32\ole32.dll
0x00007ffeee0c0000 - 0x00007ffeee80f000 	C:\Windows\System32\SHELL32.dll
0x00007ffeed750000 - 0x00007ffeed8bb000 	C:\Windows\System32\wintypes.dll
0x00007ffeeaa70000 - 0x00007ffeeb2cd000 	C:\Windows\SYSTEM32\windows.storage.dll
0x00007ffeeee90000 - 0x00007ffeeef82000 	C:\Windows\System32\SHCORE.dll
0x00007ffeeeb60000 - 0x00007ffeeebc7000 	C:\Windows\System32\shlwapi.dll
0x00007ffeecd70000 - 0x00007ffeecd99000 	C:\Windows\SYSTEM32\profapi.dll
0x00007ffe77890000 - 0x00007ffe77967000 	C:\Program Files\Java\jdk-24\bin\jsvml.dll
0x00007ffec05a0000 - 0x00007ffec05b0000 	C:\Program Files\Java\jdk-24\bin\net.dll
0x00007ffeec180000 - 0x00007ffeec1eb000 	C:\Windows\system32\mswsock.dll
0x00007ffeae660000 - 0x00007ffeae676000 	C:\Program Files\Java\jdk-24\bin\nio.dll
0x00007ffeaea90000 - 0x00007ffeaeaa7000 	C:\Program Files\Java\jdk-24\bin\zip.dll

JVMTI agents: none

dbghelp: loaded successfully - version: 4.0.5 - missing functions: none
symbol engine: initialized successfully - sym options: 0x614 - pdb path: .;C:\Program Files\Java\jdk-24\bin;C:\Windows\SYSTEM32;C:\Windows\WinSxS\amd64_microsoft.windows.common-controls_6595b64144ccf1df_6.0.26100.7019_none_3e06ffa0e335b8a8;C:\Program Files\Java\jdk-24\bin\server

VM Arguments:
jvm_args: -Dorg.gradle.internal.worker.tmpdir=D:\workspace\github\spring-framework\buildSrc\build\tmp\test\work --add-opens=java.base/java.lang=ALL-UNNAMED -Xmx512m -Dfile.encoding=UTF-8 -Duser.country=CN -Duser.language=zh -Duser.variant -ea 
java_command: worker.org.gradle.process.internal.worker.GradleWorkerMain 'Gradle Test Executor 3'
java_class_path (initial): C:\\Users\\w1812\\.gradle\\caches\\9.1.0\\workerMain\\gradle-worker.jar;D:\\workspace\\github\\spring-framework\\buildSrc\\build\\classes\\java\\test;D:\\workspace\\github\\spring-framework\\buildSrc\\build\\classes\\java\\main;D:\\workspace\\github\\spring-framework\\buildSrc\\build\\resources\\main;C:\\Users\\w1812\\.gradle\\caches\\9.1.0\\generated-gradle-jars\\gradle-api-9.1.0.jar;C:\\Users\\w1812\\.gradle\\wrapper\\dists\\gradle-9.1.0-bin\\9agqghryom9wkf8r80qlhnts3\\gradle-9.1.0\\lib\\groovy-4.0.28.jar;C:\\Users\\w1812\\.gradle\\wrapper\\dists\\gradle-9.1.0-bin\\9agqghryom9wkf8r80qlhnts3\\gradle-9.1.0\\lib\\groovy-ant-4.0.28.jar;C:\\Users\\w1812\\.gradle\\wrapper\\dists\\gradle-9.1.0-bin\\9agqghryom9wkf8r80qlhnts3\\gradle-9.1.0\\lib\\groovy-astbuilder-4.0.28.jar;C:\\Users\\w1812\\.gradle\\wrapper\\dists\\gradle-9.1.0-bin\\9agqghryom9wkf8r80qlhnts3\\gradle-9.1.0\\lib\\groovy-datetime-4.0.28.jar;C:\\Users\\w1812\\.gradle\\wrapper\\dists\\gradle-9.1.0-bin\\9agqghryom9wkf8r80qlhnts3\\gradle-9.1.0\\lib\\groovy-dateutil-4.0.28.jar;C:\\Users\\w1812\\.gradle\\wrapper\\dists\\gradle-9.1.0-bin\\9agqghryom9wkf8r80qlhnts3\\gradle-9.1.0\\lib\\groovy-groovydoc-4.0.28.jar;C:\\Users\\w1812\\.gradle\\wrapper\\dists\\gradle-9.1.0-bin\\9agqghryom9wkf8r80qlhnts3\\gradle-9.1.0\\lib\\groovy-json-4.0.28.jar;C:\\Users\\w1812\\.gradle\\wrapper\\dists\\gradle-9.1.0-bin\\9agqghryom9wkf8r80qlhnts3\\gradle-9.1.0\\lib\\groovy-nio-4.0.28.jar;C:\\Users\\w1812\\.gradle\\wrapper\\dists\\gradle-9.1.0-bin\\9agqghryom9wkf8r80qlhnts3\\gradle-9.1.0\\lib\\groovy-templates-4.0.28.jar;C:\\Users\\w1812\\.gradle\\wrapper\\dists\\gradle-9.1.0-bin\\9agqghryom9wkf8r80qlhnts3\\gradle-9.1.0\\lib\\groovy-xml-4.0.28.jar;C:\\Users\\w1812\\.gradle\\wrapper\\dists\\gradle-9.1.0-bin\\9agqghryom9wkf8r80qlhnts3\\gradle-9.1.0\\lib\\javaparser-core-3.27.0.jar;C:\\Users\\w1812\\.gradle\\wrapper\\dists\\gradle-9.1.0-bin\\9agqghryom9wkf8r80qlhnts3\\gradle-9.1.0\\lib\\kotlin-stdlib-2.2.0.jar;C:\\Users\\w1812\\.gradle\\wrapper\\dists\\gradle-9.1.0-bin\\9agqghryom9wkf8r80qlhnts3\\gradle-9.1.0\\lib\\kotlin-reflect-2.2.0.jar;C:\\Users\\w1812\\.gradle\\wrapper\\dists\\gradle-9.1.0-bin\\9agqghryom9wkf8r80qlhnts3\\gradle-9.1.0\\lib\\gradle-installation-beacon-9.1.0.jar;C:\\Users\\w1812\\.gradle\\caches\\9.1.0\\generated-gradle-jars\\gradle-test-kit-9.1.0.jar;D:\\workspace\\github\\spring-framework\\buildSrc\\build\\pluginUnderTestMetadata;C:\\Users\\w1812\\.gradle\\caches\\modules-2\\files-2.1\\org.jetbrains.kotlin\\kotlin-gradle-plugin-model\\2.2.20\\e0cf2274cb26387cdbf45e316e51a8d23cd8734c\\kotlin-gradle-plugin-model-2.2.20.jar;C:\\Users\\w1812\\.gradle\\caches\\modules-2\\files-2.1\\org.jetbrains.kotlin\\fus-statistics-gradle-plugin\\2.2.20\\c2f0f2cb5585e92dffc18f12a8f1eeaa4e3728e\\fus-statistics-gradle-plugin-2.2.20-gradle813.jar;C:\\Users\\w1812\\.gradle\\caches\\modules-2\\files-2.1\\org.jetbrains.kotlin\\kotlin-gradle-plugin-api\\2.2.20\\60de320ba63943d1997d7f39f32cde9c2621806d\\kotlin-gradle-plugin-api-2.2.20.jar;C:\\Users\\w1812\\.gradle\\caches\\modules-2\\files-2.1\\org.jetbrains.kotlin\\kotlin-gradle-plugin-api\\2.2.20\\60de320ba63943d1997d7f39f32cde9c2621806d\\kotlin-gradle-plugin-api-2.2.20-gradle813.jar;C:\\Users\\w1812\\.gradle\\caches\\modules-2\\files-2.1\\org.jetbrains.kotlin\\kotlin-gradle-plugin\\2.2.20\\9c5953786765b9373d172097da74efe77ac90481\\kotlin-gradle-plugin-2.2.20-gradle813.jar;C:\\Users\\w1812\\.gradle\\caches\\modules-2\\files-2.1\\org.jetbrains.dokka\\dokka-gradle-plugin\\2.1.0\\a9d8276406f36e744cb3cdeff93728b058401cca\\dokka-gradle-plugin-2.1.0.jar;C:\\Users\\w1812\\.gradle\\caches\\modules-2\\files-2.1\\com.tngtech.archunit\\archunit\\1.4.1\\6ba9a48e48eb3f1fc3223fae073afad29774894e\\archunit-1.4.1.jar;C:\\Users\\w1812\\.gradle\\caches\\modules-2\\files-2.1\\org.gradle\\test-retry-gradle-plugin\\1.6.2\\da7b6b81ab4c9da816ddc8cf5fd6107fb42b49d9\\test-retry-gradle-plugin-1.6.2.jar;C:\\Users\\w1812\\.gradle\\caches\\modules-2\\files-2.1\\io.spring.javaformat\\spring-javaformat-gradle-plugin\\0.0.43\\66b9f275361b226cf9523a84426aabbc66a68a76\\spring-javaformat-gradle-plugin-0.0.43.jar;C:\\Users\\w1812\\.gradle\\caches\\modules-2\\files-2.1\\io.spring.nohttp\\nohttp-gradle\\0.0.11\\2ed8f27322f892747d92996f9679255f1c2addb5\\nohttp-gradle-0.0.11.jar;C:\\Users\\w1812\\.gradle\\caches\\modules-2\\files-2.1\\org.assertj\\assertj-core\\3.27.3\\31f5d58a202bd5df4993fb10fa2cffd610c20d6f\\assertj-core-3.27.3.jar;C:\\Users\\w1812\\.gradle\\caches\\modules-2\\files-2.1\\org.junit.jupiter\\junit-jupiter\\5.12.2\\64d3ec64ae06517bc14b7faaaec7c996b0d05bea\\junit-jupiter-5.12.2.jar;C:\\Users\\w1812\\.gradle\\caches\\modules-2\\files-2.1\\org.junit.platform\\junit-platform-launcher\\1.12.2\\79d49ad13017c67a8bf76e10ba5ac8937d811772\\junit-platform-launcher-1.12.2.jar;C:\\Users\\w1812\\.gradle\\caches\\modules-2\\files-2.1\\org.junit.jupiter\\junit-jupiter-params\\5.12.2\\ff1434a66d1fb84c2c709cde2e2d56d5c8f4fad3\\junit-jupiter-params-5.12.2.jar;C:\\Users\\w1812\\.gradle\\caches\\modules-2\\files-2.1\\org.junit.jupiter\\junit-jupiter-engine\\5.12.2\\b8df7575b8cd3a94dbe27b481d1cd52c57864559\\junit-jupiter-engine-5.12.2.jar;C:\\Users\\w1812\\.gradle\\caches\\modules-2\\files-2.1\\org.junit.jupiter\\junit-jupiter-api\\5.12.2\\6de3a3256c5d90f4a439edcb6c2e8dc5180907b0\\junit-jupiter-api-5.12.2.jar;C:\\Users\\w1812\\.gradle\\caches\\modules-2\\files-2.1\\org.junit.platform\\junit-platform-engine\\1.12.2\\8519ece93f91b8115705d36be2c36d49808935cd\\junit-platform-engine-1.12.2.jar;C:\\Users\\w1812\\.gradle\\caches\\modules-2\\files-2.1\\org.junit.platform\\junit-platform-commons\\1.12.2\\b89e88a89ee009937374a4c96912e007b34c8e35\\junit-platform-commons-1.12.2.jar;C:\\Users\\w1812\\.gradle\\caches\\modules-2\\files-2.1\\org.jetbrains.kotlin\\kotlin-gradle-plugin-idea-proto\\2.2.20\\ccea68faf3074b47b2d1549d971d5438aae0adba\\kotlin-gradle-plugin-idea-proto-2.2.20.jar;C:\\Users\\w1812\\.gradle\\caches\\modules-2\\files-2.1\\org.jetbrains.kotlin\\kotlin-gradle-plugin-idea\\2.2.20\\a07b350797aa4fe6d4bc6e1be2feecb638e94b13\\kotlin-gradle-plugin-idea-2.2.20.jar;C:\\Users\\w1812\\.gradle\\caches\\modules-2\\files-2.1\\org.jetbrains.kotlin\\kotlin-klib-commonizer-api\\2.2.20\\bedd0bf6302d0bccc2b65535a0cb74b520b67858\\kotlin-klib-commonizer-api-2.2.20.jar;C:\\Users\\w1812\\.gradle\\caches\\modules-2\\files-2.1\\org.jetbrains.kotlin\\kotlin-build-statistics\\2.2.20\\6cd7e2985af2647576bfc6bd1ba450000acbde4a\\kotlin-build-statistics-2.2.20.jar;C:\\Users\\w1812\\.gradle\\caches\\modules-2\\files-2.1\\org.jetbrains.kotlin\\kotlin-util-klib-metadata\\2.2.20\\8a0c47f26e47702792fe0bbefbee6e8be12b3463\\kotlin-util-klib-metadata-2.2.20.jar;C:\\Users\\w1812\\.gradle\\caches\\modules-2\\files-2.1\\org.jetbrains.kotlin\\abi-tools-api\\2.2.20\\15daea957a282df212a7bc3189dbbf442b38dec8\\abi-tools-api-2.2.20.jar;C:\\Users\\w1812\\.gradle\\caches\\modules-2\\files-2.1\\org.jetbrains.kotlin\\kotlin-compiler-runner\\2.2.20\\72475464f90c5f5aae5072edc60c2b29a8353f63\\kotlin-compiler-runner-2.2.20.jar;C:\\Users\\w1812\\.gradle\\caches\\modules-2\\files-2.1\\org.jetbrains.kotlinx\\kotlinx-serialization-json-jvm\\1.6.0\\59761a941bd8691b3ef2447f5b9376868a6b2d7e\\kotlinx-serialization-json-jvm-1.6.0.jar;C:\\Users\\w1812\\.gradle\\caches\\modules-2\\files-2.1\\org.jetbrains.kotlinx\\kotlinx-serialization-core-jvm\\1.6.0\\94b35f721f1029b3b8d46fb277b4e53fb1a0a510\\kotlinx-serialization-core-jvm-1.6.0.jar;C:\\Users\\w1812\\.gradle\\caches\\modules-2\\files-2.1\\org.jetbrains.dokka\\dokka-core\\2.1.0\\e7989e3a67ef4d01d3b0e39f31744a9413d3477c\\dokka-core-2.1.0.jar;C:\\Users\\w1812\\.gradle\\caches\\modules-2\\files-2.1\\io.spring.nohttp\\nohttp-checkstyle\\0.0.11\\ab889269e80a7542b03b0b4075ddd49dff8e80be\\nohttp-checkstyle-0.0.11.jar;C:\\Users\\w1812\\.gradle\\caches\\modules-2\\files-2.1\\io.spring.nohttp\\nohttp\\0.0.11\\96fc0842576c21d34242769448a756888d9d5471\\nohttp-0.0.11.jar;C:\\Users\\w1812\\.gradle\\caches\\modules-2\\files-2.1\\ch.qos.logback\\logback-classic\\1.2.3\\7c4f3c474fb2c041d8028740440937705ebb473a\\logback-classic-1.2.3.jar;C:\\Users\\w1812\\.gradle\\caches\\modules-2\\files-2.1\\org.slf4j\\slf4j-api\\2.0.17\\d9e58ac9c7779ba3bf8142aff6c830617a7fe60f\\slf4j-api-2.0.17.jar;C:\\Users\\w1812\\.gradle\\caches\\modules-2\\files-2.1\\io.spring.javaformat\\spring-javaformat-formatter-shaded\\0.0.43\\60ee9bf8ec1fe89d123fc7f5c6b2e2b9030bb004\\spring-javaformat-formatter-shaded-0.0.43.jar;C:\\Users\\w1812\\.gradle\\caches\\modules-2\\files-2.1\\org.jetbrains.kotlin\\kotlin-stdlib-jdk8\\1.4.32\\3302f9ec8a5c1ed220781dbd37770072549bd333\\kotlin-stdlib-jdk8-1.4.32.jar;C:\\Users\\w1812\\.gradle\\caches\\modules-2\\files-2.1\\net.bytebuddy\\byte-buddy\\1.15.11\\f61886478e0f9ee4c21d09574736f0ff45e0a46c\\byte-buddy-1.15.11.jar;C:\\Users\\w1812\\.gradle\\caches\\modules-2\\files-2.1\\org.jetbrains.kotlin\\kotlin-gradle-plugin-annotations\\2.2.20\\cb3940a092ab27344aa290973ebb6c14fb344ac9\\kotlin-gradle-plugin-annotations-2.2.20.jar;C:\\Users\\w1812\\.gradle\\caches\\modules-2\\files-2.1\\org.jetbrains.kotlin\\kotlin-native-utils\\2.2.20\\d0758b001901331bdc5e3860dcc72dc889a1c632\\kotlin-native-utils-2.2.20.jar;C:\\Users\\w1812\\.gradle\\caches\\modules-2\\files-2.1\\org.jetbrains.kotlin\\kotlin-tooling-core\\2.2.20\\685151c03e638207a3b5045002411fbef78fdeb\\kotlin-tooling-core-2.2.20.jar;C:\\Users\\w1812\\.gradle\\caches\\modules-2\\files-2.1\\org.jetbrains.kotlin\\kotlin-build-tools-api\\2.2.20\\d5517ea764cf72042e5fadbcd48152998d151082\\kotlin-build-tools-api-2.2.20.jar;C:\\Users\\w1812\\.gradle\\caches\\modules-2\\files-2.1\\com.google.code.gson\\gson\\2.11.0\\527175ca6d81050b53bdd4c457a6d6e017626b0e\\gson-2.11.0.jar;C:\\Users\\w1812\\.gradle\\caches\\modules-2\\files-2.1\\org.jetbrains.kotlin\\kotlin-util-klib\\2.2.20\\d2530c797582f1f3b4c22d4b8a3ee134b16489ee\\kotlin-util-klib-2.2.20.jar;C:\\Users\\w1812\\.gradle\\caches\\modules-2\\files-2.1\\org.jetbrains.kotlin\\kotlin-util-io\\2.2.20\\6c10468e852a6bceb4fbdeadf607ed92ad9f2d8e\\kotlin-util-io-2.2.20.jar;C:\\Users\\w1812\\.gradle\\caches\\modules-2\\files-2.1\\org.jetbrains.kotlin\\kotlin-daemon-client\\2.2.20\\1a5198f177c695bba2473b60d08f86471f4542cf\\kotlin-daemon-client-2.2.20.jar;C:\\Users\\w1812\\.gradle\\caches\\modules-2\\files-2.1\\org.jetbrains.kotlinx\\kotlinx-coroutines-core-jvm\\1.8.0\\ac1dc37a30a93150b704022f8d895ee1bd3a36b3\\kotlinx-coroutines-core-jvm-1.8.0.jar;C:\\Users\\w1812\\.gradle\\caches\\modules-2\\files-2.1\\com.fasterxml.jackson.dataformat\\jackson-dataformat-xml\\2.15.3\\50f061b3ff15979ee0c784c657f5ea8ba7b920c5\\jackson-dataformat-xml-2.15.3.jar;C:\\Users\\w1812\\.gradle\\caches\\modules-2\\files-2.1\\com.fasterxml.jackson.core\\jackson-databind\\2.15.3\\a734bc2c47a9453c4efa772461a3aeb273c010d9\\jackson-databind-2.15.3.jar;C:\\Users\\w1812\\.gradle\\caches\\modules-2\\files-2.1\\com.fasterxml.jackson.core\\jackson-annotations\\2.15.3\\79baf4e605eb3bbb60b1c475d44a7aecceea1d60\\jackson-annotations-2.15.3.jar;C:\\Users\\w1812\\.gradle\\caches\\modules-2\\files-2.1\\com.fasterxml.jackson.core\\jackson-core\\2.15.3\\60d600567c1862840397bf9ff5a92398edc5797b\\jackson-core-2.15.3.jar;C:\\Users\\w1812\\.gradle\\caches\\modules-2\\files-2.1\\com.fasterxml.jackson.module\\jackson-module-kotlin\\2.15.3\\36ea7813ada694e67f562ff1dc6f3b47883e373\\jackson-module-kotlin-2.15.3.jar;C:\\Users\\w1812\\.gradle\\caches\\modules-2\\files-2.1\\com.puppycrawl.tools\\checkstyle\\8.33\\b603566a57f49f57b1886fff5d7993b522206dbd\\checkstyle-8.33.jar;C:\\Users\\w1812\\.gradle\\caches\\modules-2\\files-2.1\\org.jetbrains.kotlin\\kotlin-stdlib-jdk7\\1.4.32\\3546900a3ebff0c43f31190baf87a9220e37b7ea\\kotlin-stdlib-jdk7-1.4.32.jar;C:\\Users\\w1812\\.gradle\\caches\\modules-2\\files-2.1\\org.jetbrains.kotlin\\kotlin-stdlib\\1.9.0\\8ee15ef0c67dc83d874f412d84378d7f0eb50b63\\kotlin-stdlib-1.9.0.jar;C:\\Users\\w1812\\.gradle\\caches\\modules-2\\files-2.1\\org.opentest4j\\opentest4j\\1.3.0\\152ea56b3a72f655d4fd677fc0ef2596c3dd5e6e\\opentest4j-1.3.0.jar;C:\\Users\\w1812\\.gradle\\caches\\modules-2\\files-2.1\\com.google.guava\\guava\\29.0-jre\\801142b4c3d0f0770dd29abea50906cacfddd447\\guava-29.0-jre.jar;C:\\Users\\w1812\\.gradle\\caches\\modules-2\\files-2.1\\com.google.errorprone\\error_prone_annotations\\2.27.0\\91b2c29d8a6148b5e2e4930f070d4840e2e48e34\\error_prone_annotations-2.27.0.jar;C:\\Users\\w1812\\.gradle\\caches\\modules-2\\files-2.1\\com.fasterxml.woodstox\\woodstox-core\\6.5.1\\c6e52e84fe959e69a243c83ec7d24cd889444ddf\\woodstox-core-6.5.1.jar;C:\\Users\\w1812\\.gradle\\caches\\modules-2\\files-2.1\\org.codehaus.woodstox\\stax2-api\\4.2.1\\a3f7325c52240418c2ba257b103c3c550e140c83\\stax2-api-4.2.1.jar;C:\\Users\\w1812\\.gradle\\caches\\modules-2\\files-2.1\\info.picocli\\picocli\\4.3.1\\a3f91f5377d519942fb75dffe927158e571faa\\picocli-4.3.1.jar;C:\\Users\\w1812\\.gradle\\caches\\modules-2\\files-2.1\\antlr\\antlr\\2.7.7\\83cd2cd674a217ade95a4bb83a8a14f351f48bd0\\antlr-2.7.7.jar;C:\\Users\\w1812\\.gradle\\caches\\modules-2\\files-2.1\\org.antlr\\antlr4-runtime\\4.8-1\\2d0456a791f3a95916c8c23b3bea3a90eea24720\\antlr4-runtime-4.8-1.jar;C:\\Users\\w1812\\.gradle\\caches\\modules-2\\files-2.1\\commons-beanutils\\commons-beanutils\\1.9.4\\d52b9abcd97f38c81342bb7e7ae1eee9b73cba51\\commons-beanutils-1.9.4.jar;C:\\Users\\w1812\\.gradle\\caches\\modules-2\\files-2.1\\net.sf.saxon\\Saxon-HE\\9.9.1-7\\7d6fc62c28fa5cbf9c7e6697138e843f25dda542\\Saxon-HE-9.9.1-7.jar;C:\\Users\\w1812\\.gradle\\caches\\modules-2\\files-2.1\\org.jetbrains.kotlin\\kotlin-stdlib-common\\1.9.0\\cd65c21cfd1eec4d44ef09f9f52b6d9f8a720636\\kotlin-stdlib-common-1.9.0.jar;C:\\Users\\w1812\\.gradle\\caches\\modules-2\\files-2.1\\org.jetbrains\\annotations\\23.0.0\\8cc20c07506ec18e0834947b84a864bfc094484e\\annotations-23.0.0.jar;C:\\Users\\w1812\\.gradle\\caches\\modules-2\\files-2.1\\commons-logging\\commons-logging\\1.2\\4bfc12adfe4842bf07b657f0369c4cb522955686\\commons-logging-1.2.jar;C:\\Users\\w1812\\.gradle\\caches\\modules-2\\files-2.1\\commons-collections\\commons-collections\\3.2.2\\8ad72fe39fa8c91eaaf12aadb21e0c3661fe26d5\\commons-collections-3.2.2.jar;C:\\Users\\w1812\\.gradle\\caches\\modules-2\\files-2.1\\com.google.guava\\failureaccess\\1.0.1\\1dcf1de382a0bf95a3d8b0849546c88bac1292c9\\failureaccess-1.0.1.jar;C:\\Users\\w1812\\.gradle\\caches\\modules-2\\files-2.1\\com.google.guava\\listenablefuture\\9999.0-empty-to-avoid-conflict-with-guava\\b421526c5f297295adef1c886e5246c39d4ac629\\listenablefuture-9999.0-empty-to-avoid-conflict-with-guava.jar;C:\\Users\\w1812\\.gradle\\caches\\modules-2\\files-2.1\\com.google.code.findbugs\\jsr305\\3.0.2\\25ea2e8b0c338a877313bd4672d3fe056ea78f0d\\jsr305-3.0.2.jar;C:\\Users\\w1812\\.gradle\\caches\\modules-2\\files-2.1\\org.checkerframework\\checker-qual\\2.11.1\\8c43bf8f99b841d23aadda6044329dad9b63c185\\checker-qual-2.11.1.jar;C:\\Users\\w1812\\.gradle\\caches\\modules-2\\files-2.1\\com.google.j2objc\\j2objc-annotations\\1.3\\ba035118bc8bac37d7eff77700720999acd9986d\\j2objc-annotations-1.3.jar;C:\\Users\\w1812\\.gradle\\caches\\modules-2\\files-2.1\\ch.qos.logback\\logback-core\\1.2.3\\864344400c3d4d92dfeb0a305dc87d953677c03c\\logback-core-1.2.3.jar
Launcher Type: SUN_STANDARD

[Global flags]
     intx CICompilerCount                          = 12                                        {product} {ergonomic}
     uint ConcGCThreads                            = 3                                         {product} {ergonomic}
     uint G1ConcRefinementThreads                  = 13                                        {product} {ergonomic}
   size_t G1HeapRegionSize                         = 1048576                                   {product} {ergonomic}
   size_t InitialHeapSize                          = 264241152                                 {product} {ergonomic}
   size_t MarkStackSize                            = 4194304                                   {product} {ergonomic}
   size_t MarkStackSizeMax                         = 536870912                                 {product} {ergonomic}
   size_t MaxHeapSize                              = 536870912                                 {product} {command line}
   size_t MaxNewSize                               = 321912832                                 {product} {ergonomic}
   size_t MinHeapDeltaBytes                        = 1048576                                   {product} {ergonomic}
   size_t MinHeapSize                              = 8388608                                   {product} {ergonomic}
    uintx NonNMethodCodeHeapSize                   = 7602176                                {pd product} {ergonomic}
    uintx NonProfiledCodeHeapSize                  = 122093568                              {pd product} {ergonomic}
    uintx ProfiledCodeHeapSize                     = 121962496                              {pd product} {ergonomic}
    uintx ReservedCodeCacheSize                    = 251658240                              {pd product} {ergonomic}
     bool SegmentedCodeCache                       = true                                      {product} {ergonomic}
   size_t SoftMaxHeapSize                          = 536870912                              {manageable} {ergonomic}
     bool UseCompressedOops                        = true                           {product lp64_product} {ergonomic}
     bool UseG1GC                                  = true                                      {product} {ergonomic}
     bool UseLargePagesIndividualAllocation        = false                                  {pd product} {ergonomic}

Logging:
Log output configuration:
 #0: stdout all=warning uptime,level,tags foldmultilines=false
 #1: stderr all=off uptime,level,tags foldmultilines=false

Environment Variables:
PATH=D:\software\Vmware\bin\;C:\Program Files\Common Files\Oracle\Java\javapath;C:\Program Files (x86)\Common Files\Oracle\Java\javapath;C:\Windows\system32;C:\Windows;C:\Windows\System32\Wbem;C:\Windows\System32\WindowsPowerShell\v1.0\;C:\Windows\System32\OpenSSH\;D:\software\Git\cmd;D:\software\nvm;D:\software\nvm\nodejs;D:\software\Go\bin;C:\Program Files\TortoiseGit\bin;C:\Program Files\dotnet\;d:\software\Trae-international\bin;D:\software\python\Scripts\;D:\software\python\;C:\Users\w1812\AppData\Local\Programs\Python\Launcher\;C:\Users\w1812\AppData\Local\Microsoft\WindowsApps;D:\software\Microsoft VS Code\bin;D:\software\IntelliJ IDEA 2025.1.2\bin;D:\software\cursor\resources\app\bin;D:\software\nvm;D:\software\nvm\nodejs;C:\Users\w1812\go\bin;D:\software\DataGrip 2025.2.3\bin;D:\software\WebStorm 2025.2\bin;D:\workspace\HL\maven\apache-maven-3.9.6\bin;
USERNAME=w1812
OS=Windows_NT
PROCESSOR_IDENTIFIER=Intel64 Family 6 Model 186 Stepping 2, GenuineIntel
TMP=C:\Users\w1812\AppData\Local\Temp
TEMP=C:\Users\w1812\AppData\Local\Temp




Periodic native trim disabled

---------------  S Y S T E M  ---------------

OS:
 Windows 11 , 64 bit Build 26100 (10.0.26100.7019)
OS uptime: 5 days 22:29 hours
Hyper-V role detected

CPU: total 16 (initial active 16) (8 cores per cpu, 2 threads per core) family 6 model 186 stepping 2 microcode 0x410e, cx8, cmov, fxsr, ht, mmx, 3dnowpref, sse, sse2, sse3, ssse3, sse4.1, sse4.2, popcnt, lzcnt, tsc, tscinvbit, avx, avx2, aes, erms, clmul, bmi1, bmi2, adx, sha, fma, vzeroupper, clflush, clflushopt, clwb, hv, serialize, rdtscp, rdpid, fsrm, gfni, f16c, cet_ibt, cet_ss
Processor Information for the first 16 processors :
  Max Mhz: 2600, Current Mhz: 2600, Mhz Limit: 2600

Memory: 4k page, system-wide physical 16123M (1097M free)
TotalPageFile size 41723M (AvailPageFile size 385M)
current process WorkingSet (physical memory assigned to process): 84M, peak: 84M
current process commit charge ("private bytes"): 367M, peak: 367M

vm_info: Java HotSpot(TM) 64-Bit Server VM (24.0.1+9-30) for windows-amd64 JRE (24.0.1+9-30), built on 2025-03-05T07:23:45Z with MS VC++ 17.6 (VS2022)

END.
