#
# There is insufficient memory for the Java Runtime Environment to continue.
# Native memory allocation (malloc) failed to allocate 4239896 bytes. Error detail: Chunk::new
# Possible reasons:
#   The system is out of physical RAM or swap space
#   This process is running with CompressedOops enabled, and the Java Heap may be blocking the growth of the native heap
# Possible solutions:
#   Reduce memory load on the system
#   Increase physical memory or swap space
#   Check if swap backing store is full
#   Decrease Java heap size (-Xmx/-Xms)
#   Decrease number of Java threads
#   Decrease Java thread stack sizes (-Xss)
#   Set larger code cache with -XX:ReservedCodeCacheSize=
#   JVM is running with Unscaled Compressed Oops mode in which the Java heap is
#     placed in the first 4GB address space. The Java Heap base address is the
#     maximum limit for the native heap growth. Please use -XX:HeapBaseMinAddress
#     to set the Java Heap base and to place the Java Heap above 4GB virtual address.
# This output file may be truncated or incomplete.
#
#  Out of Memory Error (arena.cpp:186), pid=27116, tid=48824
#
# JRE version: OpenJDK Runtime Environment (25.0.1+8) (build 25.0.1+8-27)
# Java VM: OpenJDK 64-Bit Server VM (25.0.1+8-27, mixed mode, sharing, tiered, compressed oops, compressed class ptrs, g1 gc, windows-amd64)
# No core dump will be written. Minidumps are not enabled by default on client versions of Windows
#

---------------  S U M M A R Y ------------

Command Line: --add-opens=java.base/java.lang=ALL-UNNAMED --add-opens=java.base/java.lang.invoke=ALL-UNNAMED --add-opens=java.base/java.util=ALL-UNNAMED --add-opens=java.prefs/java.util.prefs=ALL-UNNAMED --add-exports=jdk.compiler/com.sun.tools.javac.api=ALL-UNNAMED --add-exports=jdk.compiler/com.sun.tools.javac.util=ALL-UNNAMED --add-opens=java.base/java.util=ALL-UNNAMED --add-opens=java.prefs/java.util.prefs=ALL-UNNAMED --add-opens=java.base/java.nio.charset=ALL-UNNAMED --add-opens=java.base/java.net=ALL-UNNAMED --add-opens=java.base/java.util.concurrent=ALL-UNNAMED --add-opens=java.base/java.util.concurrent.atomic=ALL-UNNAMED --add-opens=java.xml/javax.xml.namespace=ALL-UNNAMED --add-opens=java.base/java.time=ALL-UNNAMED --enable-native-access=ALL-UNNAMED -XX:MaxMetaspaceSize=384m -XX:+HeapDumpOnOutOfMemoryError -Xms256m -Xmx512m -Dfile.encoding=UTF-8 -Duser.country=CN -Duser.language=zh -Duser.variant -javaagent:C:\Users\w1812\.gradle\wrapper\dists\gradle-9.2.1-bin\2t0n5ozlw9xmuyvbp7dnzaxug\gradle-9.2.1\lib\agents\gradle-instrumentation-agent-9.2.1.jar org.gradle.launcher.daemon.bootstrap.GradleDaemon 9.2.1

Host: 13th Gen Intel(R) Core(TM) i5-13500H, 16 cores, 15G,  Windows 11 , 64 bit Build 26100 (10.0.26100.7019)
Time: Tue Nov 25 14:48:07 2025 elapsed time: 3.122214 seconds (0d 0h 0m 3s)

---------------  T H R E A D  ---------------

Current thread (0x00000213d23bf370):  JavaThread "C2 CompilerThread0" daemon [_thread_in_native, id=48824, stack(0x0000002d98c00000,0x0000002d98d00000) (1024K)]


Current CompileTask:
C2:3122 4599       4       sun.reflect.generics.parser.SignatureParser::parsePackageNameAndSimpleClassTypeSignature (119 bytes)

Stack: [0x0000002d98c00000,0x0000002d98d00000]
Native frames: (J=compiled Java code, j=interpreted, Vv=VM code, C=native code)
V  [jvm.dll+0x7a6b59]  (no source info available)
V  [jvm.dll+0x77290d]  (no source info available)
V  [jvm.dll+0x966153]  (no source info available)
V  [jvm.dll+0x968751]  (no source info available)
V  [jvm.dll+0x968e53]  (no source info available)
V  [jvm.dll+0x2fc756]  (no source info available)
V  [jvm.dll+0x111b26]  (no source info available)
V  [jvm.dll+0x111e4e]  (no source info available)
V  [jvm.dll+0x1a0a22]  (no source info available)
V  [jvm.dll+0x3b53c2]  (no source info available)
V  [jvm.dll+0x7ac4ef]  (no source info available)
V  [jvm.dll+0x2c0ac7]  (no source info available)
V  [jvm.dll+0x2bfa8f]  (no source info available)
V  [jvm.dll+0x237b60]  (no source info available)
V  [jvm.dll+0x2cfb56]  (no source info available)
V  [jvm.dll+0x2cddd5]  (no source info available)
V  [jvm.dll+0x48e6d1]  (no source info available)
V  [jvm.dll+0x906a0d]  (no source info available)
V  [jvm.dll+0x7a5135]  (no source info available)
C  [ucrtbase.dll+0x37b0]  (no source info available)
C  [KERNEL32.DLL+0x2e8d7]  (no source info available)
C  [ntdll.dll+0x8c53c]  (no source info available)

Lock stack of current Java thread (top to bottom):


---------------  P R O C E S S  ---------------

Threads class SMR info:
_java_thread_list=0x00000213d8c91d00, length=33, elements={
0x00000213b6955f10, 0x00000213d23abda0, 0x00000213d23ad570, 0x00000213d23b0480,
0x00000213d23b1040, 0x00000213d23b2010, 0x00000213d23b6a80, 0x00000213d23bf370,
0x00000213d23e0d10, 0x00000213d24f2de0, 0x00000213d24fddf0, 0x00000213d25b9e20,
0x00000213d25bdca0, 0x00000213d26db060, 0x00000213d25bfbe0, 0x00000213d873b740,
0x00000213d873af70, 0x00000213d8739800, 0x00000213d873d680, 0x00000213d873a7a0,
0x00000213d873edf0, 0x00000213d873fd90, 0x00000213d8824760, 0x00000213d8824f30,
0x00000213d88285e0, 0x00000213d882a520, 0x00000213d8ee0440, 0x00000213d8ee2b50,
0x00000213d8ee3320, 0x00000213d8ee4a90, 0x00000213d8ee3af0, 0x00000213d8ee6200,
0x00000213da1dff40
}

Java Threads: ( => current thread )
  0x00000213b6955f10 JavaThread "main"                              [_thread_blocked, id=30696, stack(0x0000002d97e00000,0x0000002d97f00000) (1024K)]
  0x00000213d23abda0 JavaThread "Reference Handler"          daemon [_thread_blocked, id=25512, stack(0x0000002d98600000,0x0000002d98700000) (1024K)]
  0x00000213d23ad570 JavaThread "Finalizer"                  daemon [_thread_blocked, id=33656, stack(0x0000002d98700000,0x0000002d98800000) (1024K)]
  0x00000213d23b0480 JavaThread "Signal Dispatcher"          daemon [_thread_blocked, id=46604, stack(0x0000002d98800000,0x0000002d98900000) (1024K)]
  0x00000213d23b1040 JavaThread "Attach Listener"            daemon [_thread_blocked, id=15144, stack(0x0000002d98900000,0x0000002d98a00000) (1024K)]
  0x00000213d23b2010 JavaThread "Service Thread"             daemon [_thread_blocked, id=37736, stack(0x0000002d98a00000,0x0000002d98b00000) (1024K)]
  0x00000213d23b6a80 JavaThread "Monitor Deflation Thread"   daemon [_thread_blocked, id=20364, stack(0x0000002d98b00000,0x0000002d98c00000) (1024K)]
=>0x00000213d23bf370 JavaThread "C2 CompilerThread0"         daemon [_thread_in_native, id=48824, stack(0x0000002d98c00000,0x0000002d98d00000) (1024K)]
  0x00000213d23e0d10 JavaThread "C1 CompilerThread0"         daemon [_thread_blocked, id=36128, stack(0x0000002d98d00000,0x0000002d98e00000) (1024K)]
  0x00000213d24f2de0 JavaThread "C1 CompilerThread1"         daemon [_thread_blocked, id=48120, stack(0x0000002d98e00000,0x0000002d98f00000) (1024K)]
  0x00000213d24fddf0 JavaThread "C1 CompilerThread2"         daemon [_thread_blocked, id=29064, stack(0x0000002d98f00000,0x0000002d99000000) (1024K)]
  0x00000213d25b9e20 JavaThread "Common-Cleaner"             daemon [_thread_blocked, id=35976, stack(0x0000002d99000000,0x0000002d99100000) (1024K)]
  0x00000213d25bdca0 JavaThread "Notification Thread"        daemon [_thread_blocked, id=31340, stack(0x0000002d99200000,0x0000002d99300000) (1024K)]
  0x00000213d26db060 JavaThread "C2 CompilerThread1"         daemon [_thread_blocked, id=46280, stack(0x0000002d99300000,0x0000002d99400000) (1024K)]
  0x00000213d25bfbe0 JavaThread "Daemon health stats"               [_thread_blocked, id=27464, stack(0x0000002d99900000,0x0000002d99a00000) (1024K)]
  0x00000213d873b740 JavaThread "Incoming local TCP Connector on port 49687"        [_thread_in_native, id=47784, stack(0x0000002d99a00000,0x0000002d99b00000) (1024K)]
  0x00000213d873af70 JavaThread "Daemon periodic checks"            [_thread_blocked, id=46232, stack(0x0000002d99b00000,0x0000002d99c00000) (1024K)]
  0x00000213d8739800 JavaThread "Daemon"                            [_thread_blocked, id=48336, stack(0x0000002d99c00000,0x0000002d99d00000) (1024K)]
  0x00000213d873d680 JavaThread "Handler for socket connection from /127.0.0.1:49687 to /127.0.0.1:49688"        [_thread_in_native, id=28024, stack(0x0000002d99d00000,0x0000002d99e00000) (1024K)]
  0x00000213d873a7a0 JavaThread "Cancel handler"                    [_thread_blocked, id=13700, stack(0x0000002d99e00000,0x0000002d99f00000) (1024K)]
  0x00000213d873edf0 JavaThread "Daemon worker"                     [_thread_in_vm, id=40676, stack(0x0000002d99f00000,0x0000002d9a000000) (1024K)]
  0x00000213d873fd90 JavaThread "Asynchronous log dispatcher for DefaultDaemonConnection: socket connection from /127.0.0.1:49687 to /127.0.0.1:49688"        [_thread_blocked, id=3188, stack(0x0000002d9a000000,0x0000002d9a100000) (1024K)]
  0x00000213d8824760 JavaThread "Stdin handler"                     [_thread_blocked, id=13732, stack(0x0000002d9a100000,0x0000002d9a200000) (1024K)]
  0x00000213d8824f30 JavaThread "Daemon client event forwarder"        [_thread_blocked, id=17528, stack(0x0000002d9a200000,0x0000002d9a300000) (1024K)]
  0x00000213d88285e0 JavaThread "Cache worker for journal cache (D:\workspace\github\spring-framework\buildSrc\build\tmp\test\work\.gradle-test-kit\caches\journal-1)"        [_thread_blocked, id=19200, stack(0x0000002d9aa00000,0x0000002d9ab00000) (1024K)]
  0x00000213d882a520 JavaThread "File lock request listener"        [_thread_in_native, id=24136, stack(0x0000002d9ab00000,0x0000002d9ac00000) (1024K)]
  0x00000213d8ee0440 JavaThread "Cache worker for file hash cache (D:\workspace\github\spring-framework\buildSrc\build\tmp\test\work\.gradle-test-kit\caches\9.2.1\fileHashes)"        [_thread_blocked, id=25364, stack(0x0000002d9ac00000,0x0000002d9ad00000) (1024K)]
  0x00000213d8ee2b50 JavaThread "Cache worker for file hash cache (C:\Users\w1812\AppData\Local\Temp\junit-5625084724163582814\.gradle\9.2.1\fileHashes)"        [_thread_blocked, id=43996, stack(0x0000002d9af00000,0x0000002d9b000000) (1024K)]
  0x00000213d8ee3320 JavaThread "Cache worker for Build Output Cleanup Cache (C:\Users\w1812\AppData\Local\Temp\junit-5625084724163582814\.gradle\buildOutputCleanup)"        [_thread_blocked, id=41516, stack(0x0000002d9b000000,0x0000002d9b100000) (1024K)]
  0x00000213d8ee4a90 JavaThread "Cache worker for checksums cache (C:\Users\w1812\AppData\Local\Temp\junit-5625084724163582814\.gradle\9.2.1\checksums)"        [_thread_blocked, id=33716, stack(0x0000002d9b100000,0x0000002d9b200000) (1024K)]
  0x00000213d8ee3af0 JavaThread "Cache worker for file content cache (D:\workspace\github\spring-framework\buildSrc\build\tmp\test\work\.gradle-test-kit\caches\9.2.1\fileContent)"        [_thread_blocked, id=39492, stack(0x0000002d9b200000,0x0000002d9b300000) (1024K)]
  0x00000213d8ee6200 JavaThread "Cache worker for cache directory md-supplier (D:\workspace\github\spring-framework\buildSrc\build\tmp\test\work\.gradle-test-kit\caches\9.2.1\md-supplier)"        [_thread_blocked, id=13680, stack(0x0000002d9b300000,0x0000002d9b400000) (1024K)]
  0x00000213da1dff40 JavaThread "Cache worker for cache directory md-rule (D:\workspace\github\spring-framework\buildSrc\build\tmp\test\work\.gradle-test-kit\caches\9.2.1\md-rule)"        [_thread_blocked, id=6084, stack(0x0000002d9b400000,0x0000002d9b500000) (1024K)]
Total: 33

Other Threads:
  0x00000213d2396b60 VMThread "VM Thread"                           [id=44896, stack(0x0000002d98500000,0x0000002d98600000) (1024K)]
  0x00000213d2387ca0 WatcherThread "VM Periodic Task Thread"        [id=32440, stack(0x0000002d98400000,0x0000002d98500000) (1024K)]
  0x00000213b6983dd0 WorkerThread "GC Thread#0"                     [id=48264, stack(0x0000002d97f00000,0x0000002d98000000) (1024K)]
  0x00000213d7c8e580 WorkerThread "GC Thread#1"                     [id=21348, stack(0x0000002d99400000,0x0000002d99500000) (1024K)]
  0x00000213d7ccabc0 WorkerThread "GC Thread#2"                     [id=3272, stack(0x0000002d99500000,0x0000002d99600000) (1024K)]
  0x00000213d7ccb400 WorkerThread "GC Thread#3"                     [id=30728, stack(0x0000002d99600000,0x0000002d99700000) (1024K)]
  0x00000213d7ccbe50 WorkerThread "GC Thread#4"                     [id=15336, stack(0x0000002d99700000,0x0000002d99800000) (1024K)]
  0x00000213d7ccc280 WorkerThread "GC Thread#5"                     [id=3336, stack(0x0000002d99800000,0x0000002d99900000) (1024K)]
  0x00000213d8bc17f0 WorkerThread "GC Thread#6"                     [id=39828, stack(0x0000002d9a300000,0x0000002d9a400000) (1024K)]
  0x00000213d8bc0f50 WorkerThread "GC Thread#7"                     [id=28228, stack(0x0000002d9a400000,0x0000002d9a500000) (1024K)]
  0x00000213d8bc3a70 WorkerThread "GC Thread#8"                     [id=23940, stack(0x0000002d9a500000,0x0000002d9a600000) (1024K)]
  0x00000213d8bc1c40 WorkerThread "GC Thread#9"                     [id=26156, stack(0x0000002d9a600000,0x0000002d9a700000) (1024K)]
  0x00000213d8bc2d80 WorkerThread "GC Thread#10"                    [id=45172, stack(0x0000002d9a700000,0x0000002d9a800000) (1024K)]
  0x00000213d8bc3620 WorkerThread "GC Thread#11"                    [id=11160, stack(0x0000002d9a800000,0x0000002d9a900000) (1024K)]
  0x00000213d8bc31d0 WorkerThread "GC Thread#12"                    [id=40484, stack(0x0000002d9a900000,0x0000002d9aa00000) (1024K)]
  0x00000213b465e000 ConcurrentGCThread "G1 Main Marker"            [id=38628, stack(0x0000002d98000000,0x0000002d98100000) (1024K)]
  0x00000213b6987ae0 WorkerThread "G1 Conc#0"                       [id=11624, stack(0x0000002d98100000,0x0000002d98200000) (1024K)]
  0x00000213d8bc0b00 WorkerThread "G1 Conc#1"                       [id=45800, stack(0x0000002d9ad00000,0x0000002d9ae00000) (1024K)]
  0x00000213d8bc7280 WorkerThread "G1 Conc#2"                       [id=47568, stack(0x0000002d9ae00000,0x0000002d9af00000) (1024K)]
  0x00000213b6a07b70 ConcurrentGCThread "G1 Refine#0"               [id=36196, stack(0x0000002d98200000,0x0000002d98300000) (1024K)]
  0x00000213b6a0a690 ConcurrentGCThread "G1 Service"                [id=47788, stack(0x0000002d98300000,0x0000002d98400000) (1024K)]
Total: 21

Threads with active compile tasks:
C2 CompilerThread0  4057 4599       4       sun.reflect.generics.parser.SignatureParser::parsePackageNameAndSimpleClassTypeSignature (119 bytes)
Total: 1

VM state: not at safepoint (normal execution)

VM Mutex/Monitor currently owned by a thread: None

Heap address: 0x00000000e0000000, size: 512 MB, Compressed Oops mode: 32-bit

CDS archive(s) mapped at: [0x000000008a000000-0x000000008add0000-0x000000008add0000), size 14483456, SharedBaseAddress: 0x000000008a000000, ArchiveRelocationMode: 1.
Compressed class space mapped at: 0x000000008b000000-0x000000009f000000, reserved size: 335544320
UseCompressedClassPointers 1, UseCompactObjectHeaders 0
Narrow klass pointer bits 32, Max shift 3
Narrow klass base: 0x000000008a000000, Narrow klass shift: 0
Encoding Range: [0x000000008a000000 - 0x000000018a000000), (4294967296 bytes)
Klass Range:    [0x000000008a010000 - 0x000000009f000000), (352256000 bytes)
Klass ID Range:  [65536 - 352321529) (352255993)
Protection zone: [0x000000008a000000 - 0x000000008a010000), (65536 bytes)

GC Precious Log:
 CardTable entry size: 512
 Card Set container configuration: InlinePtr #cards 5 size 8 Array Of Cards #cards 10 size 36 Howl #buckets 4 coarsen threshold 1843 Howl Bitmap #cards 512 size 80 coarsen threshold 460 Card regions per heap region 1 cards per card region 2048
 CPUs: 16 total, 16 available
 Memory: 16123M
 Large Page Support: Disabled
 NUMA Support: Disabled
 Compressed Oops: Enabled (32-bit)
 Heap Region Size: 1M
 Heap Min Capacity: 256M
 Heap Initial Capacity: 256M
 Heap Max Capacity: 512M
 Pre-touch: Disabled
 Parallel Workers: 13
 Concurrent Workers: 3
 Concurrent Refinement Workers: 13
 Periodic GC: Disabled

Heap:
 garbage-first heap   total reserved 524288K, committed 262144K, used 46308K [0x00000000e0000000, 0x0000000100000000)
  region size 1024K, 25 young (25600K), 10 survivors (10240K)

Heap Regions: E=young(eden), S=young(survivor), O=old, HS=humongous(starts), HC=humongous(continues), CS=collection set, F=free, TAMS=top-at-mark-start, PB=parsable bottom
|   0|0x00000000e0000000, 0x00000000e0100000, 0x00000000e0100000|100%|HS|  |TAMS 0x00000000e0000000| PB 0x00000000e0000000| Complete |  0
|   1|0x00000000e0100000, 0x00000000e0200000, 0x00000000e0200000|100%|HC|  |TAMS 0x00000000e0100000| PB 0x00000000e0100000| Complete |  0
|   2|0x00000000e0200000, 0x00000000e0300000, 0x00000000e0300000|100%|HC|  |TAMS 0x00000000e0200000| PB 0x00000000e0200000| Complete |  0
|   3|0x00000000e0300000, 0x00000000e0400000, 0x00000000e0400000|100%|HC|  |TAMS 0x00000000e0300000| PB 0x00000000e0300000| Complete |  0
|   4|0x00000000e0400000, 0x00000000e0500000, 0x00000000e0500000|100%| O|  |TAMS 0x00000000e0400000| PB 0x00000000e0400000| Untracked |  0
|   5|0x00000000e0500000, 0x00000000e0600000, 0x00000000e0600000|100%| O|  |TAMS 0x00000000e0500000| PB 0x00000000e0500000| Untracked |  0
|   6|0x00000000e0600000, 0x00000000e0700000, 0x00000000e0700000|100%|HS|  |TAMS 0x00000000e0600000| PB 0x00000000e0600000| Complete |  0
|   7|0x00000000e0700000, 0x00000000e0800000, 0x00000000e0800000|100%| O|  |TAMS 0x00000000e0700000| PB 0x00000000e0700000| Untracked |  0
|   8|0x00000000e0800000, 0x00000000e0900000, 0x00000000e0900000|100%| O|  |TAMS 0x00000000e0800000| PB 0x00000000e0800000| Untracked |  0
|   9|0x00000000e0900000, 0x00000000e0a00000, 0x00000000e0a00000|100%| O|  |TAMS 0x00000000e0900000| PB 0x00000000e0900000| Untracked |  0
|  10|0x00000000e0a00000, 0x00000000e0b00000, 0x00000000e0b00000|100%| O|  |TAMS 0x00000000e0a00000| PB 0x00000000e0a00000| Untracked |  0
|  11|0x00000000e0b00000, 0x00000000e0c00000, 0x00000000e0c00000|100%| O|  |TAMS 0x00000000e0b00000| PB 0x00000000e0b00000| Untracked |  0
|  12|0x00000000e0c00000, 0x00000000e0d00000, 0x00000000e0d00000|100%| O|  |TAMS 0x00000000e0c00000| PB 0x00000000e0c00000| Untracked |  0
|  13|0x00000000e0d00000, 0x00000000e0e00000, 0x00000000e0e00000|100%| O|  |TAMS 0x00000000e0d00000| PB 0x00000000e0d00000| Untracked |  0
|  14|0x00000000e0e00000, 0x00000000e0e4b6c0, 0x00000000e0f00000| 29%| O|Cm|TAMS 0x00000000e0e00000| PB 0x00000000e0e00000| Complete |  0
|  15|0x00000000e0f00000, 0x00000000e1000000, 0x00000000e1000000|100%| O|  |TAMS 0x00000000e0f00000| PB 0x00000000e0f00000| Untracked |  0
|  16|0x00000000e1000000, 0x00000000e1100000, 0x00000000e1100000|100%| O|  |TAMS 0x00000000e1000000| PB 0x00000000e1000000| Untracked |  0
|  17|0x00000000e1100000, 0x00000000e1200000, 0x00000000e1200000|100%| O|  |TAMS 0x00000000e1100000| PB 0x00000000e1100000| Untracked |  0
|  18|0x00000000e1200000, 0x00000000e1300000, 0x00000000e1300000|100%| O|  |TAMS 0x00000000e1200000| PB 0x00000000e1200000| Untracked |  0
|  19|0x00000000e1300000, 0x00000000e1400000, 0x00000000e1400000|100%| O|  |TAMS 0x00000000e1300000| PB 0x00000000e1300000| Untracked |  0
|  20|0x00000000e1400000, 0x00000000e1500000, 0x00000000e1500000|100%| O|  |TAMS 0x00000000e1400000| PB 0x00000000e1400000| Untracked |  0
|  21|0x00000000e1500000, 0x00000000e1588880, 0x00000000e1600000| 53%| O|  |TAMS 0x00000000e1500000| PB 0x00000000e1500000| Untracked |  0
|  22|0x00000000e1600000, 0x00000000e1600000, 0x00000000e1700000|  0%| F|  |TAMS 0x00000000e1600000| PB 0x00000000e1600000| Untracked |  0
|  23|0x00000000e1700000, 0x00000000e1700000, 0x00000000e1800000|  0%| F|  |TAMS 0x00000000e1700000| PB 0x00000000e1700000| Untracked |  0
|  24|0x00000000e1800000, 0x00000000e1800000, 0x00000000e1900000|  0%| F|  |TAMS 0x00000000e1800000| PB 0x00000000e1800000| Untracked |  0
|  25|0x00000000e1900000, 0x00000000e1900000, 0x00000000e1a00000|  0%| F|  |TAMS 0x00000000e1900000| PB 0x00000000e1900000| Untracked |  0
|  26|0x00000000e1a00000, 0x00000000e1a00000, 0x00000000e1b00000|  0%| F|  |TAMS 0x00000000e1a00000| PB 0x00000000e1a00000| Untracked |  0
|  27|0x00000000e1b00000, 0x00000000e1b00000, 0x00000000e1c00000|  0%| F|  |TAMS 0x00000000e1b00000| PB 0x00000000e1b00000| Untracked |  0
|  28|0x00000000e1c00000, 0x00000000e1c00000, 0x00000000e1d00000|  0%| F|  |TAMS 0x00000000e1c00000| PB 0x00000000e1c00000| Untracked |  0
|  29|0x00000000e1d00000, 0x00000000e1d00000, 0x00000000e1e00000|  0%| F|  |TAMS 0x00000000e1d00000| PB 0x00000000e1d00000| Untracked |  0
|  30|0x00000000e1e00000, 0x00000000e1e00000, 0x00000000e1f00000|  0%| F|  |TAMS 0x00000000e1e00000| PB 0x00000000e1e00000| Untracked |  0
|  31|0x00000000e1f00000, 0x00000000e1f00000, 0x00000000e2000000|  0%| F|  |TAMS 0x00000000e1f00000| PB 0x00000000e1f00000| Untracked |  0
|  32|0x00000000e2000000, 0x00000000e2000000, 0x00000000e2100000|  0%| F|  |TAMS 0x00000000e2000000| PB 0x00000000e2000000| Untracked |  0
|  33|0x00000000e2100000, 0x00000000e2100000, 0x00000000e2200000|  0%| F|  |TAMS 0x00000000e2100000| PB 0x00000000e2100000| Untracked |  0
|  34|0x00000000e2200000, 0x00000000e2200000, 0x00000000e2300000|  0%| F|  |TAMS 0x00000000e2200000| PB 0x00000000e2200000| Untracked |  0
|  35|0x00000000e2300000, 0x00000000e2300000, 0x00000000e2400000|  0%| F|  |TAMS 0x00000000e2300000| PB 0x00000000e2300000| Untracked |  0
|  36|0x00000000e2400000, 0x00000000e2400000, 0x00000000e2500000|  0%| F|  |TAMS 0x00000000e2400000| PB 0x00000000e2400000| Untracked |  0
|  37|0x00000000e2500000, 0x00000000e2500000, 0x00000000e2600000|  0%| F|  |TAMS 0x00000000e2500000| PB 0x00000000e2500000| Untracked |  0
|  38|0x00000000e2600000, 0x00000000e2600000, 0x00000000e2700000|  0%| F|  |TAMS 0x00000000e2600000| PB 0x00000000e2600000| Untracked |  0
|  39|0x00000000e2700000, 0x00000000e2700000, 0x00000000e2800000|  0%| F|  |TAMS 0x00000000e2700000| PB 0x00000000e2700000| Untracked |  0
|  40|0x00000000e2800000, 0x00000000e2800000, 0x00000000e2900000|  0%| F|  |TAMS 0x00000000e2800000| PB 0x00000000e2800000| Untracked |  0
|  41|0x00000000e2900000, 0x00000000e2900000, 0x00000000e2a00000|  0%| F|  |TAMS 0x00000000e2900000| PB 0x00000000e2900000| Untracked |  0
|  42|0x00000000e2a00000, 0x00000000e2a00000, 0x00000000e2b00000|  0%| F|  |TAMS 0x00000000e2a00000| PB 0x00000000e2a00000| Untracked |  0
|  43|0x00000000e2b00000, 0x00000000e2b00000, 0x00000000e2c00000|  0%| F|  |TAMS 0x00000000e2b00000| PB 0x00000000e2b00000| Untracked |  0
|  44|0x00000000e2c00000, 0x00000000e2c00000, 0x00000000e2d00000|  0%| F|  |TAMS 0x00000000e2c00000| PB 0x00000000e2c00000| Untracked |  0
|  45|0x00000000e2d00000, 0x00000000e2d00000, 0x00000000e2e00000|  0%| F|  |TAMS 0x00000000e2d00000| PB 0x00000000e2d00000| Untracked |  0
|  46|0x00000000e2e00000, 0x00000000e2e00000, 0x00000000e2f00000|  0%| F|  |TAMS 0x00000000e2e00000| PB 0x00000000e2e00000| Untracked |  0
|  47|0x00000000e2f00000, 0x00000000e2f00000, 0x00000000e3000000|  0%| F|  |TAMS 0x00000000e2f00000| PB 0x00000000e2f00000| Untracked |  0
|  48|0x00000000e3000000, 0x00000000e3000000, 0x00000000e3100000|  0%| F|  |TAMS 0x00000000e3000000| PB 0x00000000e3000000| Untracked |  0
|  49|0x00000000e3100000, 0x00000000e3100000, 0x00000000e3200000|  0%| F|  |TAMS 0x00000000e3100000| PB 0x00000000e3100000| Untracked |  0
|  50|0x00000000e3200000, 0x00000000e3200000, 0x00000000e3300000|  0%| F|  |TAMS 0x00000000e3200000| PB 0x00000000e3200000| Untracked |  0
|  51|0x00000000e3300000, 0x00000000e3300000, 0x00000000e3400000|  0%| F|  |TAMS 0x00000000e3300000| PB 0x00000000e3300000| Untracked |  0
|  52|0x00000000e3400000, 0x00000000e3400000, 0x00000000e3500000|  0%| F|  |TAMS 0x00000000e3400000| PB 0x00000000e3400000| Untracked |  0
|  53|0x00000000e3500000, 0x00000000e3500000, 0x00000000e3600000|  0%| F|  |TAMS 0x00000000e3500000| PB 0x00000000e3500000| Untracked |  0
|  54|0x00000000e3600000, 0x00000000e3600000, 0x00000000e3700000|  0%| F|  |TAMS 0x00000000e3600000| PB 0x00000000e3600000| Untracked |  0
|  55|0x00000000e3700000, 0x00000000e3700000, 0x00000000e3800000|  0%| F|  |TAMS 0x00000000e3700000| PB 0x00000000e3700000| Untracked |  0
|  56|0x00000000e3800000, 0x00000000e3800000, 0x00000000e3900000|  0%| F|  |TAMS 0x00000000e3800000| PB 0x00000000e3800000| Untracked |  0
|  57|0x00000000e3900000, 0x00000000e3900000, 0x00000000e3a00000|  0%| F|  |TAMS 0x00000000e3900000| PB 0x00000000e3900000| Untracked |  0
|  58|0x00000000e3a00000, 0x00000000e3a00000, 0x00000000e3b00000|  0%| F|  |TAMS 0x00000000e3a00000| PB 0x00000000e3a00000| Untracked |  0
|  59|0x00000000e3b00000, 0x00000000e3b00000, 0x00000000e3c00000|  0%| F|  |TAMS 0x00000000e3b00000| PB 0x00000000e3b00000| Untracked |  0
|  60|0x00000000e3c00000, 0x00000000e3c00000, 0x00000000e3d00000|  0%| F|  |TAMS 0x00000000e3c00000| PB 0x00000000e3c00000| Untracked |  0
|  61|0x00000000e3d00000, 0x00000000e3d00000, 0x00000000e3e00000|  0%| F|  |TAMS 0x00000000e3d00000| PB 0x00000000e3d00000| Untracked |  0
|  62|0x00000000e3e00000, 0x00000000e3e00000, 0x00000000e3f00000|  0%| F|  |TAMS 0x00000000e3e00000| PB 0x00000000e3e00000| Untracked |  0
|  63|0x00000000e3f00000, 0x00000000e3f00000, 0x00000000e4000000|  0%| F|  |TAMS 0x00000000e3f00000| PB 0x00000000e3f00000| Untracked |  0
|  64|0x00000000e4000000, 0x00000000e4000000, 0x00000000e4100000|  0%| F|  |TAMS 0x00000000e4000000| PB 0x00000000e4000000| Untracked |  0
|  65|0x00000000e4100000, 0x00000000e4100000, 0x00000000e4200000|  0%| F|  |TAMS 0x00000000e4100000| PB 0x00000000e4100000| Untracked |  0
|  66|0x00000000e4200000, 0x00000000e4200000, 0x00000000e4300000|  0%| F|  |TAMS 0x00000000e4200000| PB 0x00000000e4200000| Untracked |  0
|  67|0x00000000e4300000, 0x00000000e4300000, 0x00000000e4400000|  0%| F|  |TAMS 0x00000000e4300000| PB 0x00000000e4300000| Untracked |  0
|  68|0x00000000e4400000, 0x00000000e4400000, 0x00000000e4500000|  0%| F|  |TAMS 0x00000000e4400000| PB 0x00000000e4400000| Untracked |  0
|  69|0x00000000e4500000, 0x00000000e4500000, 0x00000000e4600000|  0%| F|  |TAMS 0x00000000e4500000| PB 0x00000000e4500000| Untracked |  0
|  70|0x00000000e4600000, 0x00000000e4600000, 0x00000000e4700000|  0%| F|  |TAMS 0x00000000e4600000| PB 0x00000000e4600000| Untracked |  0
|  71|0x00000000e4700000, 0x00000000e4700000, 0x00000000e4800000|  0%| F|  |TAMS 0x00000000e4700000| PB 0x00000000e4700000| Untracked |  0
|  72|0x00000000e4800000, 0x00000000e4800000, 0x00000000e4900000|  0%| F|  |TAMS 0x00000000e4800000| PB 0x00000000e4800000| Untracked |  0
|  73|0x00000000e4900000, 0x00000000e4900000, 0x00000000e4a00000|  0%| F|  |TAMS 0x00000000e4900000| PB 0x00000000e4900000| Untracked |  0
|  74|0x00000000e4a00000, 0x00000000e4a00000, 0x00000000e4b00000|  0%| F|  |TAMS 0x00000000e4a00000| PB 0x00000000e4a00000| Untracked |  0
|  75|0x00000000e4b00000, 0x00000000e4b00000, 0x00000000e4c00000|  0%| F|  |TAMS 0x00000000e4b00000| PB 0x00000000e4b00000| Untracked |  0
|  76|0x00000000e4c00000, 0x00000000e4c00000, 0x00000000e4d00000|  0%| F|  |TAMS 0x00000000e4c00000| PB 0x00000000e4c00000| Untracked |  0
|  77|0x00000000e4d00000, 0x00000000e4d00000, 0x00000000e4e00000|  0%| F|  |TAMS 0x00000000e4d00000| PB 0x00000000e4d00000| Untracked |  0
|  78|0x00000000e4e00000, 0x00000000e4e00000, 0x00000000e4f00000|  0%| F|  |TAMS 0x00000000e4e00000| PB 0x00000000e4e00000| Untracked |  0
|  79|0x00000000e4f00000, 0x00000000e4f00000, 0x00000000e5000000|  0%| F|  |TAMS 0x00000000e4f00000| PB 0x00000000e4f00000| Untracked |  0
|  80|0x00000000e5000000, 0x00000000e5000000, 0x00000000e5100000|  0%| F|  |TAMS 0x00000000e5000000| PB 0x00000000e5000000| Untracked |  0
|  81|0x00000000e5100000, 0x00000000e5100000, 0x00000000e5200000|  0%| F|  |TAMS 0x00000000e5100000| PB 0x00000000e5100000| Untracked |  0
|  82|0x00000000e5200000, 0x00000000e5200000, 0x00000000e5300000|  0%| F|  |TAMS 0x00000000e5200000| PB 0x00000000e5200000| Untracked |  0
|  83|0x00000000e5300000, 0x00000000e5300000, 0x00000000e5400000|  0%| F|  |TAMS 0x00000000e5300000| PB 0x00000000e5300000| Untracked |  0
|  84|0x00000000e5400000, 0x00000000e5400000, 0x00000000e5500000|  0%| F|  |TAMS 0x00000000e5400000| PB 0x00000000e5400000| Untracked |  0
|  85|0x00000000e5500000, 0x00000000e5500000, 0x00000000e5600000|  0%| F|  |TAMS 0x00000000e5500000| PB 0x00000000e5500000| Untracked |  0
|  86|0x00000000e5600000, 0x00000000e5600000, 0x00000000e5700000|  0%| F|  |TAMS 0x00000000e5600000| PB 0x00000000e5600000| Untracked |  0
|  87|0x00000000e5700000, 0x00000000e5700000, 0x00000000e5800000|  0%| F|  |TAMS 0x00000000e5700000| PB 0x00000000e5700000| Untracked |  0
|  88|0x00000000e5800000, 0x00000000e5800000, 0x00000000e5900000|  0%| F|  |TAMS 0x00000000e5800000| PB 0x00000000e5800000| Untracked |  0
|  89|0x00000000e5900000, 0x00000000e5900000, 0x00000000e5a00000|  0%| F|  |TAMS 0x00000000e5900000| PB 0x00000000e5900000| Untracked |  0
|  90|0x00000000e5a00000, 0x00000000e5a00000, 0x00000000e5b00000|  0%| F|  |TAMS 0x00000000e5a00000| PB 0x00000000e5a00000| Untracked |  0
|  91|0x00000000e5b00000, 0x00000000e5b00000, 0x00000000e5c00000|  0%| F|  |TAMS 0x00000000e5b00000| PB 0x00000000e5b00000| Untracked |  0
|  92|0x00000000e5c00000, 0x00000000e5c00000, 0x00000000e5d00000|  0%| F|  |TAMS 0x00000000e5c00000| PB 0x00000000e5c00000| Untracked |  0
|  93|0x00000000e5d00000, 0x00000000e5d00000, 0x00000000e5e00000|  0%| F|  |TAMS 0x00000000e5d00000| PB 0x00000000e5d00000| Untracked |  0
|  94|0x00000000e5e00000, 0x00000000e5e00000, 0x00000000e5f00000|  0%| F|  |TAMS 0x00000000e5e00000| PB 0x00000000e5e00000| Untracked |  0
|  95|0x00000000e5f00000, 0x00000000e5f00000, 0x00000000e6000000|  0%| F|  |TAMS 0x00000000e5f00000| PB 0x00000000e5f00000| Untracked |  0
|  96|0x00000000e6000000, 0x00000000e6000000, 0x00000000e6100000|  0%| F|  |TAMS 0x00000000e6000000| PB 0x00000000e6000000| Untracked |  0
|  97|0x00000000e6100000, 0x00000000e6100000, 0x00000000e6200000|  0%| F|  |TAMS 0x00000000e6100000| PB 0x00000000e6100000| Untracked |  0
|  98|0x00000000e6200000, 0x00000000e6200000, 0x00000000e6300000|  0%| F|  |TAMS 0x00000000e6200000| PB 0x00000000e6200000| Untracked |  0
|  99|0x00000000e6300000, 0x00000000e6300000, 0x00000000e6400000|  0%| F|  |TAMS 0x00000000e6300000| PB 0x00000000e6300000| Untracked |  0
| 100|0x00000000e6400000, 0x00000000e6400000, 0x00000000e6500000|  0%| F|  |TAMS 0x00000000e6400000| PB 0x00000000e6400000| Untracked |  0
| 101|0x00000000e6500000, 0x00000000e6500000, 0x00000000e6600000|  0%| F|  |TAMS 0x00000000e6500000| PB 0x00000000e6500000| Untracked |  0
| 102|0x00000000e6600000, 0x00000000e6600000, 0x00000000e6700000|  0%| F|  |TAMS 0x00000000e6600000| PB 0x00000000e6600000| Untracked |  0
| 103|0x00000000e6700000, 0x00000000e6700000, 0x00000000e6800000|  0%| F|  |TAMS 0x00000000e6700000| PB 0x00000000e6700000| Untracked |  0
| 104|0x00000000e6800000, 0x00000000e6800000, 0x00000000e6900000|  0%| F|  |TAMS 0x00000000e6800000| PB 0x00000000e6800000| Untracked |  0
| 105|0x00000000e6900000, 0x00000000e6900000, 0x00000000e6a00000|  0%| F|  |TAMS 0x00000000e6900000| PB 0x00000000e6900000| Untracked |  0
| 106|0x00000000e6a00000, 0x00000000e6a00000, 0x00000000e6b00000|  0%| F|  |TAMS 0x00000000e6a00000| PB 0x00000000e6a00000| Untracked |  0
| 107|0x00000000e6b00000, 0x00000000e6b00000, 0x00000000e6c00000|  0%| F|  |TAMS 0x00000000e6b00000| PB 0x00000000e6b00000| Untracked |  0
| 108|0x00000000e6c00000, 0x00000000e6c00000, 0x00000000e6d00000|  0%| F|  |TAMS 0x00000000e6c00000| PB 0x00000000e6c00000| Untracked |  0
| 109|0x00000000e6d00000, 0x00000000e6d00000, 0x00000000e6e00000|  0%| F|  |TAMS 0x00000000e6d00000| PB 0x00000000e6d00000| Untracked |  0
| 110|0x00000000e6e00000, 0x00000000e6e00000, 0x00000000e6f00000|  0%| F|  |TAMS 0x00000000e6e00000| PB 0x00000000e6e00000| Untracked |  0
| 111|0x00000000e6f00000, 0x00000000e6f00000, 0x00000000e7000000|  0%| F|  |TAMS 0x00000000e6f00000| PB 0x00000000e6f00000| Untracked |  0
| 112|0x00000000e7000000, 0x00000000e7000000, 0x00000000e7100000|  0%| F|  |TAMS 0x00000000e7000000| PB 0x00000000e7000000| Untracked |  0
| 113|0x00000000e7100000, 0x00000000e7100000, 0x00000000e7200000|  0%| F|  |TAMS 0x00000000e7100000| PB 0x00000000e7100000| Untracked |  0
| 114|0x00000000e7200000, 0x00000000e7200000, 0x00000000e7300000|  0%| F|  |TAMS 0x00000000e7200000| PB 0x00000000e7200000| Untracked |  0
| 115|0x00000000e7300000, 0x00000000e7300000, 0x00000000e7400000|  0%| F|  |TAMS 0x00000000e7300000| PB 0x00000000e7300000| Untracked |  0
| 116|0x00000000e7400000, 0x00000000e7400000, 0x00000000e7500000|  0%| F|  |TAMS 0x00000000e7400000| PB 0x00000000e7400000| Untracked |  0
| 117|0x00000000e7500000, 0x00000000e7500000, 0x00000000e7600000|  0%| F|  |TAMS 0x00000000e7500000| PB 0x00000000e7500000| Untracked |  0
| 118|0x00000000e7600000, 0x00000000e7600000, 0x00000000e7700000|  0%| F|  |TAMS 0x00000000e7600000| PB 0x00000000e7600000| Untracked |  0
| 119|0x00000000e7700000, 0x00000000e7700000, 0x00000000e7800000|  0%| F|  |TAMS 0x00000000e7700000| PB 0x00000000e7700000| Untracked |  0
| 120|0x00000000e7800000, 0x00000000e7800000, 0x00000000e7900000|  0%| F|  |TAMS 0x00000000e7800000| PB 0x00000000e7800000| Untracked |  0
| 121|0x00000000e7900000, 0x00000000e7900000, 0x00000000e7a00000|  0%| F|  |TAMS 0x00000000e7900000| PB 0x00000000e7900000| Untracked |  0
| 122|0x00000000e7a00000, 0x00000000e7a00000, 0x00000000e7b00000|  0%| F|  |TAMS 0x00000000e7a00000| PB 0x00000000e7a00000| Untracked |  0
| 123|0x00000000e7b00000, 0x00000000e7b00000, 0x00000000e7c00000|  0%| F|  |TAMS 0x00000000e7b00000| PB 0x00000000e7b00000| Untracked |  0
| 124|0x00000000e7c00000, 0x00000000e7c00000, 0x00000000e7d00000|  0%| F|  |TAMS 0x00000000e7c00000| PB 0x00000000e7c00000| Untracked |  0
| 125|0x00000000e7d00000, 0x00000000e7d00000, 0x00000000e7e00000|  0%| F|  |TAMS 0x00000000e7d00000| PB 0x00000000e7d00000| Untracked |  0
| 126|0x00000000e7e00000, 0x00000000e7e00000, 0x00000000e7f00000|  0%| F|  |TAMS 0x00000000e7e00000| PB 0x00000000e7e00000| Untracked |  0
| 127|0x00000000e7f00000, 0x00000000e7f00000, 0x00000000e8000000|  0%| F|  |TAMS 0x00000000e7f00000| PB 0x00000000e7f00000| Untracked |  0
| 128|0x00000000e8000000, 0x00000000e8000000, 0x00000000e8100000|  0%| F|  |TAMS 0x00000000e8000000| PB 0x00000000e8000000| Untracked |  0
| 129|0x00000000e8100000, 0x00000000e8100000, 0x00000000e8200000|  0%| F|  |TAMS 0x00000000e8100000| PB 0x00000000e8100000| Untracked |  0
| 130|0x00000000e8200000, 0x00000000e8200000, 0x00000000e8300000|  0%| F|  |TAMS 0x00000000e8200000| PB 0x00000000e8200000| Untracked |  0
| 131|0x00000000e8300000, 0x00000000e8300000, 0x00000000e8400000|  0%| F|  |TAMS 0x00000000e8300000| PB 0x00000000e8300000| Untracked |  0
| 132|0x00000000e8400000, 0x00000000e8400000, 0x00000000e8500000|  0%| F|  |TAMS 0x00000000e8400000| PB 0x00000000e8400000| Untracked |  0
| 133|0x00000000e8500000, 0x00000000e8500000, 0x00000000e8600000|  0%| F|  |TAMS 0x00000000e8500000| PB 0x00000000e8500000| Untracked |  0
| 134|0x00000000e8600000, 0x00000000e8600000, 0x00000000e8700000|  0%| F|  |TAMS 0x00000000e8600000| PB 0x00000000e8600000| Untracked |  0
| 135|0x00000000e8700000, 0x00000000e8700000, 0x00000000e8800000|  0%| F|  |TAMS 0x00000000e8700000| PB 0x00000000e8700000| Untracked |  0
| 136|0x00000000e8800000, 0x00000000e8800000, 0x00000000e8900000|  0%| F|  |TAMS 0x00000000e8800000| PB 0x00000000e8800000| Untracked |  0
| 137|0x00000000e8900000, 0x00000000e8900000, 0x00000000e8a00000|  0%| F|  |TAMS 0x00000000e8900000| PB 0x00000000e8900000| Untracked |  0
| 138|0x00000000e8a00000, 0x00000000e8a00000, 0x00000000e8b00000|  0%| F|  |TAMS 0x00000000e8a00000| PB 0x00000000e8a00000| Untracked |  0
| 139|0x00000000e8b00000, 0x00000000e8b00000, 0x00000000e8c00000|  0%| F|  |TAMS 0x00000000e8b00000| PB 0x00000000e8b00000| Untracked |  0
| 140|0x00000000e8c00000, 0x00000000e8c00000, 0x00000000e8d00000|  0%| F|  |TAMS 0x00000000e8c00000| PB 0x00000000e8c00000| Untracked |  0
| 141|0x00000000e8d00000, 0x00000000e8d00000, 0x00000000e8e00000|  0%| F|  |TAMS 0x00000000e8d00000| PB 0x00000000e8d00000| Untracked |  0
| 142|0x00000000e8e00000, 0x00000000e8e00000, 0x00000000e8f00000|  0%| F|  |TAMS 0x00000000e8e00000| PB 0x00000000e8e00000| Untracked |  0
| 143|0x00000000e8f00000, 0x00000000e8f00000, 0x00000000e9000000|  0%| F|  |TAMS 0x00000000e8f00000| PB 0x00000000e8f00000| Untracked |  0
| 144|0x00000000e9000000, 0x00000000e9000000, 0x00000000e9100000|  0%| F|  |TAMS 0x00000000e9000000| PB 0x00000000e9000000| Untracked |  0
| 145|0x00000000e9100000, 0x00000000e9100000, 0x00000000e9200000|  0%| F|  |TAMS 0x00000000e9100000| PB 0x00000000e9100000| Untracked |  0
| 146|0x00000000e9200000, 0x00000000e9200000, 0x00000000e9300000|  0%| F|  |TAMS 0x00000000e9200000| PB 0x00000000e9200000| Untracked |  0
| 147|0x00000000e9300000, 0x00000000e9300000, 0x00000000e9400000|  0%| F|  |TAMS 0x00000000e9300000| PB 0x00000000e9300000| Untracked |  0
| 148|0x00000000e9400000, 0x00000000e9400000, 0x00000000e9500000|  0%| F|  |TAMS 0x00000000e9400000| PB 0x00000000e9400000| Untracked |  0
| 149|0x00000000e9500000, 0x00000000e9500000, 0x00000000e9600000|  0%| F|  |TAMS 0x00000000e9500000| PB 0x00000000e9500000| Untracked |  0
| 150|0x00000000e9600000, 0x00000000e9600000, 0x00000000e9700000|  0%| F|  |TAMS 0x00000000e9600000| PB 0x00000000e9600000| Untracked |  0
| 151|0x00000000e9700000, 0x00000000e9700000, 0x00000000e9800000|  0%| F|  |TAMS 0x00000000e9700000| PB 0x00000000e9700000| Untracked |  0
| 152|0x00000000e9800000, 0x00000000e9800000, 0x00000000e9900000|  0%| F|  |TAMS 0x00000000e9800000| PB 0x00000000e9800000| Untracked |  0
| 153|0x00000000e9900000, 0x00000000e9900000, 0x00000000e9a00000|  0%| F|  |TAMS 0x00000000e9900000| PB 0x00000000e9900000| Untracked |  0
| 154|0x00000000e9a00000, 0x00000000e9a00000, 0x00000000e9b00000|  0%| F|  |TAMS 0x00000000e9a00000| PB 0x00000000e9a00000| Untracked |  0
| 155|0x00000000e9b00000, 0x00000000e9b00000, 0x00000000e9c00000|  0%| F|  |TAMS 0x00000000e9b00000| PB 0x00000000e9b00000| Untracked |  0
| 156|0x00000000e9c00000, 0x00000000e9c00000, 0x00000000e9d00000|  0%| F|  |TAMS 0x00000000e9c00000| PB 0x00000000e9c00000| Untracked |  0
| 157|0x00000000e9d00000, 0x00000000e9d00000, 0x00000000e9e00000|  0%| F|  |TAMS 0x00000000e9d00000| PB 0x00000000e9d00000| Untracked |  0
| 158|0x00000000e9e00000, 0x00000000e9e00000, 0x00000000e9f00000|  0%| F|  |TAMS 0x00000000e9e00000| PB 0x00000000e9e00000| Untracked |  0
| 159|0x00000000e9f00000, 0x00000000e9f00000, 0x00000000ea000000|  0%| F|  |TAMS 0x00000000e9f00000| PB 0x00000000e9f00000| Untracked |  0
| 160|0x00000000ea000000, 0x00000000ea000000, 0x00000000ea100000|  0%| F|  |TAMS 0x00000000ea000000| PB 0x00000000ea000000| Untracked |  0
| 161|0x00000000ea100000, 0x00000000ea100000, 0x00000000ea200000|  0%| F|  |TAMS 0x00000000ea100000| PB 0x00000000ea100000| Untracked |  0
| 162|0x00000000ea200000, 0x00000000ea200000, 0x00000000ea300000|  0%| F|  |TAMS 0x00000000ea200000| PB 0x00000000ea200000| Untracked |  0
| 163|0x00000000ea300000, 0x00000000ea300000, 0x00000000ea400000|  0%| F|  |TAMS 0x00000000ea300000| PB 0x00000000ea300000| Untracked |  0
| 164|0x00000000ea400000, 0x00000000ea400000, 0x00000000ea500000|  0%| F|  |TAMS 0x00000000ea400000| PB 0x00000000ea400000| Untracked |  0
| 165|0x00000000ea500000, 0x00000000ea500000, 0x00000000ea600000|  0%| F|  |TAMS 0x00000000ea500000| PB 0x00000000ea500000| Untracked |  0
| 166|0x00000000ea600000, 0x00000000ea600000, 0x00000000ea700000|  0%| F|  |TAMS 0x00000000ea600000| PB 0x00000000ea600000| Untracked |  0
| 167|0x00000000ea700000, 0x00000000ea700000, 0x00000000ea800000|  0%| F|  |TAMS 0x00000000ea700000| PB 0x00000000ea700000| Untracked |  0
| 168|0x00000000ea800000, 0x00000000ea800000, 0x00000000ea900000|  0%| F|  |TAMS 0x00000000ea800000| PB 0x00000000ea800000| Untracked |  0
| 169|0x00000000ea900000, 0x00000000ea900000, 0x00000000eaa00000|  0%| F|  |TAMS 0x00000000ea900000| PB 0x00000000ea900000| Untracked |  0
| 170|0x00000000eaa00000, 0x00000000eaa00000, 0x00000000eab00000|  0%| F|  |TAMS 0x00000000eaa00000| PB 0x00000000eaa00000| Untracked |  0
| 171|0x00000000eab00000, 0x00000000eab00000, 0x00000000eac00000|  0%| F|  |TAMS 0x00000000eab00000| PB 0x00000000eab00000| Untracked |  0
| 172|0x00000000eac00000, 0x00000000eac00000, 0x00000000ead00000|  0%| F|  |TAMS 0x00000000eac00000| PB 0x00000000eac00000| Untracked |  0
| 173|0x00000000ead00000, 0x00000000ead00000, 0x00000000eae00000|  0%| F|  |TAMS 0x00000000ead00000| PB 0x00000000ead00000| Untracked |  0
| 174|0x00000000eae00000, 0x00000000eae00000, 0x00000000eaf00000|  0%| F|  |TAMS 0x00000000eae00000| PB 0x00000000eae00000| Untracked |  0
| 175|0x00000000eaf00000, 0x00000000eaf00000, 0x00000000eb000000|  0%| F|  |TAMS 0x00000000eaf00000| PB 0x00000000eaf00000| Untracked |  0
| 176|0x00000000eb000000, 0x00000000eb000000, 0x00000000eb100000|  0%| F|  |TAMS 0x00000000eb000000| PB 0x00000000eb000000| Untracked |  0
| 177|0x00000000eb100000, 0x00000000eb100000, 0x00000000eb200000|  0%| F|  |TAMS 0x00000000eb100000| PB 0x00000000eb100000| Untracked |  0
| 178|0x00000000eb200000, 0x00000000eb200000, 0x00000000eb300000|  0%| F|  |TAMS 0x00000000eb200000| PB 0x00000000eb200000| Untracked |  0
| 179|0x00000000eb300000, 0x00000000eb300000, 0x00000000eb400000|  0%| F|  |TAMS 0x00000000eb300000| PB 0x00000000eb300000| Untracked |  0
| 180|0x00000000eb400000, 0x00000000eb400000, 0x00000000eb500000|  0%| F|  |TAMS 0x00000000eb400000| PB 0x00000000eb400000| Untracked |  0
| 181|0x00000000eb500000, 0x00000000eb500000, 0x00000000eb600000|  0%| F|  |TAMS 0x00000000eb500000| PB 0x00000000eb500000| Untracked |  0
| 182|0x00000000eb600000, 0x00000000eb600000, 0x00000000eb700000|  0%| F|  |TAMS 0x00000000eb600000| PB 0x00000000eb600000| Untracked |  0
| 183|0x00000000eb700000, 0x00000000eb700000, 0x00000000eb800000|  0%| F|  |TAMS 0x00000000eb700000| PB 0x00000000eb700000| Untracked |  0
| 184|0x00000000eb800000, 0x00000000eb800000, 0x00000000eb900000|  0%| F|  |TAMS 0x00000000eb800000| PB 0x00000000eb800000| Untracked |  0
| 185|0x00000000eb900000, 0x00000000eb900000, 0x00000000eba00000|  0%| F|  |TAMS 0x00000000eb900000| PB 0x00000000eb900000| Untracked |  0
| 186|0x00000000eba00000, 0x00000000eba00000, 0x00000000ebb00000|  0%| F|  |TAMS 0x00000000eba00000| PB 0x00000000eba00000| Untracked |  0
| 187|0x00000000ebb00000, 0x00000000ebb00000, 0x00000000ebc00000|  0%| F|  |TAMS 0x00000000ebb00000| PB 0x00000000ebb00000| Untracked |  0
| 188|0x00000000ebc00000, 0x00000000ebc00000, 0x00000000ebd00000|  0%| F|  |TAMS 0x00000000ebc00000| PB 0x00000000ebc00000| Untracked |  0
| 189|0x00000000ebd00000, 0x00000000ebd00000, 0x00000000ebe00000|  0%| F|  |TAMS 0x00000000ebd00000| PB 0x00000000ebd00000| Untracked |  0
| 190|0x00000000ebe00000, 0x00000000ebe00000, 0x00000000ebf00000|  0%| F|  |TAMS 0x00000000ebe00000| PB 0x00000000ebe00000| Untracked |  0
| 191|0x00000000ebf00000, 0x00000000ebf00000, 0x00000000ec000000|  0%| F|  |TAMS 0x00000000ebf00000| PB 0x00000000ebf00000| Untracked |  0
| 192|0x00000000ec000000, 0x00000000ec000000, 0x00000000ec100000|  0%| F|  |TAMS 0x00000000ec000000| PB 0x00000000ec000000| Untracked |  0
| 193|0x00000000ec100000, 0x00000000ec100000, 0x00000000ec200000|  0%| F|  |TAMS 0x00000000ec100000| PB 0x00000000ec100000| Untracked |  0
| 194|0x00000000ec200000, 0x00000000ec200000, 0x00000000ec300000|  0%| F|  |TAMS 0x00000000ec200000| PB 0x00000000ec200000| Untracked |  0
| 195|0x00000000ec300000, 0x00000000ec300000, 0x00000000ec400000|  0%| F|  |TAMS 0x00000000ec300000| PB 0x00000000ec300000| Untracked |  0
| 196|0x00000000ec400000, 0x00000000ec400000, 0x00000000ec500000|  0%| F|  |TAMS 0x00000000ec400000| PB 0x00000000ec400000| Untracked |  0
| 197|0x00000000ec500000, 0x00000000ec500000, 0x00000000ec600000|  0%| F|  |TAMS 0x00000000ec500000| PB 0x00000000ec500000| Untracked |  0
| 198|0x00000000ec600000, 0x00000000ec600000, 0x00000000ec700000|  0%| F|  |TAMS 0x00000000ec600000| PB 0x00000000ec600000| Untracked |  0
| 199|0x00000000ec700000, 0x00000000ec700000, 0x00000000ec800000|  0%| F|  |TAMS 0x00000000ec700000| PB 0x00000000ec700000| Untracked |  0
| 200|0x00000000ec800000, 0x00000000ec800000, 0x00000000ec900000|  0%| F|  |TAMS 0x00000000ec800000| PB 0x00000000ec800000| Untracked |  0
| 201|0x00000000ec900000, 0x00000000ec900000, 0x00000000eca00000|  0%| F|  |TAMS 0x00000000ec900000| PB 0x00000000ec900000| Untracked |  0
| 202|0x00000000eca00000, 0x00000000eca00000, 0x00000000ecb00000|  0%| F|  |TAMS 0x00000000eca00000| PB 0x00000000eca00000| Untracked |  0
| 203|0x00000000ecb00000, 0x00000000ecb00000, 0x00000000ecc00000|  0%| F|  |TAMS 0x00000000ecb00000| PB 0x00000000ecb00000| Untracked |  0
| 204|0x00000000ecc00000, 0x00000000ecc00000, 0x00000000ecd00000|  0%| F|  |TAMS 0x00000000ecc00000| PB 0x00000000ecc00000| Untracked |  0
| 205|0x00000000ecd00000, 0x00000000ecd00000, 0x00000000ece00000|  0%| F|  |TAMS 0x00000000ecd00000| PB 0x00000000ecd00000| Untracked |  0
| 206|0x00000000ece00000, 0x00000000ece00000, 0x00000000ecf00000|  0%| F|  |TAMS 0x00000000ece00000| PB 0x00000000ece00000| Untracked |  0
| 207|0x00000000ecf00000, 0x00000000ecf00000, 0x00000000ed000000|  0%| F|  |TAMS 0x00000000ecf00000| PB 0x00000000ecf00000| Untracked |  0
| 208|0x00000000ed000000, 0x00000000ed000000, 0x00000000ed100000|  0%| F|  |TAMS 0x00000000ed000000| PB 0x00000000ed000000| Untracked |  0
| 209|0x00000000ed100000, 0x00000000ed100000, 0x00000000ed200000|  0%| F|  |TAMS 0x00000000ed100000| PB 0x00000000ed100000| Untracked |  0
| 210|0x00000000ed200000, 0x00000000ed200000, 0x00000000ed300000|  0%| F|  |TAMS 0x00000000ed200000| PB 0x00000000ed200000| Untracked |  0
| 211|0x00000000ed300000, 0x00000000ed300000, 0x00000000ed400000|  0%| F|  |TAMS 0x00000000ed300000| PB 0x00000000ed300000| Untracked |  0
| 212|0x00000000ed400000, 0x00000000ed400000, 0x00000000ed500000|  0%| F|  |TAMS 0x00000000ed400000| PB 0x00000000ed400000| Untracked |  0
| 213|0x00000000ed500000, 0x00000000ed500000, 0x00000000ed600000|  0%| F|  |TAMS 0x00000000ed500000| PB 0x00000000ed500000| Untracked |  0
| 214|0x00000000ed600000, 0x00000000ed600000, 0x00000000ed700000|  0%| F|  |TAMS 0x00000000ed600000| PB 0x00000000ed600000| Untracked |  0
| 215|0x00000000ed700000, 0x00000000ed700000, 0x00000000ed800000|  0%| F|  |TAMS 0x00000000ed700000| PB 0x00000000ed700000| Untracked |  0
| 216|0x00000000ed800000, 0x00000000ed800000, 0x00000000ed900000|  0%| F|  |TAMS 0x00000000ed800000| PB 0x00000000ed800000| Untracked |  0
| 217|0x00000000ed900000, 0x00000000ed900000, 0x00000000eda00000|  0%| F|  |TAMS 0x00000000ed900000| PB 0x00000000ed900000| Untracked |  0
| 218|0x00000000eda00000, 0x00000000eda00000, 0x00000000edb00000|  0%| F|  |TAMS 0x00000000eda00000| PB 0x00000000eda00000| Untracked |  0
| 219|0x00000000edb00000, 0x00000000edb00000, 0x00000000edc00000|  0%| F|  |TAMS 0x00000000edb00000| PB 0x00000000edb00000| Untracked |  0
| 220|0x00000000edc00000, 0x00000000edc00000, 0x00000000edd00000|  0%| F|  |TAMS 0x00000000edc00000| PB 0x00000000edc00000| Untracked |  0
| 221|0x00000000edd00000, 0x00000000edd00000, 0x00000000ede00000|  0%| F|  |TAMS 0x00000000edd00000| PB 0x00000000edd00000| Untracked |  0
| 222|0x00000000ede00000, 0x00000000ede00000, 0x00000000edf00000|  0%| F|  |TAMS 0x00000000ede00000| PB 0x00000000ede00000| Untracked |  0
| 223|0x00000000edf00000, 0x00000000edf00000, 0x00000000ee000000|  0%| F|  |TAMS 0x00000000edf00000| PB 0x00000000edf00000| Untracked |  0
| 224|0x00000000ee000000, 0x00000000ee000000, 0x00000000ee100000|  0%| F|  |TAMS 0x00000000ee000000| PB 0x00000000ee000000| Untracked |  0
| 225|0x00000000ee100000, 0x00000000ee100000, 0x00000000ee200000|  0%| F|  |TAMS 0x00000000ee100000| PB 0x00000000ee100000| Untracked |  0
| 226|0x00000000ee200000, 0x00000000ee200000, 0x00000000ee300000|  0%| F|  |TAMS 0x00000000ee200000| PB 0x00000000ee200000| Untracked |  0
| 227|0x00000000ee300000, 0x00000000ee300000, 0x00000000ee400000|  0%| F|  |TAMS 0x00000000ee300000| PB 0x00000000ee300000| Untracked |  0
| 228|0x00000000ee400000, 0x00000000ee400000, 0x00000000ee500000|  0%| F|  |TAMS 0x00000000ee400000| PB 0x00000000ee400000| Untracked |  0
| 229|0x00000000ee500000, 0x00000000ee500000, 0x00000000ee600000|  0%| F|  |TAMS 0x00000000ee500000| PB 0x00000000ee500000| Untracked |  0
| 230|0x00000000ee600000, 0x00000000ee700000, 0x00000000ee700000|100%| E|  |TAMS 0x00000000ee600000| PB 0x00000000ee600000| Complete |  0
| 231|0x00000000ee700000, 0x00000000ee765448, 0x00000000ee800000| 39%| S|CS|TAMS 0x00000000ee700000| PB 0x00000000ee700000| Complete |  0
| 232|0x00000000ee800000, 0x00000000ee900000, 0x00000000ee900000|100%| S|CS|TAMS 0x00000000ee800000| PB 0x00000000ee800000| Complete |  0
| 233|0x00000000ee900000, 0x00000000eea00000, 0x00000000eea00000|100%| S|CS|TAMS 0x00000000ee900000| PB 0x00000000ee900000| Complete |  0
| 234|0x00000000eea00000, 0x00000000eeb00000, 0x00000000eeb00000|100%| S|CS|TAMS 0x00000000eea00000| PB 0x00000000eea00000| Complete |  0
| 235|0x00000000eeb00000, 0x00000000eec00000, 0x00000000eec00000|100%| S|CS|TAMS 0x00000000eeb00000| PB 0x00000000eeb00000| Complete |  0
| 236|0x00000000eec00000, 0x00000000eed00000, 0x00000000eed00000|100%| S|CS|TAMS 0x00000000eec00000| PB 0x00000000eec00000| Complete |  0
| 237|0x00000000eed00000, 0x00000000eee00000, 0x00000000eee00000|100%| S|CS|TAMS 0x00000000eed00000| PB 0x00000000eed00000| Complete |  0
| 238|0x00000000eee00000, 0x00000000eef00000, 0x00000000eef00000|100%| S|CS|TAMS 0x00000000eee00000| PB 0x00000000eee00000| Complete |  0
| 239|0x00000000eef00000, 0x00000000ef000000, 0x00000000ef000000|100%| S|CS|TAMS 0x00000000eef00000| PB 0x00000000eef00000| Complete |  0
| 240|0x00000000ef000000, 0x00000000ef100000, 0x00000000ef100000|100%| S|CS|TAMS 0x00000000ef000000| PB 0x00000000ef000000| Complete |  0
| 241|0x00000000ef100000, 0x00000000ef200000, 0x00000000ef200000|100%| E|CS|TAMS 0x00000000ef100000| PB 0x00000000ef100000| Complete |  0
| 242|0x00000000ef200000, 0x00000000ef300000, 0x00000000ef300000|100%| E|CS|TAMS 0x00000000ef200000| PB 0x00000000ef200000| Complete |  0
| 243|0x00000000ef300000, 0x00000000ef400000, 0x00000000ef400000|100%| E|CS|TAMS 0x00000000ef300000| PB 0x00000000ef300000| Complete |  0
| 244|0x00000000ef400000, 0x00000000ef500000, 0x00000000ef500000|100%| E|CS|TAMS 0x00000000ef400000| PB 0x00000000ef400000| Complete |  0
| 245|0x00000000ef500000, 0x00000000ef600000, 0x00000000ef600000|100%| E|CS|TAMS 0x00000000ef500000| PB 0x00000000ef500000| Complete |  0
| 246|0x00000000ef600000, 0x00000000ef700000, 0x00000000ef700000|100%| E|CS|TAMS 0x00000000ef600000| PB 0x00000000ef600000| Complete |  0
| 247|0x00000000ef700000, 0x00000000ef800000, 0x00000000ef800000|100%| E|CS|TAMS 0x00000000ef700000| PB 0x00000000ef700000| Complete |  0
| 248|0x00000000ef800000, 0x00000000ef900000, 0x00000000ef900000|100%| E|CS|TAMS 0x00000000ef800000| PB 0x00000000ef800000| Complete |  0
| 249|0x00000000ef900000, 0x00000000efa00000, 0x00000000efa00000|100%| E|CS|TAMS 0x00000000ef900000| PB 0x00000000ef900000| Complete |  0
| 250|0x00000000efa00000, 0x00000000efb00000, 0x00000000efb00000|100%| E|CS|TAMS 0x00000000efa00000| PB 0x00000000efa00000| Complete |  0
| 251|0x00000000efb00000, 0x00000000efc00000, 0x00000000efc00000|100%| E|CS|TAMS 0x00000000efb00000| PB 0x00000000efb00000| Complete |  0
| 252|0x00000000efc00000, 0x00000000efd00000, 0x00000000efd00000|100%| E|CS|TAMS 0x00000000efc00000| PB 0x00000000efc00000| Complete |  0
| 255|0x00000000eff00000, 0x00000000f0000000, 0x00000000f0000000|100%| E|CS|TAMS 0x00000000eff00000| PB 0x00000000eff00000| Complete |  0
| 510|0x00000000ffe00000, 0x00000000fff00000, 0x00000000fff00000|100%| O|  |TAMS 0x00000000ffe00000| PB 0x00000000ffe00000| Untracked |  0
| 511|0x00000000fff00000, 0x0000000100000000, 0x0000000100000000|100%| E|CS|TAMS 0x00000000fff00000| PB 0x00000000fff00000| Complete |  0

Card table byte_map: [0x00000213ceb50000,0x00000213cec50000] _byte_map_base: 0x00000213ce450000

Marking Bits: (CMBitMap*) 0x00000213b6984560
 Bits: [0x00000213cec50000, 0x00000213cf450000)

Polling page: 0x00000213b4870000

Metaspace:
Metaspace        used 36542K, committed 37952K, reserved 393216K
 class space     used 4014K, committed 4672K, reserved 327680K

Usage:
  Non-class:     31.77 MB used.
      Class:      3.92 MB used.
       Both:     35.69 MB used.

Virtual space:
  Non-class space:       64.00 MB reserved,      32.50 MB ( 51%) committed,  1 nodes.
      Class space:      320.00 MB reserved,       4.56 MB (  1%) committed,  1 nodes.
             Both:      384.00 MB reserved,      37.06 MB ( 10%) committed. 

Chunk freelists:
   Non-Class:  14.64 MB
       Class:  11.38 MB
        Both:  26.02 MB

MaxMetaspaceSize: 384.00 MB
CompressedClassSpaceSize: 320.00 MB
Initial GC threshold: 21.00 MB
Current GC threshold: 59.69 MB
CDS: on
 - commit_granule_bytes: 65536.
 - commit_granule_words: 8192.
 - virtual_space_node_default_size: 8388608.
 - enlarge_chunks_in_place: 1.
UseCompressedClassPointers 1, UseCompactObjectHeaders 0
Narrow klass pointer bits 32, Max shift 3
Narrow klass base: 0x000000008a000000, Narrow klass shift: 0
Encoding Range: [0x000000008a000000 - 0x000000018a000000), (4294967296 bytes)
Klass Range:    [0x000000008a010000 - 0x000000009f000000), (352256000 bytes)
Klass ID Range:  [65536 - 352321529) (352255993)
Protection zone: [0x000000008a000000 - 0x000000008a010000), (65536 bytes)


Internal statistics:

num_allocs_failed_limit: 12.
num_arena_births: 2506.
num_arena_deaths: 0.
num_vsnodes_births: 2.
num_vsnodes_deaths: 0.
num_space_committed: 593.
num_space_uncommitted: 0.
num_chunks_returned_to_freelist: 12.
num_chunks_taken_from_freelist: 4188.
num_chunk_merges: 12.
num_chunk_splits: 2742.
num_chunks_enlarged: 1684.
num_inconsistent_stats: 0.

CodeHeap 'non-profiled nmethods': size=119232Kb used=1601Kb max_used=1804Kb free=117630Kb
 bounds [0x00000213c6d60000, 0x00000213c6fd0000, 0x00000213ce1d0000]
CodeHeap 'profiled nmethods': size=119104Kb used=6440Kb max_used=7367Kb free=112663Kb
 bounds [0x00000213bf1d0000, 0x00000213bf910000, 0x00000213c6620000]
CodeHeap 'non-nmethods': size=7424Kb used=2999Kb max_used=3579Kb free=4424Kb
 bounds [0x00000213c6620000, 0x00000213c69a0000, 0x00000213c6d60000]
CodeCache: size=245760Kb, used=11040Kb, max_used=12750Kb, free=234717Kb
 total_blobs=4841, nmethods=4116, adapters=625, full_count=0
Compilation: enabled, stopped_count=0, restarted_count=0

Compilation events (20 events):
Event: 3.025 Thread 0x00000213d23e0d10 4592       3       java.lang.invoke.Invokers$Holder::linkToTargetMethod (15 bytes)
Event: 3.025 Thread 0x00000213d23e0d10 nmethod 4592 0x00000213bf24c508 code [0x00000213bf24c600, 0x00000213bf24ca98]
Event: 3.025 Thread 0x00000213d24fddf0 4593       3       org.gradle.model.internal.asm.MethodVisitorScope::_CHECKCAST (9 bytes)
Event: 3.025 Thread 0x00000213d262f2e0 4594       1       org.gradle.internal.instantiation.generator.AbstractClassGenerator$MethodMetadata::getGenericReturnType (5 bytes)
Event: 3.025 Thread 0x00000213d262f2e0 nmethod 4594 0x00000213c6d9b388 code [0x00000213c6d9b480, 0x00000213c6d9b548]
Event: 3.025 Thread 0x00000213d24fddf0 nmethod 4593 0x00000213bf33d088 code [0x00000213bf33d180, 0x00000213bf33d3e0]
Event: 3.025 Thread 0x00000213d262f2e0 4595       1       org.gradle.internal.instantiation.generator.AsmBackedClassGenerator$ClassBuilderImpl::access$1300 (5 bytes)
Event: 3.025 Thread 0x00000213d262f2e0 nmethod 4595 0x00000213c6d9bc88 code [0x00000213c6d9bd80, 0x00000213c6d9be30]
Event: 3.025 Thread 0x00000213d23e0d10 4596       3       org.gradle.model.internal.asm.MethodVisitorScope::_CHECKCAST (9 bytes)
Event: 3.025 Thread 0x00000213d23e0d10 nmethod 4596 0x00000213bf306108 code [0x00000213bf306200, 0x00000213bf306688]
Event: 3.030 Thread 0x00000213d262f2e0 4597       3       org.gradle.internal.service.DefaultServiceRegistry$OwnServices::getAll (50 bytes)
Event: 3.030 Thread 0x00000213d262f2e0 nmethod 4597 0x00000213bf1f5508 code [0x00000213bf1f5600, 0x00000213bf1f5e88]
Event: 3.031 Thread 0x00000213d24f2de0 4598       3       org.gradle.internal.service.DefaultServiceRegistry$ConstructorService::<init> (15 bytes)
Event: 3.031 Thread 0x00000213d23bf370 4599       4       sun.reflect.generics.parser.SignatureParser::parsePackageNameAndSimpleClassTypeSignature (119 bytes)
Event: 3.031 Thread 0x00000213d24f2de0 nmethod 4598 0x00000213bf236788 code [0x00000213bf236880, 0x00000213bf236c60]
Event: 3.037 Thread 0x00000213d23e0d10 4600       3       java.lang.Class::getEnclosingClass (46 bytes)
Event: 3.038 Thread 0x00000213d23e0d10 nmethod 4600 0x00000213bf329188 code [0x00000213bf329280, 0x00000213bf329738]
Event: 3.041 Thread 0x00000213d24f2de0 4601       3       org.gradle.internal.service.TypeStringFormatter::format (178 bytes)
Event: 3.042 Thread 0x00000213d24f2de0 nmethod 4601 0x00000213bf50d288 code [0x00000213bf50d380, 0x00000213bf50f4d0]
Event: 3.045 Thread 0x00000213d26db060 4602       4       org.gradle.internal.service.DefaultServiceRegistry$ClassInspector::getDetailsForClass (50 bytes)

GC Heap Usage History (12 events):
Event: 0.837 {heap Before GC invocations=0 (full 0):
 garbage-first heap   total reserved 524288K, committed 264192K, used 53395K [0x00000000e0000000, 0x0000000100000000)
  region size 1024K, 47 young (48128K), 0 survivors (0K)
}
Event: 0.840 {heap After GC invocations=1 (full 0):
 garbage-first heap   total reserved 524288K, committed 264192K, used 12539K [0x00000000e0000000, 0x0000000100000000)
  region size 1024K, 6 young (6144K), 6 survivors (6144K)
}
Event: 1.675 {heap Before GC invocations=1 (full 0):
 garbage-first heap   total reserved 524288K, committed 264192K, used 119035K [0x00000000e0000000, 0x0000000100000000)
  region size 1024K, 108 young (110592K), 6 survivors (6144K)
}
Event: 1.679 {heap After GC invocations=2 (full 0):
 garbage-first heap   total reserved 524288K, committed 264192K, used 22097K [0x00000000e0000000, 0x0000000100000000)
  region size 1024K, 14 young (14336K), 14 survivors (14336K)
}
Event: 2.069 {heap Before GC invocations=2 (full 0):
 garbage-first heap   total reserved 524288K, committed 264192K, used 68177K [0x00000000e0000000, 0x0000000100000000)
  region size 1024K, 59 young (60416K), 14 survivors (14336K)
}
Event: 2.074 {heap After GC invocations=3 (full 0):
 garbage-first heap   total reserved 524288K, committed 264192K, used 25751K [0x00000000e0000000, 0x0000000100000000)
  region size 1024K, 12 young (12288K), 12 survivors (12288K)
}
Event: 2.943 {heap Before GC invocations=4 (full 0):
 garbage-first heap   total reserved 524288K, committed 262144K, used 140439K [0x00000000e0000000, 0x0000000100000000)
  region size 1024K, 126 young (129024K), 12 survivors (12288K)
}
Event: 2.951 {heap After GC invocations=5 (full 0):
 garbage-first heap   total reserved 524288K, committed 262144K, used 32164K [0x00000000e0000000, 0x0000000100000000)
  region size 1024K, 10 young (10240K), 10 survivors (10240K)
}
Event: 2.965 {heap Before GC invocations=5 (full 0):
 garbage-first heap   total reserved 524288K, committed 262144K, used 33188K [0x00000000e0000000, 0x0000000100000000)
  region size 1024K, 12 young (12288K), 10 survivors (10240K)
}
Event: 2.969 {heap After GC invocations=6 (full 0):
 garbage-first heap   total reserved 524288K, committed 262144K, used 32378K [0x00000000e0000000, 0x0000000100000000)
  region size 1024K, 10 young (10240K), 10 survivors (10240K)
}
Event: 2.989 {heap Before GC invocations=6 (full 0):
 garbage-first heap   total reserved 524288K, committed 262144K, used 35450K [0x00000000e0000000, 0x0000000100000000)
  region size 1024K, 14 young (14336K), 10 survivors (10240K)
}
Event: 2.992 {heap After GC invocations=7 (full 0):
 garbage-first heap   total reserved 524288K, committed 262144K, used 31972K [0x00000000e0000000, 0x0000000100000000)
  region size 1024K, 10 young (10240K), 10 survivors (10240K)
}

Metaspace Usage History (12 events):
Event: 0.837 {metaspace Before GC invocations=0 (full 0):
 Metaspace       used 4625K, committed 4736K, reserved 393216K
  class space    used 395K, committed 448K, reserved 327680K
}
Event: 0.840 {metaspace After GC invocations=1 (full 0):
 Metaspace       used 4625K, committed 4736K, reserved 393216K
  class space    used 395K, committed 448K, reserved 327680K
}
Event: 1.675 {metaspace Before GC invocations=1 (full 0):
 Metaspace       used 13969K, committed 14400K, reserved 393216K
  class space    used 1407K, committed 1600K, reserved 327680K
}
Event: 1.679 {metaspace After GC invocations=2 (full 0):
 Metaspace       used 13969K, committed 14400K, reserved 393216K
  class space    used 1407K, committed 1600K, reserved 327680K
}
Event: 2.069 {metaspace Before GC invocations=2 (full 0):
 Metaspace       used 20893K, committed 21504K, reserved 393216K
  class space    used 2132K, committed 2432K, reserved 327680K
}
Event: 2.074 {metaspace After GC invocations=3 (full 0):
 Metaspace       used 20893K, committed 21504K, reserved 393216K
  class space    used 2132K, committed 2432K, reserved 327680K
}
Event: 2.943 {metaspace Before GC invocations=4 (full 0):
 Metaspace       used 34690K, committed 35968K, reserved 393216K
  class space    used 3743K, committed 4352K, reserved 327680K
}
Event: 2.951 {metaspace After GC invocations=5 (full 0):
 Metaspace       used 34690K, committed 35968K, reserved 393216K
  class space    used 3743K, committed 4352K, reserved 327680K
}
Event: 2.965 {metaspace Before GC invocations=5 (full 0):
 Metaspace       used 34959K, committed 36288K, reserved 393216K
  class space    used 3772K, committed 4416K, reserved 327680K
}
Event: 2.969 {metaspace After GC invocations=6 (full 0):
 Metaspace       used 34959K, committed 36288K, reserved 393216K
  class space    used 3772K, committed 4416K, reserved 327680K
}
Event: 2.989 {metaspace Before GC invocations=6 (full 0):
 Metaspace       used 35252K, committed 36608K, reserved 393216K
  class space    used 3821K, committed 4480K, reserved 327680K
}
Event: 2.992 {metaspace After GC invocations=7 (full 0):
 Metaspace       used 35252K, committed 36608K, reserved 393216K
  class space    used 3821K, committed 4480K, reserved 327680K
}

Dll operation events (14 events):
Event: 0.032 Loaded shared library C:\Users\w1812\.jdks\openjdk-25.0.1\bin\java.dll
Event: 0.116 Loaded shared library C:\Users\w1812\.jdks\openjdk-25.0.1\bin\zip.dll
Event: 0.122 Loaded shared library C:\Users\w1812\.jdks\openjdk-25.0.1\bin\instrument.dll
Event: 0.126 Loaded shared library C:\Users\w1812\.jdks\openjdk-25.0.1\bin\net.dll
Event: 0.130 Loaded shared library C:\Users\w1812\.jdks\openjdk-25.0.1\bin\nio.dll
Event: 0.134 Loaded shared library C:\Users\w1812\.jdks\openjdk-25.0.1\bin\zip.dll
Event: 0.471 Loaded shared library C:\Users\w1812\.jdks\openjdk-25.0.1\bin\jimage.dll
Event: 0.640 Loaded shared library C:\Users\w1812\.jdks\openjdk-25.0.1\bin\verify.dll
Event: 0.657 Loaded shared library D:\workspace\github\spring-framework\buildSrc\build\tmp\test\work\.gradle-test-kit\native\660c5614fbf4a5f2a75b1949f50a0caf5cd603558e7d8a26e50b933a0cfb79d1\windows-amd64\native-platform.dll
Event: 0.667 Loaded shared library D:\workspace\github\spring-framework\buildSrc\build\tmp\test\work\.gradle-test-kit\native\0.2.8\x86_64-windows-gnu\gradle-fileevents.dll
Event: 1.265 Loaded shared library C:\Users\w1812\.jdks\openjdk-25.0.1\bin\management.dll
Event: 1.266 Loaded shared library C:\Users\w1812\.jdks\openjdk-25.0.1\bin\management_ext.dll
Event: 1.357 Loaded shared library C:\Users\w1812\.jdks\openjdk-25.0.1\bin\extnet.dll
Event: 1.455 Loaded shared library C:\Users\w1812\.jdks\openjdk-25.0.1\bin\sunmscapi.dll

Deoptimization events (20 events):
Event: 2.898 Thread 0x00000213d873edf0 Uncommon trap: trap_request=0xffffff45 fr.pc=0x00000213c6f0edc8 relative=0x0000000000000548
Event: 2.898 Thread 0x00000213d873edf0 Uncommon trap: reason=unstable_if action=reinterpret pc=0x00000213c6f0edc8 method=java.lang.ClassLoader.preDefineClass(Ljava/lang/String;Ljava/security/ProtectionDomain;)Ljava/security/ProtectionDomain; @ 46 c2
Event: 2.898 Thread 0x00000213d873edf0 DEOPT PACKING pc=0x00000213c6f0edc8 sp=0x0000002d99ff4560
Event: 2.898 Thread 0x00000213d873edf0 DEOPT UNPACKING pc=0x00000213c6742402 sp=0x0000002d99ff4560 mode 2
Event: 2.978 Thread 0x00000213d873edf0 Uncommon trap: trap_request=0xffffffde fr.pc=0x00000213c6d6efd4 relative=0x00000000000001d4
Event: 2.978 Thread 0x00000213d873edf0 Uncommon trap: reason=class_check action=maybe_recompile pc=0x00000213c6d6efd4 method=java.lang.String.equals(Ljava/lang/Object;)Z @ 8 c2
Event: 2.978 Thread 0x00000213d873edf0 DEOPT PACKING pc=0x00000213c6d6efd4 sp=0x0000002d99ff96b0
Event: 2.978 Thread 0x00000213d873edf0 DEOPT UNPACKING pc=0x00000213c6742402 sp=0x0000002d99ff9648 mode 2
Event: 2.986 Thread 0x00000213d873edf0 Uncommon trap: trap_request=0xffffffde fr.pc=0x00000213c6ea124c relative=0x00000000000003cc
Event: 2.986 Thread 0x00000213d873edf0 Uncommon trap: reason=class_check action=maybe_recompile pc=0x00000213c6ea124c method=java.util.Collections$SetFromMap.remove(Ljava/lang/Object;)Z @ 5 c2
Event: 2.986 Thread 0x00000213d873edf0 DEOPT PACKING pc=0x00000213c6ea124c sp=0x0000002d99ffa9e0
Event: 2.986 Thread 0x00000213d873edf0 DEOPT UNPACKING pc=0x00000213c6742402 sp=0x0000002d99ffa9c8 mode 2
Event: 3.004 Thread 0x00000213d873edf0 Uncommon trap: trap_request=0xffffff45 fr.pc=0x00000213c6efe5d8 relative=0x0000000000000958
Event: 3.004 Thread 0x00000213d873edf0 Uncommon trap: reason=unstable_if action=reinterpret pc=0x00000213c6efe5d8 method=org.objectweb.asm.Frame.push(I)V @ 26 c2
Event: 3.004 Thread 0x00000213d873edf0 DEOPT PACKING pc=0x00000213c6efe5d8 sp=0x0000002d99ff9b70
Event: 3.005 Thread 0x00000213d873edf0 DEOPT UNPACKING pc=0x00000213c6742402 sp=0x0000002d99ff9a58 mode 2
Event: 3.025 Thread 0x00000213d873edf0 Uncommon trap: trap_request=0xffffff45 fr.pc=0x00000213c6dfc140 relative=0x00000000000001c0
Event: 3.025 Thread 0x00000213d873edf0 Uncommon trap: reason=unstable_if action=reinterpret pc=0x00000213c6dfc140 method=org.objectweb.asm.Frame.push(I)V @ 26 c2
Event: 3.025 Thread 0x00000213d873edf0 DEOPT PACKING pc=0x00000213c6dfc140 sp=0x0000002d99ff9cc0
Event: 3.025 Thread 0x00000213d873edf0 DEOPT UNPACKING pc=0x00000213c6742402 sp=0x0000002d99ff9c48 mode 2

Classes loaded (20 events):
Event: 2.933 Loading class java/util/concurrent/locks/AbstractQueuedLongSynchronizer
Event: 2.933 Loading class java/util/concurrent/locks/AbstractQueuedLongSynchronizer done
Event: 2.934 Loading class java/util/concurrent/locks/ReentrantReadWriteLock$Sync done
Event: 2.934 Loading class java/util/concurrent/locks/ReentrantReadWriteLock$NonfairSync done
Event: 2.934 Loading class java/util/concurrent/locks/ReentrantReadWriteLock$Sync$ThreadLocalHoldCounter
Event: 2.934 Loading class java/util/concurrent/locks/ReentrantReadWriteLock$Sync$ThreadLocalHoldCounter done
Event: 2.934 Loading class java/util/concurrent/locks/ReentrantReadWriteLock$ReadLock
Event: 2.934 Loading class java/util/concurrent/locks/ReentrantReadWriteLock$ReadLock done
Event: 2.934 Loading class java/util/concurrent/locks/ReentrantReadWriteLock$WriteLock
Event: 2.934 Loading class java/util/concurrent/locks/ReentrantReadWriteLock$WriteLock done
Event: 2.955 Loading class sun/nio/fs/WindowsPath$1
Event: 2.955 Loading class sun/nio/fs/WindowsPath$1 done
Event: 2.955 Loading class sun/nio/fs/WindowsChannelFactory$2
Event: 2.955 Loading class sun/nio/fs/WindowsChannelFactory$2 done
Event: 2.955 Loading class java/nio/file/FileAlreadyExistsException
Event: 2.955 Loading class java/nio/file/FileAlreadyExistsException done
Event: 2.956 Loading class java/nio/file/AccessMode
Event: 2.956 Loading class java/nio/file/AccessMode done
Event: 2.962 Loading class java/math/MutableBigInteger
Event: 2.963 Loading class java/math/MutableBigInteger done

Classes unloaded (0 events):
No events

Classes redefined (0 events):
No events

Internal exceptions (20 events):
Event: 2.785 Thread 0x00000213d873edf0 Exception <a 'java/lang/NoSuchMethodError'{0x00000000e939a7f0}: 'java.lang.Object java.lang.invoke.DirectMethodHandle$Holder.newInvokeSpecial(java.lang.Object, java.lang.Object, java.lang.Object, java.lang.Object, java.lang.Object, java.lang.Object, java.lang.Object, java.lang.Object, java.lang.Object)'> (0x00000000e939a7f0) 
thrown [s\open\src\hotspot\share\interpreter\linkResolver.cpp, line 804]
Event: 2.876 Thread 0x00000213d873edf0 Exception <a 'java/lang/NoSuchMethodError'{0x00000000e87962b8}: 'void java.lang.invoke.DirectMethodHandle$Holder.invokeStaticInit(java.lang.Object, java.lang.Object, java.lang.Object)'> (0x00000000e87962b8) 
thrown [s\open\src\hotspot\share\interpreter\linkResolver.cpp, line 804]
Event: 2.922 Thread 0x00000213d873edf0 Exception <a 'java/lang/ClassNotFoundException'{0x00000000e821db30}: groovy/lang/ExpandoMetaClassBeanInfo> (0x00000000e821db30) 
thrown [s\open\src\hotspot\share\classfile\systemDictionary.cpp, line 327]
Event: 2.922 Thread 0x00000213d873edf0 Exception <a 'java/lang/ClassNotFoundException'{0x00000000e82255e8}: groovy/lang/MetaClassImplBeanInfo> (0x00000000e82255e8) 
thrown [s\open\src\hotspot\share\classfile\systemDictionary.cpp, line 327]
Event: 2.922 Thread 0x00000213d873edf0 Exception <a 'java/lang/ClassNotFoundException'{0x00000000e8229bc0}: java/lang/ObjectBeanInfo> (0x00000000e8229bc0) 
thrown [s\open\src\hotspot\share\classfile\systemDictionary.cpp, line 327]
Event: 2.922 Thread 0x00000213d873edf0 Exception <a 'java/lang/ClassNotFoundException'{0x00000000e822f370}: java/lang/ObjectCustomizer> (0x00000000e822f370) 
thrown [s\open\src\hotspot\share\classfile\systemDictionary.cpp, line 327]
Event: 2.924 Thread 0x00000213d873edf0 Exception <a 'java/lang/IncompatibleClassChangeError'{0x00000000e8246db0}: Found class java.lang.Object, but interface was expected> (0x00000000e8246db0) 
thrown [s\open\src\hotspot\share\interpreter\linkResolver.cpp, line 871]
Event: 2.925 Thread 0x00000213d873edf0 Exception <a 'java/lang/ClassNotFoundException'{0x00000000e8288ac8}: groovy/lang/MetaClassImplCustomizer> (0x00000000e8288ac8) 
thrown [s\open\src\hotspot\share\classfile\systemDictionary.cpp, line 327]
Event: 2.927 Thread 0x00000213d873edf0 Exception <a 'java/lang/ClassNotFoundException'{0x00000000e82b2da0}: groovy/lang/ExpandoMetaClassCustomizer> (0x00000000e82b2da0) 
thrown [s\open\src\hotspot\share\classfile\systemDictionary.cpp, line 327]
Event: 2.935 Thread 0x00000213d873edf0 Exception <a 'java/lang/ClassNotFoundException'{0x00000000e8189540}: org/gradle/internal/extensibility/DefaultExtraPropertiesExtensionBeanInfo> (0x00000000e8189540) 
thrown [s\open\src\hotspot\share\classfile\systemDictionary.cpp, line 327]
Event: 2.935 Thread 0x00000213d873edf0 Exception <a 'java/lang/ClassNotFoundException'{0x00000000e8190fe8}: groovy/lang/GroovyObjectSupportBeanInfo> (0x00000000e8190fe8) 
thrown [s\open\src\hotspot\share\classfile\systemDictionary.cpp, line 327]
Event: 2.935 Thread 0x00000213d873edf0 Exception <a 'java/lang/ClassNotFoundException'{0x00000000e8198a98}: groovy/lang/GroovyObjectSupportCustomizer> (0x00000000e8198a98) 
thrown [s\open\src\hotspot\share\classfile\systemDictionary.cpp, line 327]
Event: 2.936 Thread 0x00000213d873edf0 Exception <a 'java/lang/ClassNotFoundException'{0x00000000e81b59d0}: org/gradle/internal/extensibility/DefaultExtraPropertiesExtensionCustomizer> (0x00000000e81b59d0) 
thrown [s\open\src\hotspot\share\classfile\systemDictionary.cpp, line 327]
Event: 2.938 Thread 0x00000213d873edf0 Exception <a 'java/lang/IncompatibleClassChangeError'{0x00000000e81cf938}: Found class java.lang.Object, but interface was expected> (0x00000000e81cf938) 
thrown [s\open\src\hotspot\share\interpreter\linkResolver.cpp, line 871]
Event: 2.954 Thread 0x00000213d873edf0 Exception <a 'sun/nio/fs/WindowsException'{0x00000000eff31490}> (0x00000000eff31490) 
thrown [s\open\src\hotspot\share\prims\jni.cpp, line 516]
Event: 2.955 Thread 0x00000213d873edf0 Exception <a 'sun/nio/fs/WindowsException'{0x00000000eff326c0}> (0x00000000eff326c0) 
thrown [s\open\src\hotspot\share\prims\jni.cpp, line 516]
Event: 2.955 Thread 0x00000213d873edf0 Exception <a 'sun/nio/fs/WindowsException'{0x00000000eff34a60}> (0x00000000eff34a60) 
thrown [s\open\src\hotspot\share\prims\jni.cpp, line 516]
Event: 2.956 Thread 0x00000213d873edf0 Exception <a 'sun/nio/fs/WindowsException'{0x00000000eff366f0}> (0x00000000eff366f0) 
thrown [s\open\src\hotspot\share\prims\jni.cpp, line 516]
Event: 2.975 Thread 0x00000213d873edf0 Exception <a 'java/lang/IncompatibleClassChangeError'{0x00000000ffffc478}: Found class java.lang.Object, but interface was expected> (0x00000000ffffc478) 
thrown [s\open\src\hotspot\share\interpreter\linkResolver.cpp, line 871]
Event: 3.012 Thread 0x00000213d873edf0 Exception <a 'java/lang/NoSuchMethodError'{0x00000000efcdb8d8}: 'int java.lang.invoke.DirectMethodHandle$Holder.invokeVirtual(java.lang.Object, java.lang.Object)'> (0x00000000efcdb8d8) 
thrown [s\open\src\hotspot\share\interpreter\linkResolver.cpp, line 804]

VM Operations (20 events):
Event: 2.079 Executing safepoint VM operation: G1PauseCleanup
Event: 2.079 Executing safepoint VM operation: G1PauseCleanup done
Event: 2.519 Executing non-safepoint VM operation: HandshakeAllThreads (Deoptimize)
Event: 2.519 Executing non-safepoint VM operation: HandshakeAllThreads (Deoptimize) done
Event: 2.519 Executing non-safepoint VM operation: HandshakeAllThreads (Deoptimize)
Event: 2.519 Executing non-safepoint VM operation: HandshakeAllThreads (Deoptimize) done
Event: 2.589 Executing non-safepoint VM operation: HandshakeAllThreads (Deoptimize)
Event: 2.589 Executing non-safepoint VM operation: HandshakeAllThreads (Deoptimize) done
Event: 2.943 Executing safepoint VM operation: CollectForMetadataAllocation (Metadata GC Threshold)
Event: 2.951 Executing safepoint VM operation: CollectForMetadataAllocation (Metadata GC Threshold) done
Event: 2.955 Executing non-safepoint VM operation: HandshakeAllThreads (Deoptimize)
Event: 2.955 Executing non-safepoint VM operation: HandshakeAllThreads (Deoptimize) done
Event: 2.965 Executing safepoint VM operation: CollectForMetadataAllocation (Metadata GC Threshold)
Event: 2.969 Executing safepoint VM operation: CollectForMetadataAllocation (Metadata GC Threshold) done
Event: 2.989 Executing safepoint VM operation: CollectForMetadataAllocation (Metadata GC Threshold)
Event: 2.992 Executing safepoint VM operation: CollectForMetadataAllocation (Metadata GC Threshold) done
Event: 2.998 Executing safepoint VM operation: G1PauseRemark
Event: 3.000 Executing safepoint VM operation: G1PauseRemark done
Event: 3.002 Executing safepoint VM operation: G1PauseCleanup
Event: 3.002 Executing safepoint VM operation: G1PauseCleanup done

Memory protections (0 events):
No events

Nmethod flushes (20 events):
Event: 2.999 Thread 0x00000213d2396b60 flushing  nmethod 0x00000213bf2b5688
Event: 2.999 Thread 0x00000213d2396b60 flushing  nmethod 0x00000213bf2b6e08
Event: 2.999 Thread 0x00000213d2396b60 flushing  nmethod 0x00000213bf2b7f08
Event: 2.999 Thread 0x00000213d2396b60 flushing  nmethod 0x00000213bf2e2508
Event: 2.999 Thread 0x00000213d2396b60 flushing  nmethod 0x00000213bf2e4d08
Event: 2.999 Thread 0x00000213d2396b60 flushing  nmethod 0x00000213bf2e5988
Event: 2.999 Thread 0x00000213d2396b60 flushing  nmethod 0x00000213bf35fb08
Event: 2.999 Thread 0x00000213d2396b60 flushing  nmethod 0x00000213bf360d88
Event: 2.999 Thread 0x00000213d2396b60 flushing  nmethod 0x00000213bf361608
Event: 2.999 Thread 0x00000213d2396b60 flushing  nmethod 0x00000213bf39d888
Event: 2.999 Thread 0x00000213d2396b60 flushing  nmethod 0x00000213bf39db88
Event: 2.999 Thread 0x00000213d2396b60 flushing  nmethod 0x00000213bf39de88
Event: 2.999 Thread 0x00000213d2396b60 flushing  nmethod 0x00000213bf3a1d88
Event: 2.999 Thread 0x00000213d2396b60 flushing  nmethod 0x00000213bf3ec508
Event: 2.999 Thread 0x00000213d2396b60 flushing  nmethod 0x00000213bf3ec808
Event: 2.999 Thread 0x00000213d2396b60 flushing  nmethod 0x00000213bf3ed908
Event: 2.999 Thread 0x00000213d2396b60 flushing  nmethod 0x00000213bf423d88
Event: 2.999 Thread 0x00000213d2396b60 flushing  nmethod 0x00000213bf424388
Event: 2.999 Thread 0x00000213d2396b60 flushing  nmethod 0x00000213bf475a88
Event: 2.999 Thread 0x00000213d2396b60 flushing  nmethod 0x00000213bf530808

Events (20 events):
Event: 0.274 Thread 0x00000213d23bf370 Thread added: 0x00000213d26db060
Event: 1.287 Thread 0x00000213b6955f10 Thread added: 0x00000213d25bfbe0
Event: 1.412 Thread 0x00000213b6955f10 Thread added: 0x00000213d873b740
Event: 1.438 Thread 0x00000213b6955f10 Thread added: 0x00000213d873af70
Event: 1.472 Thread 0x00000213d873b740 Thread added: 0x00000213d8739800
Event: 1.474 Thread 0x00000213d8739800 Thread added: 0x00000213d873d680
Event: 1.492 Thread 0x00000213d8739800 Thread added: 0x00000213d873a7a0
Event: 1.497 Thread 0x00000213d8739800 Thread added: 0x00000213d873edf0
Event: 1.502 Thread 0x00000213d873edf0 Thread added: 0x00000213d873fd90
Event: 1.511 Thread 0x00000213d873edf0 Thread added: 0x00000213d8824760
Event: 1.514 Thread 0x00000213d873edf0 Thread added: 0x00000213d8824f30
Event: 1.730 Thread 0x00000213d873edf0 Thread added: 0x00000213d88285e0
Event: 1.734 Thread 0x00000213d873edf0 Thread added: 0x00000213d882a520
Event: 1.761 Thread 0x00000213d873edf0 Thread added: 0x00000213d8ee0440
Event: 2.291 Thread 0x00000213d873edf0 Thread added: 0x00000213d8ee2b50
Event: 2.299 Thread 0x00000213d873edf0 Thread added: 0x00000213d8ee3320
Event: 2.536 Thread 0x00000213d873edf0 Thread added: 0x00000213d8ee4a90
Event: 2.559 Thread 0x00000213d873edf0 Thread added: 0x00000213d8ee3af0
Event: 2.703 Thread 0x00000213d873edf0 Thread added: 0x00000213d8ee6200
Event: 2.738 Thread 0x00000213d873edf0 Thread added: 0x00000213da1dff40


Dynamic libraries:
0x00007ff745570000 - 0x00007ff74557e000 	C:\Users\w1812\.jdks\openjdk-25.0.1\bin\java.exe
0x00007ffeefd00000 - 0x00007ffeeff68000 	C:\Windows\SYSTEM32\ntdll.dll
0x00007ffeeed00000 - 0x00007ffeeedc9000 	C:\Windows\System32\KERNEL32.DLL
0x00007ffeed080000 - 0x00007ffeed478000 	C:\Windows\System32\KERNELBASE.dll
0x00007ffeed8c0000 - 0x00007ffeeda0b000 	C:\Windows\System32\ucrtbase.dll
0x00007ffee79e0000 - 0x00007ffee79fe000 	C:\Users\w1812\.jdks\openjdk-25.0.1\bin\VCRUNTIME140.dll
0x00007ffed9900000 - 0x00007ffed9917000 	C:\Users\w1812\.jdks\openjdk-25.0.1\bin\jli.dll
0x00007ffeefaf0000 - 0x00007ffeefcb7000 	C:\Windows\System32\USER32.dll
0x00007ffeed720000 - 0x00007ffeed747000 	C:\Windows\System32\win32u.dll
0x00007ffeeebd0000 - 0x00007ffeeebfb000 	C:\Windows\System32\GDI32.dll
0x00007ffeed480000 - 0x00007ffeed5ac000 	C:\Windows\System32\gdi32full.dll
0x00007ffed26e0000 - 0x00007ffed2974000 	C:\Windows\WinSxS\amd64_microsoft.windows.common-controls_6595b64144ccf1df_6.0.26100.7019_none_3e06ffa0e335b8a8\COMCTL32.dll
0x00007ffeecfd0000 - 0x00007ffeed073000 	C:\Windows\System32\msvcp_win.dll
0x00007ffeef100000 - 0x00007ffeef1a9000 	C:\Windows\System32\msvcrt.dll
0x00007ffeedac0000 - 0x00007ffeedaf1000 	C:\Windows\System32\IMM32.DLL
0x00007ffedb540000 - 0x00007ffedb54c000 	C:\Users\w1812\.jdks\openjdk-25.0.1\bin\vcruntime140_1.dll
0x00007ffebf8d0000 - 0x00007ffebf95d000 	C:\Users\w1812\.jdks\openjdk-25.0.1\bin\msvcp140.dll
0x00007ffe97090000 - 0x00007ffe97eef000 	C:\Users\w1812\.jdks\openjdk-25.0.1\bin\server\jvm.dll
0x00007ffeeedd0000 - 0x00007ffeeee84000 	C:\Windows\System32\ADVAPI32.dll
0x00007ffeeec00000 - 0x00007ffeeeca6000 	C:\Windows\System32\sechost.dll
0x00007ffeedb10000 - 0x00007ffeedc28000 	C:\Windows\System32\RPCRT4.dll
0x00007ffeee880000 - 0x00007ffeee8f4000 	C:\Windows\System32\WS2_32.dll
0x00007ffee19e0000 - 0x00007ffee1a15000 	C:\Windows\SYSTEM32\WINMM.dll
0x00007ffed96e0000 - 0x00007ffed96eb000 	C:\Windows\SYSTEM32\VERSION.dll
0x00007ffeeccb0000 - 0x00007ffeecd0e000 	C:\Windows\SYSTEM32\POWRPROF.dll
0x00007ffeecc90000 - 0x00007ffeecca4000 	C:\Windows\SYSTEM32\UMPDC.dll
0x00007ffeebc10000 - 0x00007ffeebc2b000 	C:\Windows\SYSTEM32\kernel.appcore.dll
0x00007ffedb4e0000 - 0x00007ffedb4ea000 	C:\Users\w1812\.jdks\openjdk-25.0.1\bin\jimage.dll
0x00007ffeea540000 - 0x00007ffeea782000 	C:\Windows\SYSTEM32\DBGHELP.DLL
0x00007ffeef1b0000 - 0x00007ffeef53b000 	C:\Windows\System32\combase.dll
0x00007ffeef890000 - 0x00007ffeef967000 	C:\Windows\System32\OLEAUT32.dll
0x00007ffed96a0000 - 0x00007ffed96dc000 	C:\Windows\SYSTEM32\dbgcore.DLL
0x00007ffeed670000 - 0x00007ffeed715000 	C:\Windows\System32\bcryptPrimitives.dll
0x00007ffedb3a0000 - 0x00007ffedb3b0000 	C:\Users\w1812\.jdks\openjdk-25.0.1\bin\instrument.dll
0x00007ffed98e0000 - 0x00007ffed98ff000 	C:\Users\w1812\.jdks\openjdk-25.0.1\bin\java.dll
0x00007ffeee990000 - 0x00007ffeeeb27000 	C:\Windows\System32\ole32.dll
0x00007ffeee0c0000 - 0x00007ffeee80f000 	C:\Windows\System32\SHELL32.dll
0x00007ffeed750000 - 0x00007ffeed8bb000 	C:\Windows\System32\wintypes.dll
0x00007ffeeaa70000 - 0x00007ffeeb2cd000 	C:\Windows\SYSTEM32\windows.storage.dll
0x00007ffeeee90000 - 0x00007ffeeef82000 	C:\Windows\System32\SHCORE.dll
0x00007ffeeeb60000 - 0x00007ffeeebc7000 	C:\Windows\System32\shlwapi.dll
0x00007ffeecd70000 - 0x00007ffeecd99000 	C:\Windows\SYSTEM32\profapi.dll
0x00007ffec2f90000 - 0x00007ffec2fa7000 	C:\Users\w1812\.jdks\openjdk-25.0.1\bin\zip.dll
0x00007ffec2f70000 - 0x00007ffec2f82000 	C:\Users\w1812\.jdks\openjdk-25.0.1\bin\net.dll
0x00007ffeec180000 - 0x00007ffeec1eb000 	C:\Windows\system32\mswsock.dll
0x00007ffec2aa0000 - 0x00007ffec2ab6000 	C:\Users\w1812\.jdks\openjdk-25.0.1\bin\nio.dll
0x00007ffedafb0000 - 0x00007ffedafc0000 	C:\Users\w1812\.jdks\openjdk-25.0.1\bin\verify.dll
0x00007ffec05b0000 - 0x00007ffec05d7000 	D:\workspace\github\spring-framework\buildSrc\build\tmp\test\work\.gradle-test-kit\native\660c5614fbf4a5f2a75b1949f50a0caf5cd603558e7d8a26e50b933a0cfb79d1\windows-amd64\native-platform.dll
0x00007ffebdd50000 - 0x00007ffebddc7000 	D:\workspace\github\spring-framework\buildSrc\build\tmp\test\work\.gradle-test-kit\native\0.2.8\x86_64-windows-gnu\gradle-fileevents.dll
0x00007ffed98d0000 - 0x00007ffed98da000 	C:\Users\w1812\.jdks\openjdk-25.0.1\bin\management.dll
0x00007ffed7d00000 - 0x00007ffed7d0c000 	C:\Users\w1812\.jdks\openjdk-25.0.1\bin\management_ext.dll
0x00007ffeeef90000 - 0x00007ffeeef98000 	C:\Windows\System32\PSAPI.DLL
0x00007ffeeb750000 - 0x00007ffeeb784000 	C:\Windows\SYSTEM32\IPHLPAPI.DLL
0x00007ffeedab0000 - 0x00007ffeedaba000 	C:\Windows\System32\NSI.dll
0x00007ffec71a0000 - 0x00007ffec71a9000 	C:\Users\w1812\.jdks\openjdk-25.0.1\bin\extnet.dll
0x00007ffeec440000 - 0x00007ffeec45b000 	C:\Windows\SYSTEM32\CRYPTSP.dll
0x00007ffeebb70000 - 0x00007ffeebbaa000 	C:\Windows\system32\rsaenh.dll
0x00007ffeec230000 - 0x00007ffeec25b000 	C:\Windows\SYSTEM32\USERENV.dll
0x00007ffeecd40000 - 0x00007ffeecd6a000 	C:\Windows\SYSTEM32\bcrypt.dll
0x00007ffeec460000 - 0x00007ffeec46c000 	C:\Windows\SYSTEM32\CRYPTBASE.dll
0x00007ffec2ef0000 - 0x00007ffec2efe000 	C:\Users\w1812\.jdks\openjdk-25.0.1\bin\sunmscapi.dll
0x00007ffeece50000 - 0x00007ffeecfc7000 	C:\Windows\System32\CRYPT32.dll
0x00007ffeec660000 - 0x00007ffeec690000 	C:\Windows\SYSTEM32\ncrypt.dll
0x00007ffeec610000 - 0x00007ffeec64f000 	C:\Windows\SYSTEM32\NTASN1.dll
0x00007ffed7070000 - 0x00007ffed7078000 	C:\Windows\system32\wshunix.dll

JVMTI agents:
C:\Users\w1812\.gradle\wrapper\dists\gradle-9.2.1-bin\2t0n5ozlw9xmuyvbp7dnzaxug\gradle-9.2.1\lib\agents\gradle-instrumentation-agent-9.2.1.jar path:C:\Users\w1812\.jdks\openjdk-25.0.1\bin\instrument.dll, loaded, initialized, instrumentlib options:none

dbghelp: loaded successfully - version: 4.0.5 - missing functions: none
symbol engine: initialized successfully - sym options: 0x614 - pdb path: .;C:\Users\w1812\.jdks\openjdk-25.0.1\bin;C:\Windows\SYSTEM32;C:\Windows\WinSxS\amd64_microsoft.windows.common-controls_6595b64144ccf1df_6.0.26100.7019_none_3e06ffa0e335b8a8;C:\Users\w1812\.jdks\openjdk-25.0.1\bin\server;D:\workspace\github\spring-framework\buildSrc\build\tmp\test\work\.gradle-test-kit\native\660c5614fbf4a5f2a75b1949f50a0caf5cd603558e7d8a26e50b933a0cfb79d1\windows-amd64;D:\workspace\github\spring-framework\buildSrc\build\tmp\test\work\.gradle-test-kit\native\0.2.8\x86_64-windows-gnu

VM Arguments:
jvm_args: --add-opens=java.base/java.lang=ALL-UNNAMED --add-opens=java.base/java.lang.invoke=ALL-UNNAMED --add-opens=java.base/java.util=ALL-UNNAMED --add-opens=java.prefs/java.util.prefs=ALL-UNNAMED --add-exports=jdk.compiler/com.sun.tools.javac.api=ALL-UNNAMED --add-exports=jdk.compiler/com.sun.tools.javac.util=ALL-UNNAMED --add-opens=java.base/java.util=ALL-UNNAMED --add-opens=java.prefs/java.util.prefs=ALL-UNNAMED --add-opens=java.base/java.nio.charset=ALL-UNNAMED --add-opens=java.base/java.net=ALL-UNNAMED --add-opens=java.base/java.util.concurrent=ALL-UNNAMED --add-opens=java.base/java.util.concurrent.atomic=ALL-UNNAMED --add-opens=java.xml/javax.xml.namespace=ALL-UNNAMED --add-opens=java.base/java.time=ALL-UNNAMED --enable-native-access=ALL-UNNAMED -XX:MaxMetaspaceSize=384m -XX:+HeapDumpOnOutOfMemoryError -Xms256m -Xmx512m -Dfile.encoding=UTF-8 -Duser.country=CN -Duser.language=zh -Duser.variant -javaagent:C:\Users\w1812\.gradle\wrapper\dists\gradle-9.2.1-bin\2t0n5ozlw9xmuyvbp7dnzaxug\gradle-9.2.1\lib\agents\gradle-instrumentation-agent-9.2.1.jar 
java_command: org.gradle.launcher.daemon.bootstrap.GradleDaemon 9.2.1
java_class_path (initial): C:\Users\w1812\.gradle\wrapper\dists\gradle-9.2.1-bin\2t0n5ozlw9xmuyvbp7dnzaxug\gradle-9.2.1\lib\gradle-daemon-main-9.2.1.jar
Launcher Type: SUN_STANDARD

[Global flags]
     intx CICompilerCount                          = 12                                        {product} {ergonomic}
   size_t CompressedClassSpaceSize                 = 335544320                                 {product} {ergonomic}
     uint ConcGCThreads                            = 3                                         {product} {ergonomic}
     uint G1ConcRefinementThreads                  = 13                                        {product} {ergonomic}
   size_t G1HeapRegionSize                         = 1048576                                   {product} {ergonomic}
     bool HeapDumpOnOutOfMemoryError               = true                                   {manageable} {command line}
   size_t InitialHeapSize                          = 268435456                                 {product} {command line}
   size_t MarkStackSize                            = 4194304                                   {product} {ergonomic}
   size_t MarkStackSizeMax                         = 536870912                                 {product} {ergonomic}
   size_t MaxHeapSize                              = 536870912                                 {product} {command line}
   size_t MaxMetaspaceSize                         = 402653184                                 {product} {command line}
   size_t MaxNewSize                               = 321912832                                 {product} {ergonomic}
   size_t MinHeapDeltaBytes                        = 1048576                                   {product} {ergonomic}
   size_t MinHeapSize                              = 268435456                                 {product} {command line}
    uintx NonNMethodCodeHeapSize                   = 7602176                                {pd product} {ergonomic}
    uintx NonProfiledCodeHeapSize                  = 122093568                              {pd product} {ergonomic}
    uintx ProfiledCodeHeapSize                     = 121962496                              {pd product} {ergonomic}
    uintx ReservedCodeCacheSize                    = 251658240                              {pd product} {ergonomic}
     bool SegmentedCodeCache                       = true                                      {product} {ergonomic}
   size_t SoftMaxHeapSize                          = 536870912                              {manageable} {ergonomic}
     bool UseCompressedOops                        = true                           {product lp64_product} {ergonomic}
     bool UseG1GC                                  = true                                      {product} {ergonomic}
     bool UseLargePagesIndividualAllocation        = false                                  {pd product} {ergonomic}

Logging:
Log output configuration:
 #0: stdout all=warning uptime,level,tags foldmultilines=false
 #1: stderr all=off uptime,level,tags foldmultilines=false

Release file:
IMPLEMENTOR="Oracle Corporation" 
JAVA_RUNTIME_VERSION="25.0.1+8-27" 
JAVA_VERSION="25.0.1" 
JAVA_VERSION_DATE="2025-10-21" 
LIBC="default" 
MODULES="java.base java.compiler java.datatransfer java.xml java.prefs java.desktop java.instrument java.logging java.management java.security.sasl java.naming java.rmi java.management.rmi java.net.http java.scripting java.security.jgss java.transaction.xa java.sql java.sql.rowset java.xml.crypto java.se java.smartcardio jdk.accessibility jdk.internal.jvmstat jdk.attach jdk.charsets jdk.internal.opt jdk.zipfs jdk.compiler jdk.crypto.cryptoki jdk.crypto.ec jdk.crypto.mscapi jdk.dynalink jdk.internal.ed jdk.editpad jdk.internal.vm.ci jdk.graal.compiler jdk.graal.compiler.management jdk.hotspot.agent jdk.httpserver jdk.incubator.vector jdk.internal.le jdk.internal.md jdk.jartool jdk.javadoc jdk.jcmd jdk.management jdk.management.agent jdk.jconsole jdk.jdeps jdk.jdwp.agent jdk.jdi jdk.jfr jdk.jlink jdk.jpackage jdk.jshell jdk.jsobject jdk.jstatd jdk.localedata jdk.management.jfr jdk.naming.dns jdk.naming.rmi jdk.net jdk.nio.mapmode jdk.sctp jdk.security.auth jdk.security.jgss jdk.unsupported jdk.unsupported.desktop jdk.xml.dom" 
OS_ARCH="x86_64" 
OS_NAME="Windows" 
SOURCE=".:git:78770bfaefd2" 

Environment Variables:
PATH=D:\software\Vmware\bin\;C:\Program Files\Common Files\Oracle\Java\javapath;C:\Program Files (x86)\Common Files\Oracle\Java\javapath;C:\Windows\system32;C:\Windows;C:\Windows\System32\Wbem;C:\Windows\System32\WindowsPowerShell\v1.0\;C:\Windows\System32\OpenSSH\;D:\software\Git\cmd;D:\software\nvm;D:\software\nvm\nodejs;D:\software\Go\bin;C:\Program Files\TortoiseGit\bin;C:\Program Files\dotnet\;d:\software\Trae-international\bin;D:\software\python\Scripts\;D:\software\python\;C:\Users\w1812\AppData\Local\Programs\Python\Launcher\;C:\Users\w1812\AppData\Local\Microsoft\WindowsApps;D:\software\Microsoft VS Code\bin;D:\software\IntelliJ IDEA 2025.1.2\bin;D:\software\cursor\resources\app\bin;D:\software\nvm;D:\software\nvm\nodejs;C:\Users\w1812\go\bin;D:\software\DataGrip 2025.2.3\bin;D:\software\WebStorm 2025.2\bin;D:\workspace\HL\maven\apache-maven-3.9.6\bin;
USERNAME=w1812
OS=Windows_NT
PROCESSOR_IDENTIFIER=Intel64 Family 6 Model 186 Stepping 2, GenuineIntel
TMP=C:\Users\w1812\AppData\Local\Temp
TEMP=C:\Users\w1812\AppData\Local\Temp




Compilation memory statistics disabled.

Periodic native trim disabled

---------------  S Y S T E M  ---------------

OS:
 Windows 11 , 64 bit Build 26100 (10.0.26100.7019)
OS uptime: 5 days 22:49 hours
Hyper-V role detected

CPU: total 16 (initial active 16) (8 cores per cpu, 2 threads per core) family 6 model 186 stepping 2 microcode 0x410e, cx8, cmov, fxsr, ht, mmx, 3dnowpref, sse, sse2, sse3, ssse3, sse4.1, sse4.2, popcnt, lzcnt, tsc, tscinvbit, avx, avx2, aes, erms, clmul, bmi1, bmi2, adx, sha, fma, vzeroupper, clflush, clflushopt, clwb, hv, serialize, rdtscp, rdpid, fsrm, gfni, f16c, cet_ibt, cet_ss
Processor Information for processor 0
  Max Mhz: 2600, Current Mhz: 2600, Mhz Limit: 2600
Processor Information for processor 1
  Max Mhz: 2600, Current Mhz: 2600, Mhz Limit: 2600
Processor Information for processor 2
  Max Mhz: 2600, Current Mhz: 2600, Mhz Limit: 2600
Processor Information for processor 3
  Max Mhz: 2600, Current Mhz: 2600, Mhz Limit: 2600
Processor Information for processor 4
  Max Mhz: 2600, Current Mhz: 2600, Mhz Limit: 2600
Processor Information for processor 5
  Max Mhz: 2600, Current Mhz: 2600, Mhz Limit: 2600
Processor Information for processor 6
  Max Mhz: 2600, Current Mhz: 2600, Mhz Limit: 2600
Processor Information for processor 7
  Max Mhz: 2600, Current Mhz: 2600, Mhz Limit: 2600
Processor Information for processor 8
  Max Mhz: 2600, Current Mhz: 2600, Mhz Limit: 2600
Processor Information for processor 9
  Max Mhz: 2600, Current Mhz: 2600, Mhz Limit: 2600
Processor Information for processor 10
  Max Mhz: 2600, Current Mhz: 1505, Mhz Limit: 2600
Processor Information for processor 11
  Max Mhz: 2600, Current Mhz: 2600, Mhz Limit: 2600
Processor Information for processor 12
  Max Mhz: 2600, Current Mhz: 2600, Mhz Limit: 2600
Processor Information for processor 13
  Max Mhz: 2600, Current Mhz: 2600, Mhz Limit: 2600
Processor Information for processor 14
  Max Mhz: 2600, Current Mhz: 2600, Mhz Limit: 2600
Processor Information for processor 15
  Max Mhz: 2600, Current Mhz: 2600, Mhz Limit: 2600

Memory: 4k page, system-wide physical 16123M (701M free)
TotalPageFile size 41723M (AvailPageFile size 303M)
current process WorkingSet (physical memory assigned to process): 314M, peak: 314M
current process commit charge ("private bytes"): 466M, peak: 470M

vm_info: OpenJDK 64-Bit Server VM (25.0.1+8-27) for windows-amd64 JRE (25.0.1+8-27), built on 2025-09-25T16:41:16Z with unknown MS VC++:1943

END.
